 ctrl.inp :: CARD A is being read...
    CTRL  READ COMPLETE..
    Multi-group Energy Mode...
    XS    READ COMPLETE..
    geom.inp :: GEOMETRY CARD is being read..., LOOP #:           0
 Surf #:          13
 Cell #:          17
 Univ #:           8
 Latt #:           1
 Reading is done...
 Surf #:          13
 Cell #:          17
 Univ #:           8
 Latt #:           1
 Step2 is done...
 Surf #:          13
 Cell #:          17
 Univ #:           8
 Latt #:           1
 Step3 is done...
 Surf #:          13
 Cell #:          17
 Univ #:           8
 Latt #:           1
 Step4 is done...
 Surf #:          13
 Cell #:          17
 Univ #:           8
 Latt #:           1
 Step5 is done...
 Surf #:          13
 Cell #:          17
 Univ #:           8
 Latt #:           1
 TST2
 Surf #:          13
 Cell #:          17
 Univ #:           8
 Latt #:           1
    GEOM  READ COMPLETE..
     Time to read geom.inp [s]:  1.505136489868164E-003
    ADJOINT SPECTRUM     TALLY
    Initializing Source...
    Source Initializing Complete...
 
 
  > Num of Threads per Node          40
  > Num of MPI Nodes                  6
  > Num of Histories per Cycle   200000
  > Skip Cycles:   50  /  Active Cycles:  200
 
  > m-PRUP is OFF
  > FMFD is OFF
 
    Transport Simulation Starts...
       1     2.66 sec   0.00000  |  keff  1.35669
       2     2.70 sec   0.00000  |  keff  1.32543
       3     2.05 sec   0.00000  |  keff  1.32526
       4     2.11 sec   0.00000  |  keff  1.32512
       5     2.03 sec   0.00000  |  keff  1.32496
       6     2.05 sec   0.00000  |  keff  1.32624
       7     2.03 sec   0.00000  |  keff  1.32507
       8     2.05 sec   0.00000  |  keff  1.32501
       9     2.04 sec   0.00000  |  keff  1.32555
      10     2.08 sec   0.00000  |  keff  1.32631
      11     2.04 sec   0.00000  |  keff  1.32429
      12     2.06 sec   0.00000  |  keff  1.32587
      13     2.01 sec   0.00000  |  keff  1.32528
      14     2.08 sec   0.00000  |  keff  1.32496
      15     2.07 sec   0.00000  |  keff  1.32475
      16     2.05 sec   0.00000  |  keff  1.32581
      17     2.07 sec   0.00000  |  keff  1.32621
      18     2.10 sec   0.00000  |  keff  1.32625
      19     2.10 sec   0.00000  |  keff  1.32496
      20     2.06 sec   0.00000  |  keff  1.32484
      21     2.07 sec   0.00000  |  keff  1.32510
      22     2.04 sec   0.00000  |  keff  1.32395
      23     2.03 sec   0.00000  |  keff  1.32515
      24     2.06 sec   0.00000  |  keff  1.32439
      25     2.06 sec   0.00000  |  keff  1.32504
      26     2.05 sec   0.00000  |  keff  1.32659
      27     2.05 sec   0.00000  |  keff  1.32418
      28     2.03 sec   0.00000  |  keff  1.32600
      29     2.10 sec   0.00000  |  keff  1.32492
      30     2.11 sec   0.00000  |  keff  1.32482
      31     2.04 sec   0.00000  |  keff  1.32545
      32     2.04 sec   0.00000  |  keff  1.32521
      33     2.08 sec   0.00000  |  keff  1.32428
      34     2.07 sec   0.00000  |  keff  1.32576
      35     2.08 sec   0.00000  |  keff  1.32450
      36     2.07 sec   0.00000  |  keff  1.32563
      37     2.02 sec   0.00000  |  keff  1.32451
      38     2.05 sec   0.00000  |  keff  1.32386
      39     2.04 sec   0.00000  |  keff  1.32500
      40     2.03 sec   0.00000  |  keff  1.32374
      41     2.03 sec   0.00000  |  keff  1.32604
      42     2.04 sec   0.00000  |  keff  1.32642
      43     2.08 sec   0.00000  |  keff  1.32458
      44     2.07 sec   0.00000  |  keff  1.32456
      45     2.05 sec   0.00000  |  keff  1.32702
      46     2.06 sec   0.00000  |  keff  1.32482
      47     2.06 sec   0.00000  |  keff  1.32588
      48     2.08 sec   0.00000  |  keff  1.32533
      49     2.07 sec   0.00000  |  keff  1.32633
      50     2.07 sec   0.00000  |  keff  1.32515
      51     2.38 sec   0.00000  |  keff  1.32493   avg  1.32493   SD    0.000
      52     2.37 sec   0.00000  |  keff  1.32605   avg  1.32549   SD   55.962
      53     2.36 sec   0.00000  |  keff  1.32532   avg  1.32544   SD   32.819
      54     2.44 sec   0.00000  |  keff  1.32677   avg  1.32577   SD   40.541
      55     2.39 sec   0.00000  |  keff  1.32464   avg  1.32554   SD   38.720
      56     2.36 sec   0.00000  |  keff  1.32527   avg  1.32550   SD   31.936
      57     2.35 sec   0.00000  |  keff  1.32674   avg  1.32567   SD   32.290
      58     2.51 sec   0.00000  |  keff  1.32652   avg  1.32578   SD   29.914
      59     2.36 sec   0.00000  |  keff  1.32571   avg  1.32577   SD   26.394
      60     2.35 sec   0.00000  |  keff  1.32498   avg  1.32569   SD   24.900
      61     3.53 sec   0.00000  |  keff  1.32490   avg  1.32562   SD   23.659
      62     3.46 sec   0.00000  |  keff  1.32565   avg  1.32562   SD   21.599
      63     3.54 sec   0.00000  |  keff  1.32623   avg  1.32567   SD   20.412
      64     3.47 sec   0.00000  |  keff  1.32467   avg  1.32560   SD   20.196
      65     3.42 sec   0.00000  |  keff  1.32633   avg  1.32565   SD   19.426
      66     3.42 sec   0.00000  |  keff  1.32463   avg  1.32558   SD   19.260
      67     3.43 sec   0.00000  |  keff  1.32679   avg  1.32565   SD   19.428
      68     3.41 sec   0.00000  |  keff  1.32407   avg  1.32557   SD   20.312
      69     3.45 sec   0.00000  |  keff  1.32539   avg  1.32556   SD   19.236
      70     3.49 sec   0.00000  |  keff  1.32437   avg  1.32550   SD   19.195
      71     5.31 sec   0.00000  |  keff  1.32574   avg  1.32551   SD   18.295
      72     5.35 sec   0.00000  |  keff  1.32623   avg  1.32554   SD   17.750
      73     5.43 sec   0.00000  |  keff  1.32551   avg  1.32554   SD   16.961
      74     5.39 sec   0.00000  |  keff  1.32560   avg  1.32554   SD   16.241
      75     5.46 sec   0.00000  |  keff  1.32524   avg  1.32553   SD   15.625
      76     5.40 sec   0.00000  |  keff  1.32641   avg  1.32557   SD   15.388
      77     5.27 sec   0.00000  |  keff  1.32375   avg  1.32550   SD   16.260
      78     5.34 sec   0.00000  |  keff  1.32583   avg  1.32551   SD   15.714
      79     5.48 sec   0.00000  |  keff  1.32566   avg  1.32552   SD   15.172
      80     5.59 sec   0.00000  |  keff  1.32466   avg  1.32549   SD   14.931
      81     5.57 sec   0.00000  |  keff  1.32556   avg  1.32549   SD   14.443
      82     5.44 sec   0.00000  |  keff  1.32555   avg  1.32549   SD   13.986
      83     5.27 sec   0.00000  |  keff  1.32446   avg  1.32546   SD   13.910
      84     5.42 sec   0.00000  |  keff  1.32450   avg  1.32543   SD   13.786
      85     5.50 sec   0.00000  |  keff  1.32479   avg  1.32541   SD   13.511
      86     5.46 sec   0.00000  |  keff  1.32663   avg  1.32545   SD   13.560
      87     5.43 sec   0.00000  |  keff  1.32661   avg  1.32548   SD   13.557
      88     5.37 sec   0.00000  |  keff  1.32515   avg  1.32547   SD   13.224
      89     5.35 sec   0.00000  |  keff  1.32513   avg  1.32546   SD   12.910
      90     5.28 sec   0.00000  |  keff  1.32590   avg  1.32547   SD   12.632
      91     5.43 sec   0.00000  |  keff  1.32560   avg  1.32548   SD   12.324
      92     5.59 sec   0.00000  |  keff  1.32544   avg  1.32547   SD   12.027
      93     5.51 sec   0.00000  |  keff  1.32493   avg  1.32546   SD   11.813
      94     5.35 sec   0.00000  |  keff  1.32558   avg  1.32546   SD   11.544
      95     5.44 sec   0.00000  |  keff  1.32538   avg  1.32546   SD   11.287
      96     5.48 sec   0.00000  |  keff  1.32534   avg  1.32546   SD   11.042
      97     5.21 sec   0.00000  |  keff  1.32547   avg  1.32546   SD   10.804
      98     5.21 sec   0.00000  |  keff  1.32448   avg  1.32544   SD   10.772
      99     5.20 sec   0.00000  |  keff  1.32523   avg  1.32544   SD   10.559
     100     5.19 sec   0.00000  |  keff  1.32554   avg  1.32544   SD   10.347
     101     5.40 sec   0.00000  |  keff  1.32509   avg  1.32543   SD   10.166
     102     5.38 sec   0.00000  |  keff  1.32516   avg  1.32543   SD    9.982
     103     5.49 sec   0.00000  |  keff  1.32487   avg  1.32542   SD    9.848
     104     5.43 sec   0.00000  |  keff  1.32593   avg  1.32542   SD    9.712
     105     5.47 sec   0.00000  |  keff  1.32589   avg  1.32543   SD    9.571
     106     5.38 sec   0.00000  |  keff  1.32507   avg  1.32543   SD    9.421
     107     5.27 sec   0.00000  |  keff  1.32576   avg  1.32543   SD    9.273
     108     5.16 sec   0.00000  |  keff  1.32578   avg  1.32544   SD    9.132
     109     5.17 sec   0.00000  |  keff  1.32552   avg  1.32544   SD    8.976
     110     5.22 sec   0.00000  |  keff  1.32496   avg  1.32543   SD    8.861
     111     5.16 sec   0.00000  |  keff  1.32533   avg  1.32543   SD    8.717
     112     5.39 sec   0.00000  |  keff  1.32469   avg  1.32542   SD    8.658
     113     5.25 sec   0.00000  |  keff  1.32509   avg  1.32541   SD    8.535
     114     5.47 sec   0.00000  |  keff  1.32453   avg  1.32540   SD    8.513
     115     5.44 sec   0.00000  |  keff  1.32427   avg  1.32538   SD    8.561
     116     5.54 sec   0.00000  |  keff  1.32517   avg  1.32538   SD    8.436
     117     5.47 sec   0.00000  |  keff  1.32569   avg  1.32538   SD    8.323
     118     5.50 sec   0.00000  |  keff  1.32581   avg  1.32539   SD    8.224
     119     5.54 sec   0.00000  |  keff  1.32512   avg  1.32539   SD    8.113
     120     5.49 sec   0.00000  |  keff  1.32527   avg  1.32538   SD    7.998
     121     5.52 sec   0.00000  |  keff  1.32622   avg  1.32540   SD    7.971
     122     5.50 sec   0.00000  |  keff  1.32586   avg  1.32540   SD    7.887
     123     5.46 sec   0.00000  |  keff  1.32713   avg  1.32543   SD    8.129
     124     5.50 sec   0.00000  |  keff  1.32513   avg  1.32542   SD    8.028
     125     5.40 sec   0.00000  |  keff  1.32552   avg  1.32542   SD    7.921
     126     5.47 sec   0.00000  |  keff  1.32483   avg  1.32542   SD    7.856
     127     5.53 sec   0.00000  |  keff  1.32524   avg  1.32541   SD    7.756
     128     5.49 sec   0.00000  |  keff  1.32505   avg  1.32541   SD    7.671
     129     5.55 sec   0.00000  |  keff  1.32577   avg  1.32541   SD    7.587
     130     5.52 sec   0.00000  |  keff  1.32546   avg  1.32541   SD    7.492
     131     5.44 sec   0.00000  |  keff  1.32561   avg  1.32542   SD    7.402
     132     5.52 sec   0.00000  |  keff  1.32517   avg  1.32541   SD    7.318
     133     5.47 sec   0.00000  |  keff  1.32495   avg  1.32541   SD    7.250
     134     5.29 sec   0.00000  |  keff  1.32586   avg  1.32541   SD    7.184
     135     5.42 sec   0.00000  |  keff  1.32480   avg  1.32541   SD    7.136
     136     5.33 sec   0.00000  |  keff  1.32499   avg  1.32540   SD    7.069
     137     5.28 sec   0.00000  |  keff  1.32589   avg  1.32541   SD    7.010
     138     5.29 sec   0.00000  |  keff  1.32597   avg  1.32541   SD    6.960
     139     5.26 sec   0.00000  |  keff  1.32432   avg  1.32540   SD    6.990
     140     5.30 sec   0.00000  |  keff  1.32624   avg  1.32541   SD    6.974
     141     5.48 sec   0.00000  |  keff  1.32554   avg  1.32541   SD    6.899
     142     5.26 sec   0.00000  |  keff  1.32578   avg  1.32541   SD    6.835
     143     5.49 sec   0.00000  |  keff  1.32395   avg  1.32540   SD    6.942
     144     5.44 sec   0.00000  |  keff  1.32531   avg  1.32540   SD    6.868
     145     5.57 sec   0.00000  |  keff  1.32526   avg  1.32540   SD    6.797
     146     5.49 sec   0.00000  |  keff  1.32523   avg  1.32540   SD    6.728
     147     5.27 sec   0.00000  |  keff  1.32643   avg  1.32541   SD    6.743
     148     5.58 sec   0.00000  |  keff  1.32611   avg  1.32541   SD    6.712
     149     5.30 sec   0.00000  |  keff  1.32584   avg  1.32542   SD    6.658
     150     5.56 sec   0.00000  |  keff  1.32487   avg  1.32541   SD    6.613
     151     5.47 sec   0.00000  |  keff  1.32599   avg  1.32542   SD    6.573
     152     5.53 sec   0.00000  |  keff  1.32594   avg  1.32542   SD    6.528
     153     5.55 sec   0.00000  |  keff  1.32492   avg  1.32542   SD    6.483
     154     5.26 sec   0.00000  |  keff  1.32541   avg  1.32542   SD    6.420
     155     5.30 sec   0.00000  |  keff  1.32545   avg  1.32542   SD    6.359
     156     5.30 sec   0.00000  |  keff  1.32551   avg  1.32542   SD    6.299
     157     5.30 sec   0.00000  |  keff  1.32519   avg  1.32542   SD    6.244
     158     5.52 sec   0.00000  |  keff  1.32483   avg  1.32541   SD    6.209
     159     5.18 sec   0.00000  |  keff  1.32497   avg  1.32541   SD    6.165
     160     5.22 sec   0.00000  |  keff  1.32611   avg  1.32541   SD    6.142
     161     5.56 sec   0.00000  |  keff  1.32543   avg  1.32541   SD    6.087
     162     5.22 sec   0.00000  |  keff  1.32599   avg  1.32542   SD    6.054
     163     5.25 sec   0.00000  |  keff  1.32415   avg  1.32541   SD    6.105
     164     5.20 sec   0.00000  |  keff  1.32404   avg  1.32540   SD    6.169
     165     5.30 sec   0.00000  |  keff  1.32663   avg  1.32541   SD    6.209
     166     5.34 sec   0.00000  |  keff  1.32538   avg  1.32541   SD    6.156
     167     5.50 sec   0.00000  |  keff  1.32570   avg  1.32541   SD    6.108
     168     5.33 sec   0.00000  |  keff  1.32485   avg  1.32540   SD    6.074
     169     5.22 sec   0.00000  |  keff  1.32529   avg  1.32540   SD    6.024
     170     5.22 sec   0.00000  |  keff  1.32666   avg  1.32541   SD    6.065
     171     5.23 sec   0.00000  |  keff  1.32521   avg  1.32541   SD    6.017
     172     5.16 sec   0.00000  |  keff  1.32529   avg  1.32541   SD    5.969
     173     5.27 sec   0.00000  |  keff  1.32559   avg  1.32541   SD    5.922
     174     5.33 sec   0.00000  |  keff  1.32546   avg  1.32541   SD    5.874
     175     5.18 sec   0.00000  |  keff  1.32466   avg  1.32541   SD    5.858
     176     5.19 sec   0.00000  |  keff  1.32559   avg  1.32541   SD    5.813
     177     5.17 sec   0.00000  |  keff  1.32500   avg  1.32540   SD    5.776
     178     5.18 sec   0.00000  |  keff  1.32627   avg  1.32541   SD    5.770
     179     5.26 sec   0.00000  |  keff  1.32568   avg  1.32541   SD    5.729
     180     5.29 sec   0.00000  |  keff  1.32471   avg  1.32541   SD    5.711
     181     5.24 sec   0.00000  |  keff  1.32505   avg  1.32541   SD    5.673
     182     5.21 sec   0.00000  |  keff  1.32593   avg  1.32541   SD    5.644
     183     5.22 sec   0.00000  |  keff  1.32529   avg  1.32541   SD    5.602
     184     5.31 sec   0.00000  |  keff  1.32604   avg  1.32541   SD    5.580
     185     5.31 sec   0.00000  |  keff  1.32545   avg  1.32541   SD    5.539
     186     5.43 sec   0.00000  |  keff  1.32475   avg  1.32541   SD    5.519
     187     5.19 sec   0.00000  |  keff  1.32606   avg  1.32541   SD    5.499
     188     5.47 sec   0.00000  |  keff  1.32518   avg  1.32541   SD    5.462
     189     5.47 sec   0.00000  |  keff  1.32449   avg  1.32541   SD    5.463
     190     5.43 sec   0.00000  |  keff  1.32568   avg  1.32541   SD    5.427
     191     5.20 sec   0.00000  |  keff  1.32454   avg  1.32540   SD    5.424
     192     5.43 sec   0.00000  |  keff  1.32643   avg  1.32541   SD    5.434
     193     5.27 sec   0.00000  |  keff  1.32524   avg  1.32541   SD    5.397
     194     5.42 sec   0.00000  |  keff  1.32485   avg  1.32540   SD    5.374
     195     5.47 sec   0.00000  |  keff  1.32575   avg  1.32541   SD    5.342
     196     5.37 sec   0.00000  |  keff  1.32608   avg  1.32541   SD    5.325
     197     5.45 sec   0.00000  |  keff  1.32494   avg  1.32541   SD    5.298
     198     5.37 sec   0.00000  |  keff  1.32524   avg  1.32541   SD    5.264
     199     5.39 sec   0.00000  |  keff  1.32581   avg  1.32541   SD    5.235
     200     5.44 sec   0.00000  |  keff  1.32519   avg  1.32541   SD    5.202
     201     5.36 sec   0.00000  |  keff  1.32491   avg  1.32540   SD    5.178
     202     5.51 sec   0.00000  |  keff  1.32519   avg  1.32540   SD    5.146
     203     5.21 sec   0.00000  |  keff  1.32563   avg  1.32540   SD    5.114
     204     5.46 sec   0.00000  |  keff  1.32508   avg  1.32540   SD    5.085
     205     5.11 sec   0.00000  |  keff  1.32520   avg  1.32540   SD    5.054
     206     5.49 sec   0.00000  |  keff  1.32561   avg  1.32540   SD    5.023
     207     5.18 sec   0.00000  |  keff  1.32483   avg  1.32540   SD    5.004
     208     5.46 sec   0.00000  |  keff  1.32493   avg  1.32540   SD    4.981
     209     5.28 sec   0.00000  |  keff  1.32506   avg  1.32539   SD    4.954
     210     5.54 sec   0.00000  |  keff  1.32542   avg  1.32539   SD    4.923
     211     5.48 sec   0.00000  |  keff  1.32523   avg  1.32539   SD    4.893
     212     5.24 sec   0.00000  |  keff  1.32601   avg  1.32540   SD    4.878
     213     5.48 sec   0.00000  |  keff  1.32571   avg  1.32540   SD    4.852
     214     5.54 sec   0.00000  |  keff  1.32601   avg  1.32540   SD    4.837
     215     5.21 sec   0.00000  |  keff  1.32582   avg  1.32540   SD    4.814
     216     5.44 sec   0.00000  |  keff  1.32577   avg  1.32541   SD    4.790
     217     5.22 sec   0.00000  |  keff  1.32409   avg  1.32540   SD    4.826
     218     5.50 sec   0.00000  |  keff  1.32573   avg  1.32540   SD    4.801
     219     5.42 sec   0.00000  |  keff  1.32600   avg  1.32540   SD    4.786
     220     5.24 sec   0.00000  |  keff  1.32557   avg  1.32541   SD    4.759
     221     5.24 sec   0.00000  |  keff  1.32534   avg  1.32540   SD    4.731
     222     5.18 sec   0.00000  |  keff  1.32737   avg  1.32542   SD    4.840
     223     5.20 sec   0.00000  |  keff  1.32494   avg  1.32541   SD    4.820
     224     5.43 sec   0.00000  |  keff  1.32464   avg  1.32541   SD    4.813
     225     5.48 sec   0.00000  |  keff  1.32511   avg  1.32541   SD    4.788
     226     5.50 sec   0.00000  |  keff  1.32622   avg  1.32541   SD    4.784
     227     5.67 sec   0.00000  |  keff  1.32491   avg  1.32541   SD    4.765
     228     5.54 sec   0.00000  |  keff  1.32533   avg  1.32541   SD    4.738
     229     5.18 sec   0.00000  |  keff  1.32570   avg  1.32541   SD    4.714
     230     5.44 sec   0.00000  |  keff  1.32625   avg  1.32542   SD    4.711
     231     5.22 sec   0.00000  |  keff  1.32520   avg  1.32541   SD    4.687
     232     5.51 sec   0.00000  |  keff  1.32451   avg  1.32541   SD    4.687
     233     5.49 sec   0.00000  |  keff  1.32580   avg  1.32541   SD    4.667
     234     5.51 sec   0.00000  |  keff  1.32516   avg  1.32541   SD    4.643
     235     5.18 sec   0.00000  |  keff  1.32418   avg  1.32540   SD    4.665
     236     5.50 sec   0.00000  |  keff  1.32481   avg  1.32540   SD    4.651
     237     5.25 sec   0.00000  |  keff  1.32497   avg  1.32540   SD    4.632
     238     5.24 sec   0.00000  |  keff  1.32579   avg  1.32540   SD    4.612
     239     5.48 sec   0.00000  |  keff  1.32548   avg  1.32540   SD    4.588
     240     5.27 sec   0.00000  |  keff  1.32466   avg  1.32540   SD    4.580
     241     5.46 sec   0.00000  |  keff  1.32539   avg  1.32540   SD    4.556
     242     5.49 sec   0.00000  |  keff  1.32510   avg  1.32539   SD    4.535
     243     5.44 sec   0.00000  |  keff  1.32578   avg  1.32540   SD    4.516
     244     5.38 sec   0.00000  |  keff  1.32564   avg  1.32540   SD    4.494
     245     5.39 sec   0.00000  |  keff  1.32501   avg  1.32540   SD    4.476
     246     5.17 sec   0.00000  |  keff  1.32497   avg  1.32539   SD    4.458
     247     5.47 sec   0.00000  |  keff  1.32520   avg  1.32539   SD    4.436
     248     5.19 sec   0.00000  |  keff  1.32495   avg  1.32539   SD    4.419
     249     5.44 sec   0.00000  |  keff  1.32503   avg  1.32539   SD    4.401
     250     5.45 sec   0.00000  |  keff  1.32582   avg  1.32539   SD    4.384
 
    Simulation of Burnup Step Terminated...
    - Elapsed time    :   1129.808 sec   18.83 min
    - Step Final keff :   1.325391 +/-   4.384
 
    GENT   13763.01425 +/-     7.75965 scale:1E-9
 BETASUM       672.899 +/-     3.82424 scale:1E-5
BETASUMO       699.780 +/-     4.28076 scale:1E-5
  BETA1        20.136 +/-     0.71414 scale:1E-5
BETAOG1        21.362 +/-     0.75196 scale:1E-5
  BETA2        98.841 +/-     1.60140 scale:1E-5
BETAOG2       105.066 +/-     1.56896 scale:1E-5
  BETA3        58.251 +/-     1.04565 scale:1E-5
BETAOG3        59.525 +/-     1.22714 scale:1E-5
  BETA4       131.232 +/-     1.74367 scale:1E-5
BETAOG4       135.072 +/-     2.00105 scale:1E-5
  BETA5       218.281 +/-     2.35255 scale:1E-5
BETAOG5       228.662 +/-     2.17910 scale:1E-5
  BETA6        67.712 +/-     1.21652 scale:1E-5
BETAOG6        71.297 +/-     1.31857 scale:1E-5
  BETA7        58.078 +/-     1.00702 scale:1E-5
BETAOG7        58.595 +/-     1.12602 scale:1E-5
  BETA8        20.368 +/-     0.66724 scale:1E-5
BETAOG8        20.200 +/-     0.67899 scale:1E-5
  ALPHA      -0.00049 +/-     0.00000 scale:1E6
 
SPECTRUM, GROUP = 1  1.51918E+06 +/-  3.67496E+02
SPECTRUM, GROUP = 2  3.34528E+06 +/-  5.45022E+02
SPECTRUM, GROUP = 3  1.51712E+06 +/-  2.06864E+02
SPECTRUM, GROUP = 4  5.45144E+05 +/-  8.40156E+01
SPECTRUM, GROUP = 5  4.15414E+05 +/-  7.91208E+01
SPECTRUM, GROUP = 6  4.61777E+05 +/-  7.11978E+01
SPECTRUM, GROUP = 7  5.40663E+05 +/-  6.87116E+01
 
ADJOINT SPECTRUM, GROUP = 1  6.40494E+00 +/-  1.10061E-01
ADJOINT SPECTRUM, GROUP = 2  6.05660E+00 +/-  1.03941E-01
ADJOINT SPECTRUM, GROUP = 3  6.17014E+00 +/-  1.05905E-01
ADJOINT SPECTRUM, GROUP = 4  6.48217E+00 +/-  1.11299E-01
ADJOINT SPECTRUM, GROUP = 5  7.70292E+00 +/-  1.32300E-01
ADJOINT SPECTRUM, GROUP = 6  7.87218E+00 +/-  1.35213E-01
ADJOINT SPECTRUM, GROUP = 7  7.95910E+00 +/-  1.36723E-01
