 ERROR : Unidentified transient solution method -PCQS
 ctrl.inp :: CARD A is being read...
 ERROR : Unidentified transient solution method -PCQS
 ERROR : Unidentified transient solution method -PCQS
    CTRL  READ COMPLETE..
    Multi-group Energy Mode...
 ERROR : Unidentified transient solution method -PCQS
    XS    READ COMPLETE..
 ERROR : Unidentified transient solution method -PCQS
    geom.inp :: GEOMETRY CARD is being read..., LOOP #:           0
 Surf #:           7
 Cell #:           3
 Univ #:           0
 ERROR : Unidentified transient solution method -PCQS
 Latt #:           0
 Reading is done...
 Surf #:           7
 Cell #:           3
 Univ #:           0
 Latt #:           0
 Step2 is done...
 Surf #:           7
 Cell #:           3
 Univ #:           0
 Latt #:           0
 Step3 is done...
 Surf #:           7
 Cell #:           3
 Univ #:           0
 Latt #:           0
 Step4 is done...
 Surf #:           7
 Cell #:           3
 Univ #:           0
 Latt #:           0
 Step5 is done...
 Surf #:           7
 Cell #:           3
 Univ #:           0
 Latt #:           0
 TST2
 Surf #:           7
 Cell #:           3
 Univ #:           0
 Latt #:           0
    GEOM  READ COMPLETE..
     Time to read geom.inp [s]:  1.158952713012695E-003
    ADJOINT DISTRIBUTION TALLY
    Initializing Source...
    Source Initializing Complete...
 
 
  > Num of Threads per Node          40
  > Num of MPI Nodes                  6
  > Num of Histories per Cycle   100000
  > Skip Cycles:  100  /  Active Cycles:  200
 
  > Tally is on
  > m-PRUP is OFF
  > FMFD is OFF
 
    Transport Simulation Starts...
       1     1.81 sec   4.32176  |  keff  0.93053
       2     1.27 sec   4.31568  |  keff  0.93987
       3     1.34 sec   4.30542  |  keff  0.94509
       4     1.35 sec   4.29507  |  keff  0.94807
       5     1.35 sec   4.28576  |  keff  0.94979
       6     1.34 sec   4.27798  |  keff  0.95222
       7     1.35 sec   4.27211  |  keff  0.95456
       8     1.34 sec   4.26838  |  keff  0.95424
       9     1.34 sec   4.26828  |  keff  0.95522
      10     1.33 sec   4.26543  |  keff  0.95471
      11     1.34 sec   4.26399  |  keff  0.95594
      12     1.33 sec   4.26581  |  keff  0.95604
      13     1.34 sec   4.26363  |  keff  0.95443
      14     1.33 sec   4.26441  |  keff  0.95487
      15     1.33 sec   4.26294  |  keff  0.95556
      16     1.31 sec   4.26295  |  keff  0.95580
      17     1.33 sec   4.26185  |  keff  0.95577
      18     1.32 sec   4.26126  |  keff  0.95588
      19     1.32 sec   4.25905  |  keff  0.95633
      20     1.31 sec   4.25909  |  keff  0.95515
      21     1.34 sec   4.25778  |  keff  0.95629
      22     1.34 sec   4.25592  |  keff  0.95608
      23     1.32 sec   4.25909  |  keff  0.95630
      24     1.32 sec   4.25927  |  keff  0.95564
      25     1.33 sec   4.25910  |  keff  0.95497
      26     1.32 sec   4.26160  |  keff  0.95693
      27     1.32 sec   4.26297  |  keff  0.95569
      28     1.33 sec   4.26379  |  keff  0.95580
      29     1.33 sec   4.26215  |  keff  0.95511
      30     1.33 sec   4.26023  |  keff  0.95540
      31     1.34 sec   4.25918  |  keff  0.95612
      32     1.33 sec   4.26040  |  keff  0.95668
      33     1.32 sec   4.26058  |  keff  0.95322
      34     1.31 sec   4.26069  |  keff  0.95873
      35     1.34 sec   4.26219  |  keff  0.95558
      36     1.32 sec   4.26148  |  keff  0.95524
      37     1.33 sec   4.25967  |  keff  0.95475
      38     1.32 sec   4.25777  |  keff  0.95675
      39     1.34 sec   4.25767  |  keff  0.95604
      40     1.36 sec   4.25645  |  keff  0.95544
      41     1.33 sec   4.25788  |  keff  0.95620
      42     1.33 sec   4.25773  |  keff  0.95610
      43     1.33 sec   4.25964  |  keff  0.95563
      44     1.33 sec   4.25789  |  keff  0.95791
      45     1.34 sec   4.25810  |  keff  0.95531
      46     1.34 sec   4.25832  |  keff  0.95691
      47     1.31 sec   4.26014  |  keff  0.95669
      48     1.32 sec   4.26049  |  keff  0.95599
      49     1.33 sec   4.26215  |  keff  0.95523
      50     1.33 sec   4.26121  |  keff  0.95677
      51     1.33 sec   4.25864  |  keff  0.95662
      52     1.34 sec   4.26168  |  keff  0.95651
      53     1.32 sec   4.26091  |  keff  0.95369
      54     1.32 sec   4.26041  |  keff  0.95609
      55     1.33 sec   4.26252  |  keff  0.95461
      56     1.31 sec   4.26246  |  keff  0.95676
      57     1.33 sec   4.26247  |  keff  0.95524
      58     1.30 sec   4.26055  |  keff  0.95610
      59     1.31 sec   4.26026  |  keff  0.95655
      60     1.33 sec   4.26044  |  keff  0.95597
      61     1.31 sec   4.26072  |  keff  0.95428
      62     1.31 sec   4.26124  |  keff  0.95437
      63     1.33 sec   4.26075  |  keff  0.95758
      64     1.33 sec   4.26110  |  keff  0.95656
      65     1.31 sec   4.26355  |  keff  0.95524
      66     1.32 sec   4.26204  |  keff  0.95493
      67     1.32 sec   4.25863  |  keff  0.95692
      68     1.33 sec   4.25702  |  keff  0.95659
      69     1.32 sec   4.25682  |  keff  0.95693
      70     1.34 sec   4.26031  |  keff  0.95456
      71     1.33 sec   4.26183  |  keff  0.95673
      72     1.31 sec   4.25866  |  keff  0.95707
      73     1.32 sec   4.26200  |  keff  0.95552
      74     1.33 sec   4.26259  |  keff  0.95557
      75     1.31 sec   4.26039  |  keff  0.95526
      76     1.33 sec   4.26162  |  keff  0.95598
      77     1.31 sec   4.25862  |  keff  0.95793
      78     1.32 sec   4.25767  |  keff  0.95666
      79     1.32 sec   4.25999  |  keff  0.95507
      80     1.31 sec   4.25739  |  keff  0.95693
      81     1.33 sec   4.25739  |  keff  0.95741
      82     1.33 sec   4.26039  |  keff  0.95597
      83     1.31 sec   4.26082  |  keff  0.95612
      84     1.31 sec   4.26115  |  keff  0.95672
      85     1.30 sec   4.25947  |  keff  0.95767
      86     1.32 sec   4.25900  |  keff  0.95689
      87     1.31 sec   4.25881  |  keff  0.95823
      88     1.32 sec   4.26153  |  keff  0.95549
      89     1.29 sec   4.26089  |  keff  0.95631
      90     1.33 sec   4.26063  |  keff  0.95597
      91     1.31 sec   4.26047  |  keff  0.95563
      92     1.32 sec   4.25942  |  keff  0.95689
      93     1.32 sec   4.25599  |  keff  0.95650
      94     1.34 sec   4.25932  |  keff  0.95599
      95     1.30 sec   4.25989  |  keff  0.95611
      96     1.33 sec   4.26035  |  keff  0.95566
      97     1.31 sec   4.25921  |  keff  0.95568
      98     1.30 sec   4.26104  |  keff  0.95543
      99     1.31 sec   4.25833  |  keff  0.95620
     100     1.33 sec   4.25823  |  keff  0.95578
     101     1.68 sec   4.25840  |  keff  0.95494   avg  0.95494   SD    0.000
     102     1.72 sec   4.26003  |  keff  0.95533   avg  0.95513   SD   19.920
     103     1.67 sec   4.26106  |  keff  0.95650   avg  0.95559   SD   46.873
     104     1.67 sec   4.26149  |  keff  0.95592   avg  0.95567   SD   34.171
     105     1.64 sec   4.26127  |  keff  0.95412   avg  0.95536   SD   40.737
     106     1.65 sec   4.25885  |  keff  0.95841   avg  0.95587   SD   60.693
     107     1.68 sec   4.26036  |  keff  0.95504   avg  0.95575   SD   52.632
     108     1.65 sec   4.25886  |  keff  0.95569   avg  0.95574   SD   45.587
     109     1.61 sec   4.25762  |  keff  0.95701   avg  0.95588   SD   42.592
     110     1.68 sec   4.25861  |  keff  0.95479   avg  0.95578   SD   39.626
     111     1.85 sec   4.25866  |  keff  0.95656   avg  0.95585   SD   36.554
     112     1.88 sec   4.25900  |  keff  0.95642   avg  0.95589   SD   33.703
     113     1.84 sec   4.25904  |  keff  0.95469   avg  0.95580   SD   32.352
     114     1.84 sec   4.25492  |  keff  0.95694   avg  0.95588   SD   31.042
     115     1.85 sec   4.25643  |  keff  0.95557   avg  0.95586   SD   28.971
     116     1.85 sec   4.25696  |  keff  0.95700   avg  0.95593   SD   28.019
     117     1.84 sec   4.25726  |  keff  0.95685   avg  0.95599   SD   26.871
     118     1.84 sec   4.25584  |  keff  0.95549   avg  0.95596   SD   25.484
     119     1.84 sec   4.25507  |  keff  0.95814   avg  0.95608   SD   26.687
     120     1.88 sec   4.25828  |  keff  0.95636   avg  0.95609   SD   25.357
     121     1.70 sec   4.25799  |  keff  0.95468   avg  0.95602   SD   25.041
     122     1.76 sec   4.25772  |  keff  0.95579   avg  0.95601   SD   23.900
     123     1.71 sec   4.25875  |  keff  0.95689   avg  0.95605   SD   23.156
     124     1.73 sec   4.25915  |  keff  0.95726   avg  0.95610   SD   22.733
     125     1.73 sec   4.26028  |  keff  0.95512   avg  0.95606   SD   22.153
     126     1.78 sec   4.26008  |  keff  0.95506   avg  0.95602   SD   21.631
     127     1.73 sec   4.25842  |  keff  0.95542   avg  0.95600   SD   20.932
     128     1.72 sec   4.25942  |  keff  0.95629   avg  0.95601   SD   20.198
     129     1.72 sec   4.25650  |  keff  0.95685   avg  0.95604   SD   19.705
     130     1.72 sec   4.25644  |  keff  0.95760   avg  0.95609   SD   19.731
     131     1.71 sec   4.25731  |  keff  0.95758   avg  0.95614   SD   19.675
     132     1.74 sec   4.25702  |  keff  0.95661   avg  0.95615   SD   19.107
     133     1.72 sec   4.25639  |  keff  0.95672   avg  0.95617   SD   18.597
     134     1.71 sec   4.25617  |  keff  0.95757   avg  0.95621   SD   18.507
     135     1.74 sec   4.25587  |  keff  0.95530   avg  0.95619   SD   18.160
     136     1.77 sec   4.25927  |  keff  0.95632   avg  0.95619   SD   17.652
     137     1.73 sec   4.25765  |  keff  0.95578   avg  0.95618   SD   17.204
     138     1.69 sec   4.25625  |  keff  0.95627   avg  0.95618   SD   16.747
     139     1.70 sec   4.25825  |  keff  0.95421   avg  0.95613   SD   17.078
     140     1.71 sec   4.25640  |  keff  0.95608   avg  0.95613   SD   16.646
     141     1.73 sec   4.25832  |  keff  0.95790   avg  0.95617   SD   16.796
     142     1.68 sec   4.26036  |  keff  0.95622   avg  0.95617   SD   16.392
     143     1.73 sec   4.25934  |  keff  0.95548   avg  0.95616   SD   16.088
     144     1.68 sec   4.25833  |  keff  0.95752   avg  0.95619   SD   16.019
     145     1.71 sec   4.25711  |  keff  0.95708   avg  0.95621   SD   15.785
     146     1.70 sec   4.26096  |  keff  0.95508   avg  0.95618   SD   15.631
     147     1.73 sec   4.25930  |  keff  0.95676   avg  0.95620   SD   15.344
     148     1.71 sec   4.25893  |  keff  0.95650   avg  0.95620   SD   15.034
     149     1.72 sec   4.25753  |  keff  0.95610   avg  0.95620   SD   14.726
     150     1.73 sec   4.25678  |  keff  0.95640   avg  0.95620   SD   14.433
     151     1.76 sec   4.25887  |  keff  0.95734   avg  0.95623   SD   14.323
     152     1.72 sec   4.25970  |  keff  0.95599   avg  0.95622   SD   14.053
     153     1.71 sec   4.25956  |  keff  0.95561   avg  0.95621   SD   13.833
     154     1.75 sec   4.25891  |  keff  0.95535   avg  0.95620   SD   13.667
     155     1.72 sec   4.26108  |  keff  0.95567   avg  0.95619   SD   13.450
     156     1.73 sec   4.26282  |  keff  0.95538   avg  0.95617   SD   13.286
     157     1.71 sec   4.26187  |  keff  0.95434   avg  0.95614   SD   13.439
     158     1.70 sec   4.25733  |  keff  0.95713   avg  0.95616   SD   13.316
     159     1.73 sec   4.25797  |  keff  0.95758   avg  0.95618   SD   13.310
     160     1.74 sec   4.25586  |  keff  0.95756   avg  0.95620   SD   13.287
     161     1.74 sec   4.25707  |  keff  0.95556   avg  0.95619   SD   13.110
     162     1.73 sec   4.25816  |  keff  0.95490   avg  0.95617   SD   13.064
     163     1.72 sec   4.25921  |  keff  0.95553   avg  0.95616   SD   12.895
     164     1.73 sec   4.25982  |  keff  0.95523   avg  0.95615   SD   12.776
     165     1.74 sec   4.26047  |  keff  0.95662   avg  0.95615   SD   12.598
     166     1.71 sec   4.25950  |  keff  0.95655   avg  0.95616   SD   12.421
     167     1.77 sec   4.25885  |  keff  0.95499   avg  0.95614   SD   12.357
     168     1.74 sec   4.26059  |  keff  0.95556   avg  0.95613   SD   12.204
     169     1.74 sec   4.25899  |  keff  0.95538   avg  0.95612   SD   12.075
     170     1.79 sec   4.25876  |  keff  0.95525   avg  0.95611   SD   11.967
     171     1.71 sec   4.25931  |  keff  0.95638   avg  0.95611   SD   11.803
     172     1.73 sec   4.26113  |  keff  0.95651   avg  0.95612   SD   11.651
     173     1.76 sec   4.26132  |  keff  0.95670   avg  0.95613   SD   11.518
     174     1.69 sec   4.26021  |  keff  0.95586   avg  0.95612   SD   11.367
     175     1.72 sec   4.25695  |  keff  0.95721   avg  0.95614   SD   11.308
     176     1.75 sec   4.26175  |  keff  0.95529   avg  0.95613   SD   11.214
     177     1.75 sec   4.26234  |  keff  0.95618   avg  0.95613   SD   11.067
     178     1.72 sec   4.26158  |  keff  0.95739   avg  0.95614   SD   11.043
     179     1.73 sec   4.26170  |  keff  0.95471   avg  0.95613   SD   11.052
     180     1.69 sec   4.26124  |  keff  0.95706   avg  0.95614   SD   10.975
     181     1.71 sec   4.25927  |  keff  0.95596   avg  0.95614   SD   10.841
     182     1.72 sec   4.26002  |  keff  0.95758   avg  0.95615   SD   10.852
     183     1.70 sec   4.26033  |  keff  0.95669   avg  0.95616   SD   10.740
     184     1.73 sec   4.25905  |  keff  0.95703   avg  0.95617   SD   10.661
     185     1.70 sec   4.25935  |  keff  0.95712   avg  0.95618   SD   10.594
     186     1.73 sec   4.25958  |  keff  0.95808   avg  0.95620   SD   10.700
     187     1.69 sec   4.25987  |  keff  0.95705   avg  0.95621   SD   10.620
     188     1.71 sec   4.25959  |  keff  0.95589   avg  0.95621   SD   10.505
     189     1.72 sec   4.26043  |  keff  0.95420   avg  0.95619   SD   10.629
     190     1.69 sec   4.25888  |  keff  0.95583   avg  0.95618   SD   10.518
     191     1.72 sec   4.26151  |  keff  0.95546   avg  0.95618   SD   10.433
     192     1.73 sec   4.26050  |  keff  0.95498   avg  0.95616   SD   10.400
     193     1.72 sec   4.26042  |  keff  0.95629   avg  0.95616   SD   10.288
     194     1.69 sec   4.26054  |  keff  0.95420   avg  0.95614   SD   10.390
     195     1.70 sec   4.25700  |  keff  0.95680   avg  0.95615   SD   10.303
     196     1.74 sec   4.25786  |  keff  0.95617   avg  0.95615   SD   10.195
     197     1.71 sec   4.25831  |  keff  0.95672   avg  0.95616   SD   10.106
     198     1.73 sec   4.26025  |  keff  0.95654   avg  0.95616   SD   10.011
     199     1.68 sec   4.26202  |  keff  0.95571   avg  0.95616   SD    9.919
     200     1.76 sec   4.26254  |  keff  0.95437   avg  0.95614   SD    9.980
     201     1.72 sec   4.25923  |  keff  0.95599   avg  0.95614   SD    9.882
     202     1.71 sec   4.26121  |  keff  0.95491   avg  0.95612   SD    9.857
     203     1.71 sec   4.26201  |  keff  0.95470   avg  0.95611   SD    9.859
     204     1.69 sec   4.26081  |  keff  0.95525   avg  0.95610   SD    9.799
     205     1.72 sec   4.26101  |  keff  0.95464   avg  0.95609   SD    9.805
     206     1.72 sec   4.25925  |  keff  0.95703   avg  0.95610   SD    9.752
     207     1.75 sec   4.25960  |  keff  0.95434   avg  0.95608   SD    9.799
     208     1.72 sec   4.25880  |  keff  0.95498   avg  0.95607   SD    9.761
     209     1.71 sec   4.25843  |  keff  0.95653   avg  0.95607   SD    9.680
     210     1.73 sec   4.26053  |  keff  0.95485   avg  0.95606   SD    9.655
     211     1.73 sec   4.25869  |  keff  0.95627   avg  0.95607   SD    9.570
     212     1.77 sec   4.25780  |  keff  0.95434   avg  0.95605   SD    9.608
     213     1.71 sec   4.25675  |  keff  0.95652   avg  0.95605   SD    9.532
     214     1.74 sec   4.25542  |  keff  0.95691   avg  0.95606   SD    9.478
     215     1.72 sec   4.25838  |  keff  0.95592   avg  0.95606   SD    9.396
     216     1.72 sec   4.25822  |  keff  0.95701   avg  0.95607   SD    9.350
     217     1.77 sec   4.25774  |  keff  0.95554   avg  0.95606   SD    9.281
     218     1.71 sec   4.25673  |  keff  0.95652   avg  0.95607   SD    9.210
     219     1.73 sec   4.25893  |  keff  0.95676   avg  0.95607   SD    9.151
     220     1.69 sec   4.25981  |  keff  0.95645   avg  0.95608   SD    9.080
     221     1.72 sec   4.26071  |  keff  0.95550   avg  0.95607   SD    9.017
     222     1.72 sec   4.26000  |  keff  0.95531   avg  0.95607   SD    8.964
     223     1.70 sec   4.25696  |  keff  0.95535   avg  0.95606   SD    8.910
     224     1.70 sec   4.25667  |  keff  0.95700   avg  0.95607   SD    8.871
     225     1.75 sec   4.25584  |  keff  0.95594   avg  0.95607   SD    8.800
     226     1.69 sec   4.25825  |  keff  0.95504   avg  0.95606   SD    8.768
     227     1.74 sec   4.25754  |  keff  0.95655   avg  0.95606   SD    8.707
     228     1.71 sec   4.25503  |  keff  0.95579   avg  0.95606   SD    8.641
     229     1.75 sec   4.25920  |  keff  0.95496   avg  0.95605   SD    8.617
     230     1.70 sec   4.25984  |  keff  0.95779   avg  0.95606   SD    8.654
     231     1.70 sec   4.26286  |  keff  0.95474   avg  0.95605   SD    8.647
     232     1.71 sec   4.26277  |  keff  0.95663   avg  0.95606   SD    8.592
     233     1.68 sec   4.26197  |  keff  0.95447   avg  0.95605   SD    8.611
     234     1.73 sec   4.26191  |  keff  0.95616   avg  0.95605   SD    8.547
     235     1.72 sec   4.25975  |  keff  0.95463   avg  0.95604   SD    8.548
     236     1.70 sec   4.25947  |  keff  0.95402   avg  0.95602   SD    8.614
     237     1.73 sec   4.25982  |  keff  0.95469   avg  0.95601   SD    8.606
     238     1.69 sec   4.25886  |  keff  0.95580   avg  0.95601   SD    8.545
     239     1.71 sec   4.25858  |  keff  0.95621   avg  0.95601   SD    8.484
     240     1.69 sec   4.25932  |  keff  0.95603   avg  0.95601   SD    8.424
     241     1.74 sec   4.26112  |  keff  0.95598   avg  0.95601   SD    8.364
     242     1.67 sec   4.26215  |  keff  0.95569   avg  0.95601   SD    8.308
     243     1.71 sec   4.26177  |  keff  0.95656   avg  0.95601   SD    8.258
     244     1.69 sec   4.26153  |  keff  0.95605   avg  0.95601   SD    8.201
     245     1.70 sec   4.26137  |  keff  0.95404   avg  0.95600   SD    8.257
     246     1.72 sec   4.26145  |  keff  0.95695   avg  0.95601   SD    8.226
     247     1.76 sec   4.25886  |  keff  0.95381   avg  0.95599   SD    8.305
     248     1.69 sec   4.25916  |  keff  0.95602   avg  0.95599   SD    8.248
     249     1.71 sec   4.25690  |  keff  0.95646   avg  0.95600   SD    8.199
     250     1.72 sec   4.25903  |  keff  0.95587   avg  0.95600   SD    8.144
     251     1.70 sec   4.25883  |  keff  0.95646   avg  0.95600   SD    8.096
     252     1.70 sec   4.25840  |  keff  0.95611   avg  0.95600   SD    8.043
     253     1.72 sec   4.25928  |  keff  0.95683   avg  0.95600   SD    8.008
     254     1.70 sec   4.25835  |  keff  0.95696   avg  0.95601   SD    7.980
     255     1.73 sec   4.26052  |  keff  0.95543   avg  0.95601   SD    7.938
     256     1.74 sec   4.26021  |  keff  0.95688   avg  0.95601   SD    7.907
     257     1.70 sec   4.26087  |  keff  0.95615   avg  0.95601   SD    7.857
     258     1.74 sec   4.25935  |  keff  0.95535   avg  0.95601   SD    7.818
     259     1.73 sec   4.25996  |  keff  0.95500   avg  0.95600   SD    7.794
     260     1.70 sec   4.26107  |  keff  0.95656   avg  0.95601   SD    7.753
     261     1.70 sec   4.26127  |  keff  0.95650   avg  0.95601   SD    7.711
     262     1.73 sec   4.26135  |  keff  0.95556   avg  0.95601   SD    7.668
     263     1.71 sec   4.26029  |  keff  0.95612   avg  0.95601   SD    7.621
     264     1.73 sec   4.25907  |  keff  0.95622   avg  0.95601   SD    7.576
     265     1.75 sec   4.25826  |  keff  0.95635   avg  0.95601   SD    7.533
     266     1.71 sec   4.25787  |  keff  0.95641   avg  0.95601   SD    7.491
     267     1.70 sec   4.25892  |  keff  0.95468   avg  0.95601   SD    7.489
     268     1.66 sec   4.25956  |  keff  0.95675   avg  0.95601   SD    7.457
     269     1.71 sec   4.25974  |  keff  0.95577   avg  0.95601   SD    7.414
     270     1.69 sec   4.25897  |  keff  0.95603   avg  0.95601   SD    7.371
     271     1.71 sec   4.26063  |  keff  0.95541   avg  0.95600   SD    7.336
     272     1.69 sec   4.25880  |  keff  0.95620   avg  0.95601   SD    7.294
     273     1.72 sec   4.25883  |  keff  0.95693   avg  0.95601   SD    7.271
     274     1.69 sec   4.25913  |  keff  0.95580   avg  0.95601   SD    7.230
     275     1.75 sec   4.26075  |  keff  0.95709   avg  0.95602   SD    7.215
     276     1.71 sec   4.26129  |  keff  0.95533   avg  0.95601   SD    7.185
     277     1.67 sec   4.26184  |  keff  0.95483   avg  0.95601   SD    7.175
     278     1.72 sec   4.26021  |  keff  0.95813   avg  0.95602   SD    7.234
     279     1.70 sec   4.25864  |  keff  0.95643   avg  0.95602   SD    7.197
     280     1.72 sec   4.26026  |  keff  0.95550   avg  0.95602   SD    7.163
     281     1.76 sec   4.26252  |  keff  0.95517   avg  0.95601   SD    7.139
     282     1.71 sec   4.26068  |  keff  0.95523   avg  0.95601   SD    7.112
     283     1.73 sec   4.25987  |  keff  0.95625   avg  0.95601   SD    7.075
     284     1.72 sec   4.26249  |  keff  0.95596   avg  0.95601   SD    7.036
     285     1.69 sec   4.26458  |  keff  0.95494   avg  0.95600   SD    7.022
     286     1.71 sec   4.26304  |  keff  0.95562   avg  0.95600   SD    6.987
     287     1.69 sec   4.26469  |  keff  0.95538   avg  0.95600   SD    6.958
     288     1.69 sec   4.26214  |  keff  0.95566   avg  0.95600   SD    6.923
     289     1.70 sec   4.26012  |  keff  0.95522   avg  0.95599   SD    6.898
     290     1.75 sec   4.25839  |  keff  0.95610   avg  0.95599   SD    6.862
     291     1.74 sec   4.25854  |  keff  0.95559   avg  0.95599   SD    6.829
     292     1.71 sec   4.25679  |  keff  0.95626   avg  0.95599   SD    6.795
     293     1.74 sec   4.25802  |  keff  0.95551   avg  0.95599   SD    6.765
     294     1.72 sec   4.25778  |  keff  0.95692   avg  0.95599   SD    6.747
     295     1.69 sec   4.25885  |  keff  0.95644   avg  0.95600   SD    6.716
     296     1.72 sec   4.25824  |  keff  0.95686   avg  0.95600   SD    6.696
     297     1.71 sec   4.26236  |  keff  0.95525   avg  0.95600   SD    6.673
     298     1.71 sec   4.26170  |  keff  0.95785   avg  0.95601   SD    6.705
     299     1.65 sec   4.25997  |  keff  0.95625   avg  0.95601   SD    6.672
     300     1.73 sec   4.25809  |  keff  0.95359   avg  0.95600   SD    6.748
 
    Simulation of Burnup Step Terminated...
    - Elapsed time    :    477.303 sec    7.96 min
    - Step Final keff :   0.955996 +/-   6.748
 
    GENT   26617.70859 +/-    24.04737 scale:1E-9
 BETASUM       746.003 +/-     6.36762 scale:1E-5
BETASUMO       741.276 +/-     5.42760 scale:1E-5
  BETA1       746.003 +/-     6.36762 scale:1E-5
BETAOG1       741.276 +/-     5.42760 scale:1E-5
  BETA2         0.000 +/-     0.00000 scale:1E-5
BETAOG2         0.000 +/-     0.00000 scale:1E-5
  BETA3         0.000 +/-     0.00000 scale:1E-5
BETAOG3         0.000 +/-     0.00000 scale:1E-5
  BETA4         0.000 +/-     0.00000 scale:1E-5
BETAOG4         0.000 +/-     0.00000 scale:1E-5
  BETA5         0.000 +/-     0.00000 scale:1E-5
BETAOG5         0.000 +/-     0.00000 scale:1E-5
  BETA6         0.000 +/-     0.00000 scale:1E-5
BETAOG6         0.000 +/-     0.00000 scale:1E-5
  BETA7         0.000 +/-     0.00000 scale:1E-5
BETAOG7         0.000 +/-     0.00000 scale:1E-5
  BETA8         0.000 +/-     0.00000 scale:1E-5
BETAOG8         0.000 +/-     0.00000 scale:1E-5
  ALPHA      -0.00028 +/-     0.00000 scale:1E6
 
    Computing time
       1       1.812       0.000       1.812
       2       1.268       0.000       1.268
       3       1.338       0.000       1.338
       4       1.347       0.000       1.347
       5       1.346       0.000       1.346
       6       1.338       0.000       1.338
       7       1.346       0.000       1.346
       8       1.340       0.000       1.340
       9       1.338       0.000       1.338
      10       1.334       0.000       1.334
      11       1.342       0.000       1.342
      12       1.328       0.000       1.328
      13       1.337       0.000       1.337
      14       1.329       0.000       1.329
      15       1.325       0.000       1.325
      16       1.312       0.000       1.312
      17       1.335       0.000       1.335
      18       1.320       0.000       1.320
      19       1.316       0.000       1.316
      20       1.311       0.000       1.311
      21       1.342       0.000       1.342
      22       1.337       0.000       1.337
      23       1.324       0.000       1.324
      24       1.324       0.000       1.324
      25       1.327       0.000       1.327
      26       1.319       0.000       1.319
      27       1.323       0.000       1.323
      28       1.333       0.000       1.333
      29       1.330       0.000       1.330
      30       1.335       0.000       1.335
      31       1.341       0.000       1.341
      32       1.327       0.000       1.327
      33       1.322       0.000       1.322
      34       1.308       0.000       1.308
      35       1.342       0.000       1.342
      36       1.319       0.000       1.319
      37       1.326       0.000       1.326
      38       1.324       0.000       1.324
      39       1.336       0.000       1.336
      40       1.355       0.000       1.355
      41       1.326       0.000       1.326
      42       1.335       0.000       1.335
      43       1.326       0.000       1.326
      44       1.332       0.000       1.332
      45       1.341       0.000       1.341
      46       1.345       0.000       1.345
      47       1.314       0.000       1.314
      48       1.320       0.000       1.320
      49       1.328       0.000       1.328
      50       1.330       0.000       1.330
      51       1.331       0.000       1.331
      52       1.344       0.000       1.344
      53       1.317       0.000       1.317
      54       1.316       0.000       1.316
      55       1.334       0.000       1.334
      56       1.307       0.000       1.307
      57       1.330       0.000       1.330
      58       1.303       0.000       1.303
      59       1.309       0.000       1.309
      60       1.335       0.000       1.335
      61       1.309       0.000       1.309
      62       1.312       0.000       1.312
      63       1.327       0.000       1.327
      64       1.331       0.000       1.331
      65       1.311       0.000       1.311
      66       1.324       0.000       1.324
      67       1.317       0.000       1.317
      68       1.330       0.000       1.330
      69       1.317       0.000       1.317
      70       1.345       0.000       1.345
      71       1.326       0.000       1.326
      72       1.307       0.000       1.307
      73       1.320       0.000       1.320
      74       1.326       0.000       1.326
      75       1.314       0.000       1.314
      76       1.328       0.000       1.328
      77       1.314       0.000       1.314
      78       1.323       0.000       1.323
      79       1.322       0.000       1.322
      80       1.313       0.000       1.313
      81       1.332       0.000       1.332
      82       1.329       0.000       1.329
      83       1.312       0.000       1.312
      84       1.314       0.000       1.314
      85       1.303       0.000       1.303
      86       1.317       0.000       1.317
      87       1.308       0.000       1.308
      88       1.324       0.000       1.324
      89       1.289       0.000       1.289
      90       1.328       0.000       1.328
      91       1.311       0.000       1.311
      92       1.319       0.000       1.319
      93       1.323       0.000       1.323
      94       1.342       0.000       1.342
      95       1.299       0.000       1.299
      96       1.331       0.000       1.331
      97       1.314       0.000       1.314
      98       1.304       0.000       1.304
      99       1.315       0.000       1.315
     100       1.332       0.000       1.332
     101       1.679       0.000       1.679
     102       1.716       0.000       1.716
     103       1.673       0.000       1.673
     104       1.671       0.000       1.671
     105       1.644       0.000       1.644
     106       1.654       0.000       1.654
     107       1.684       0.000       1.684
     108       1.645       0.000       1.645
     109       1.612       0.000       1.612
     110       1.682       0.000       1.682
     111       1.847       0.000       1.847
     112       1.880       0.000       1.880
     113       1.843       0.000       1.843
     114       1.838       0.000       1.838
     115       1.849       0.000       1.849
     116       1.845       0.000       1.845
     117       1.844       0.000       1.844
     118       1.836       0.000       1.836
     119       1.839       0.000       1.839
     120       1.878       0.000       1.878
     121       1.705       0.000       1.705
     122       1.759       0.000       1.759
     123       1.712       0.000       1.712
     124       1.733       0.000       1.733
     125       1.731       0.000       1.731
     126       1.776       0.000       1.776
     127       1.726       0.000       1.726
     128       1.723       0.000       1.723
     129       1.719       0.000       1.719
     130       1.719       0.000       1.719
     131       1.713       0.000       1.713
     132       1.740       0.000       1.740
     133       1.723       0.000       1.723
     134       1.713       0.000       1.713
     135       1.736       0.000       1.736
     136       1.769       0.000       1.769
     137       1.726       0.000       1.726
     138       1.689       0.000       1.689
     139       1.701       0.000       1.701
     140       1.712       0.000       1.712
     141       1.727       0.000       1.727
     142       1.679       0.000       1.679
     143       1.733       0.000       1.733
     144       1.683       0.000       1.683
     145       1.713       0.000       1.713
     146       1.697       0.000       1.697
     147       1.725       0.000       1.725
     148       1.713       0.000       1.713
     149       1.715       0.000       1.715
     150       1.733       0.000       1.733
     151       1.755       0.000       1.755
     152       1.719       0.000       1.719
     153       1.706       0.000       1.706
     154       1.751       0.000       1.751
     155       1.720       0.000       1.720
     156       1.728       0.000       1.728
     157       1.708       0.000       1.708
     158       1.701       0.000       1.701
     159       1.731       0.000       1.731
     160       1.736       0.000       1.736
     161       1.743       0.000       1.743
     162       1.733       0.000       1.733
     163       1.717       0.000       1.717
     164       1.734       0.000       1.734
     165       1.741       0.000       1.741
     166       1.711       0.000       1.711
     167       1.773       0.000       1.773
     168       1.736       0.000       1.736
     169       1.743       0.000       1.743
     170       1.786       0.000       1.786
     171       1.714       0.000       1.714
     172       1.726       0.000       1.726
     173       1.762       0.000       1.762
     174       1.687       0.000       1.687
     175       1.722       0.000       1.722
     176       1.749       0.000       1.749
     177       1.746       0.000       1.746
     178       1.717       0.000       1.717
     179       1.729       0.000       1.729
     180       1.689       0.000       1.689
     181       1.711       0.000       1.711
     182       1.719       0.000       1.719
     183       1.696       0.000       1.696
     184       1.729       0.000       1.729
     185       1.699       0.000       1.699
     186       1.730       0.000       1.730
     187       1.692       0.000       1.692
     188       1.713       0.000       1.713
     189       1.724       0.000       1.724
     190       1.690       0.000       1.690
     191       1.722       0.000       1.722
     192       1.726       0.000       1.726
     193       1.720       0.000       1.720
     194       1.691       0.000       1.691
     195       1.700       0.000       1.700
     196       1.744       0.000       1.744
     197       1.707       0.000       1.707
     198       1.734       0.000       1.734
     199       1.678       0.000       1.678
     200       1.757       0.000       1.757
     201       1.720       0.000       1.720
     202       1.708       0.000       1.708
     203       1.710       0.000       1.710
     204       1.693       0.000       1.693
     205       1.717       0.000       1.717
     206       1.717       0.000       1.717
     207       1.745       0.000       1.745
     208       1.718       0.000       1.718
     209       1.707       0.000       1.707
     210       1.731       0.000       1.731
     211       1.727       0.000       1.727
     212       1.771       0.000       1.771
     213       1.709       0.000       1.709
     214       1.735       0.000       1.735
     215       1.716       0.000       1.716
     216       1.716       0.000       1.716
     217       1.768       0.000       1.768
     218       1.705       0.000       1.705
     219       1.732       0.000       1.732
     220       1.686       0.000       1.686
     221       1.718       0.000       1.718
     222       1.717       0.000       1.717
     223       1.699       0.000       1.699
     224       1.699       0.000       1.699
     225       1.749       0.000       1.749
     226       1.691       0.000       1.691
     227       1.739       0.000       1.739
     228       1.711       0.000       1.711
     229       1.750       0.000       1.750
     230       1.701       0.000       1.701
     231       1.696       0.000       1.696
     232       1.707       0.000       1.707
     233       1.684       0.000       1.684
     234       1.732       0.000       1.732
     235       1.722       0.000       1.722
     236       1.703       0.000       1.703
     237       1.727       0.000       1.727
     238       1.694       0.000       1.694
     239       1.708       0.000       1.708
     240       1.687       0.000       1.687
     241       1.739       0.000       1.739
     242       1.666       0.000       1.666
     243       1.708       0.000       1.708
     244       1.692       0.000       1.692
     245       1.697       0.000       1.697
     246       1.716       0.000       1.716
     247       1.763       0.000       1.763
     248       1.686       0.000       1.686
     249       1.708       0.000       1.708
     250       1.720       0.000       1.720
     251       1.696       0.000       1.696
     252       1.698       0.000       1.698
     253       1.721       0.000       1.721
     254       1.700       0.000       1.700
     255       1.727       0.000       1.727
     256       1.740       0.000       1.740
     257       1.703       0.000       1.703
     258       1.740       0.000       1.740
     259       1.726       0.000       1.726
     260       1.705       0.000       1.705
     261       1.701       0.000       1.701
     262       1.728       0.000       1.728
     263       1.712       0.000       1.712
     264       1.732       0.000       1.732
     265       1.749       0.000       1.749
     266       1.711       0.000       1.711
     267       1.701       0.000       1.701
     268       1.664       0.000       1.664
     269       1.707       0.000       1.707
     270       1.691       0.000       1.691
     271       1.714       0.000       1.714
     272       1.693       0.000       1.693
     273       1.723       0.000       1.723
     274       1.691       0.000       1.691
     275       1.751       0.000       1.751
     276       1.709       0.000       1.709
     277       1.669       0.000       1.669
     278       1.723       0.000       1.723
     279       1.700       0.000       1.700
     280       1.721       0.000       1.721
     281       1.756       0.000       1.756
     282       1.710       0.000       1.710
     283       1.730       0.000       1.730
     284       1.716       0.000       1.716
     285       1.693       0.000       1.693
     286       1.706       0.000       1.706
     287       1.691       0.000       1.691
     288       1.685       0.000       1.685
     289       1.702       0.000       1.702
     290       1.754       0.000       1.754
     291       1.736       0.000       1.736
     292       1.707       0.000       1.707
     293       1.735       0.000       1.735
     294       1.722       0.000       1.722
     295       1.687       0.000       1.687
     296       1.716       0.000       1.716
     297       1.707       0.000       1.707
     298       1.707       0.000       1.707
     299       1.651       0.000       1.651
     300       1.731       0.000       1.731
 
 
    Printing MC power distribution
 
    Printing MC ADJOINT FLUX (IFP-based) distribution
