 ERROR : Unidentified transient solution method -PCQS
 ERROR : Unidentified transient solution method -PCQS
 ERROR : Unidentified transient solution method -PCQS
 ERROR : Unidentified transient solution method -PCQS
 ERROR : Unidentified transient solution method -PCQS
 ERROR : Unidentified transient solution method -PCQS
 ERROR : Unidentified transient solution method -PCQS
 ERROR : Unidentified transient solution method -PCQS
 ERROR : Unidentified transient solution method -PCQS
 ctrl.inp :: CARD A is being read...
 ERROR : Unidentified transient solution method -PCQS
 ERROR : Unidentified transient solution method -PCQS
    CTRL  READ COMPLETE..
    Multi-group Energy Mode...
    XS    READ COMPLETE..
    geom.inp :: GEOMETRY CARD is being read..., LOOP #:           0
 Surf #:           6
 Cell #:           2
 Univ #:           0
 Latt #:           0
 Reading is done...
 Surf #:           6
 Cell #:           2
 Univ #:           0
 Latt #:           0
 Step2 is done...
 Surf #:           6
 Cell #:           2
 Univ #:           0
 Latt #:           0
 Step3 is done...
 Surf #:           6
 Cell #:           2
 Univ #:           0
 Latt #:           0
 Step4 is done...
 Surf #:           6
 Cell #:           2
 Univ #:           0
 Latt #:           0
 Step5 is done...
 Surf #:           6
 Cell #:           2
 Univ #:           0
 Latt #:           0
 TST2
 Surf #:           6
 Cell #:           2
 Univ #:           0
 Latt #:           0
    GEOM  READ COMPLETE..
     Time to read geom.inp [s]:  2.751111984252930E-003
    ADJOINT DISTRIBUTION TALLY
    Initializing Source...
    Source Initializing Complete...
 
 
  > Num of Threads per Node          40
  > Num of MPI Nodes                 11
  > Num of Histories per Cycle   100000
  > Skip Cycles:   50  /  Active Cycles:  100
 
  > Tally is on
  > m-PRUP is OFF
  > FMFD is OFF
 
    Transport Simulation Starts...
       1     1.22 sec   3.32190  |  keff  0.93692
       2     0.65 sec   3.31020  |  keff  0.95341
       3     0.69 sec   3.29425  |  keff  0.95968
       4     0.68 sec   3.28020  |  keff  0.96338
       5     0.68 sec   3.26780  |  keff  0.96671
       6     0.67 sec   3.25624  |  keff  0.96871
       7     0.68 sec   3.24656  |  keff  0.96985
       8     0.67 sec   3.23669  |  keff  0.97150
       9     0.68 sec   3.22821  |  keff  0.97245
      10     0.66 sec   3.22372  |  keff  0.97286
      11     0.67 sec   3.21643  |  keff  0.97344
      12     0.68 sec   3.21292  |  keff  0.97439
      13     0.67 sec   3.20924  |  keff  0.97444
      14     0.66 sec   3.20484  |  keff  0.97492
      15     0.66 sec   3.20127  |  keff  0.97519
      16     0.66 sec   3.20069  |  keff  0.97534
      17     0.67 sec   3.19543  |  keff  0.97628
      18     0.65 sec   3.19634  |  keff  0.97560
      19     0.65 sec   3.19382  |  keff  0.97625
      20     0.65 sec   3.18952  |  keff  0.97636
      21     0.66 sec   3.18960  |  keff  0.97628
      22     0.67 sec   3.18999  |  keff  0.97634
      23     0.69 sec   3.18731  |  keff  0.97675
      24     0.66 sec   3.18628  |  keff  0.97605
      25     0.64 sec   3.18682  |  keff  0.97634
      26     0.66 sec   3.18336  |  keff  0.97725
      27     0.66 sec   3.18333  |  keff  0.97687
      28     0.65 sec   3.18502  |  keff  0.97703
      29     0.66 sec   3.18668  |  keff  0.97695
      30     0.65 sec   3.18744  |  keff  0.97703
      31     0.65 sec   3.18945  |  keff  0.97660
      32     0.65 sec   3.18786  |  keff  0.97656
      33     0.65 sec   3.18910  |  keff  0.97624
      34     0.65 sec   3.18867  |  keff  0.97672
      35     0.65 sec   3.18818  |  keff  0.97617
      36     0.65 sec   3.18749  |  keff  0.97622
      37     0.67 sec   3.18421  |  keff  0.97711
      38     0.65 sec   3.18725  |  keff  0.97669
      39     0.66 sec   3.18726  |  keff  0.97624
      40     0.66 sec   3.18500  |  keff  0.97712
      41     0.66 sec   3.18388  |  keff  0.97698
      42     0.64 sec   3.18517  |  keff  0.97675
      43     0.65 sec   3.18441  |  keff  0.97686
      44     0.66 sec   3.18331  |  keff  0.97727
      45     0.65 sec   3.18457  |  keff  0.97734
      46     0.65 sec   3.18851  |  keff  0.97619
      47     0.64 sec   3.18632  |  keff  0.97647
      48     0.65 sec   3.18545  |  keff  0.97649
      49     0.65 sec   3.18653  |  keff  0.97653
      50     0.64 sec   3.18564  |  keff  0.97614
      51     0.85 sec   3.18563  |  keff  0.97631   avg  0.97631   SD    0.000
      52     0.83 sec   3.18632  |  keff  0.97694   avg  0.97662   SD   31.868
      53     0.83 sec   3.18784  |  keff  0.97666   avg  0.97664   SD   18.441
      54     0.84 sec   3.18875  |  keff  0.97654   avg  0.97661   SD   13.274
      55     0.85 sec   3.18642  |  keff  0.97640   avg  0.97657   SD   11.151
      56     0.84 sec   3.18598  |  keff  0.97651   avg  0.97656   SD    9.155
      57     0.83 sec   3.18519  |  keff  0.97647   avg  0.97655   SD    7.839
      58     0.82 sec   3.18455  |  keff  0.97674   avg  0.97657   SD    7.223
      59     0.83 sec   3.18313  |  keff  0.97724   avg  0.97665   SD    9.834
      60     0.81 sec   3.18444  |  keff  0.97740   avg  0.97672   SD   11.603
      61     0.86 sec   3.18780  |  keff  0.97678   avg  0.97673   SD   10.511
      62     0.86 sec   3.18999  |  keff  0.97590   avg  0.97666   SD   11.826
      63     0.87 sec   3.18939  |  keff  0.97622   avg  0.97662   SD   11.388
      64     0.89 sec   3.19221  |  keff  0.97573   avg  0.97656   SD   12.342
      65     0.86 sec   3.19044  |  keff  0.97646   avg  0.97655   SD   11.510
      66     0.85 sec   3.19116  |  keff  0.97632   avg  0.97654   SD   10.866
      67     0.85 sec   3.19077  |  keff  0.97629   avg  0.97652   SD   10.312
      68     0.85 sec   3.19137  |  keff  0.97641   avg  0.97652   SD    9.744
      69     0.85 sec   3.19039  |  keff  0.97661   avg  0.97652   SD    9.229
      70     0.86 sec   3.18789  |  keff  0.97695   avg  0.97654   SD    9.017
      71     0.87 sec   3.18825  |  keff  0.97681   avg  0.97656   SD    8.672
      72     0.86 sec   3.18906  |  keff  0.97629   avg  0.97654   SD    8.359
      73     0.86 sec   3.18827  |  keff  0.97662   avg  0.97655   SD    7.994
      74     0.83 sec   3.18837  |  keff  0.97720   avg  0.97657   SD    8.118
      75     0.84 sec   3.18810  |  keff  0.97621   avg  0.97656   SD    7.923
      76     0.84 sec   3.18766  |  keff  0.97697   avg  0.97658   SD    7.774
      77     0.83 sec   3.18806  |  keff  0.97662   avg  0.97658   SD    7.482
      78     0.84 sec   3.18699  |  keff  0.97686   avg  0.97659   SD    7.280
      79     0.87 sec   3.18788  |  keff  0.97587   avg  0.97656   SD    7.450
      80     0.87 sec   3.18661  |  keff  0.97603   avg  0.97654   SD    7.410
      81     0.84 sec   3.18609  |  keff  0.97692   avg  0.97656   SD    7.268
      82     0.85 sec   3.18311  |  keff  0.97651   avg  0.97656   SD    7.039
      83     0.87 sec   3.18293  |  keff  0.97730   avg  0.97658   SD    7.186
      84     0.84 sec   3.18360  |  keff  0.97656   avg  0.97658   SD    6.972
      85     0.86 sec   3.18246  |  keff  0.97729   avg  0.97660   SD    7.066
      86     0.87 sec   3.18642  |  keff  0.97617   avg  0.97659   SD    6.971
      87     0.85 sec   3.18661  |  keff  0.97708   avg  0.97660   SD    6.910
      88     0.87 sec   3.18997  |  keff  0.97673   avg  0.97660   SD    6.735
      89     0.85 sec   3.18741  |  keff  0.97659   avg  0.97660   SD    6.560
      90     0.84 sec   3.18694  |  keff  0.97650   avg  0.97660   SD    6.399
      91     0.83 sec   3.18960  |  keff  0.97633   avg  0.97659   SD    6.276
      92     0.84 sec   3.18618  |  keff  0.97716   avg  0.97661   SD    6.269
      93     0.85 sec   3.18871  |  keff  0.97681   avg  0.97661   SD    6.141
      94     0.84 sec   3.19034  |  keff  0.97539   avg  0.97658   SD    6.606
      95     0.86 sec   3.18895  |  keff  0.97635   avg  0.97658   SD    6.477
      96     0.85 sec   3.19100  |  keff  0.97616   avg  0.97657   SD    6.399
      97     0.86 sec   3.18927  |  keff  0.97680   avg  0.97657   SD    6.281
      98     0.85 sec   3.19029  |  keff  0.97673   avg  0.97658   SD    6.157
      99     0.84 sec   3.18976  |  keff  0.97652   avg  0.97658   SD    6.031
     100     0.84 sec   3.18800  |  keff  0.97622   avg  0.97657   SD    5.953
     101     0.85 sec   3.18386  |  keff  0.97708   avg  0.97658   SD    5.920
     102     0.85 sec   3.18369  |  keff  0.97714   avg  0.97659   SD    5.905
     103     0.89 sec   3.18273  |  keff  0.97759   avg  0.97661   SD    6.092
     104     0.86 sec   3.18466  |  keff  0.97648   avg  0.97661   SD    5.983
     105     0.84 sec   3.18692  |  keff  0.97621   avg  0.97660   SD    5.918
     106     0.87 sec   3.18312  |  keff  0.97682   avg  0.97660   SD    5.824
     107     0.84 sec   3.18492  |  keff  0.97649   avg  0.97660   SD    5.724
     108     0.87 sec   3.18348  |  keff  0.97766   avg  0.97662   SD    5.911
     109     0.91 sec   3.18485  |  keff  0.97607   avg  0.97661   SD    5.885
     110     0.85 sec   3.18547  |  keff  0.97697   avg  0.97662   SD    5.816
     111     0.85 sec   3.18687  |  keff  0.97627   avg  0.97661   SD    5.748
     112     0.86 sec   3.18459  |  keff  0.97640   avg  0.97661   SD    5.664
     113     0.85 sec   3.18654  |  keff  0.97630   avg  0.97660   SD    5.594
     114     0.90 sec   3.18588  |  keff  0.97752   avg  0.97662   SD    5.691
     115     0.84 sec   3.18547  |  keff  0.97708   avg  0.97662   SD    5.648
     116     0.87 sec   3.18704  |  keff  0.97708   avg  0.97663   SD    5.605
     117     0.85 sec   3.18813  |  keff  0.97645   avg  0.97663   SD    5.527
     118     0.92 sec   3.18679  |  keff  0.97665   avg  0.97663   SD    5.445
     119     0.84 sec   3.18627  |  keff  0.97690   avg  0.97663   SD    5.380
     120     0.84 sec   3.18317  |  keff  0.97733   avg  0.97664   SD    5.397
     121     0.85 sec   3.18498  |  keff  0.97693   avg  0.97665   SD    5.336
     122     0.86 sec   3.18179  |  keff  0.97747   avg  0.97666   SD    5.383
     123     0.84 sec   3.18291  |  keff  0.97614   avg  0.97665   SD    5.355
     124     0.86 sec   3.18345  |  keff  0.97715   avg  0.97666   SD    5.325
     125     0.84 sec   3.18521  |  keff  0.97640   avg  0.97665   SD    5.264
     126     0.84 sec   3.18518  |  keff  0.97686   avg  0.97666   SD    5.202
     127     0.87 sec   3.18475  |  keff  0.97679   avg  0.97666   SD    5.136
     128     0.87 sec   3.18439  |  keff  0.97714   avg  0.97666   SD    5.107
     129     0.85 sec   3.18619  |  keff  0.97621   avg  0.97666   SD    5.074
     130     0.85 sec   3.18795  |  keff  0.97653   avg  0.97666   SD    5.013
     131     0.86 sec   3.18453  |  keff  0.97629   avg  0.97665   SD    4.971
     132     0.82 sec   3.18633  |  keff  0.97665   avg  0.97665   SD    4.910
     133     0.86 sec   3.18524  |  keff  0.97673   avg  0.97665   SD    4.851
     134     0.84 sec   3.18090  |  keff  0.97671   avg  0.97665   SD    4.794
     135     0.87 sec   3.18380  |  keff  0.97651   avg  0.97665   SD    4.740
     136     0.84 sec   3.18202  |  keff  0.97660   avg  0.97665   SD    4.685
     137     0.84 sec   3.18105  |  keff  0.97731   avg  0.97666   SD    4.692
     138     0.87 sec   3.17969  |  keff  0.97697   avg  0.97666   SD    4.651
     139     0.87 sec   3.18261  |  keff  0.97684   avg  0.97666   SD    4.603
     140     0.87 sec   3.18136  |  keff  0.97727   avg  0.97667   SD    4.602
     141     0.84 sec   3.18040  |  keff  0.97688   avg  0.97667   SD    4.557
     142     0.83 sec   3.18274  |  keff  0.97674   avg  0.97667   SD    4.508
     143     0.88 sec   3.18944  |  keff  0.97608   avg  0.97667   SD    4.505
     144     0.85 sec   3.18908  |  keff  0.97603   avg  0.97666   SD    4.507
     145     0.84 sec   3.18922  |  keff  0.97610   avg  0.97666   SD    4.499
     146     0.85 sec   3.19017  |  keff  0.97598   avg  0.97665   SD    4.508
     147     0.86 sec   3.18759  |  keff  0.97686   avg  0.97665   SD    4.466
     148     0.85 sec   3.18887  |  keff  0.97702   avg  0.97665   SD    4.436
     149     0.83 sec   3.19052  |  keff  0.97683   avg  0.97666   SD    4.395
     150     0.85 sec   3.19083  |  keff  0.97692   avg  0.97666   SD    4.359
 
    Simulation of Burnup Step Terminated...
    - Elapsed time    :    118.785 sec    1.98 min
    - Step Final keff :   0.976659 +/-   4.359
 
    GENT     331.48665 +/-     0.33298 scale:1E-9
 BETASUM       750.146 +/-     8.19895 scale:1E-5
BETASUMO       760.141 +/-    10.31379 scale:1E-5
  BETA1       750.146 +/-     8.19895 scale:1E-5
BETAOG1       760.141 +/-    10.31379 scale:1E-5
  BETA2         0.000 +/-     0.00000 scale:1E-5
BETAOG2         0.000 +/-     0.00000 scale:1E-5
  BETA3         0.000 +/-     0.00000 scale:1E-5
BETAOG3         0.000 +/-     0.00000 scale:1E-5
  BETA4         0.000 +/-     0.00000 scale:1E-5
BETAOG4         0.000 +/-     0.00000 scale:1E-5
  BETA5         0.000 +/-     0.00000 scale:1E-5
BETAOG5         0.000 +/-     0.00000 scale:1E-5
  BETA6         0.000 +/-     0.00000 scale:1E-5
BETAOG6         0.000 +/-     0.00000 scale:1E-5
  BETA7         0.000 +/-     0.00000 scale:1E-5
BETAOG7         0.000 +/-     0.00000 scale:1E-5
  BETA8         0.000 +/-     0.00000 scale:1E-5
BETAOG8         0.000 +/-     0.00000 scale:1E-5
  ALPHA      -0.02263 +/-     0.00025 scale:1E6
 
    Computing time
       1       1.216       0.000       1.216
       2       0.647       0.000       0.647
       3       0.694       0.000       0.694
       4       0.676       0.000       0.676
       5       0.684       0.000       0.684
       6       0.674       0.000       0.674
       7       0.683       0.000       0.683
       8       0.671       0.000       0.671
       9       0.677       0.000       0.677
      10       0.659       0.000       0.659
      11       0.667       0.000       0.667
      12       0.679       0.000       0.679
      13       0.672       0.000       0.672
      14       0.665       0.000       0.665
      15       0.665       0.000       0.665
      16       0.656       0.000       0.656
      17       0.667       0.000       0.667
      18       0.651       0.000       0.651
      19       0.650       0.000       0.650
      20       0.655       0.000       0.655
      21       0.663       0.000       0.663
      22       0.671       0.000       0.671
      23       0.687       0.000       0.687
      24       0.661       0.000       0.661
      25       0.639       0.000       0.639
      26       0.659       0.000       0.659
      27       0.658       0.000       0.658
      28       0.649       0.000       0.649
      29       0.662       0.000       0.662
      30       0.650       0.000       0.650
      31       0.651       0.000       0.651
      32       0.647       0.000       0.647
      33       0.647       0.000       0.647
      34       0.646       0.000       0.646
      35       0.652       0.000       0.652
      36       0.650       0.000       0.650
      37       0.667       0.000       0.667
      38       0.653       0.000       0.653
      39       0.658       0.000       0.658
      40       0.661       0.000       0.661
      41       0.659       0.000       0.659
      42       0.642       0.000       0.642
      43       0.653       0.000       0.653
      44       0.657       0.000       0.657
      45       0.646       0.000       0.646
      46       0.646       0.000       0.646
      47       0.644       0.000       0.644
      48       0.646       0.000       0.646
      49       0.649       0.000       0.649
      50       0.643       0.000       0.643
      51       0.854       0.000       0.854
      52       0.835       0.000       0.835
      53       0.831       0.000       0.831
      54       0.837       0.000       0.837
      55       0.848       0.000       0.848
      56       0.843       0.000       0.843
      57       0.833       0.000       0.833
      58       0.818       0.000       0.818
      59       0.831       0.000       0.831
      60       0.810       0.000       0.810
      61       0.859       0.000       0.859
      62       0.858       0.000       0.858
      63       0.872       0.000       0.872
      64       0.889       0.000       0.889
      65       0.860       0.000       0.860
      66       0.854       0.000       0.854
      67       0.852       0.000       0.852
      68       0.853       0.000       0.853
      69       0.854       0.000       0.854
      70       0.855       0.000       0.855
      71       0.865       0.000       0.865
      72       0.857       0.000       0.857
      73       0.859       0.000       0.859
      74       0.834       0.000       0.834
      75       0.842       0.000       0.842
      76       0.839       0.000       0.839
      77       0.834       0.000       0.834
      78       0.843       0.000       0.843
      79       0.868       0.000       0.868
      80       0.869       0.000       0.869
      81       0.844       0.000       0.844
      82       0.846       0.000       0.846
      83       0.869       0.000       0.869
      84       0.837       0.000       0.837
      85       0.864       0.000       0.864
      86       0.868       0.000       0.868
      87       0.849       0.000       0.849
      88       0.873       0.000       0.873
      89       0.850       0.000       0.850
      90       0.840       0.000       0.840
      91       0.830       0.000       0.830
      92       0.838       0.000       0.838
      93       0.852       0.000       0.852
      94       0.845       0.000       0.845
      95       0.857       0.000       0.857
      96       0.849       0.000       0.849
      97       0.857       0.000       0.857
      98       0.850       0.000       0.850
      99       0.837       0.000       0.837
     100       0.844       0.000       0.844
     101       0.851       0.000       0.851
     102       0.850       0.000       0.850
     103       0.886       0.000       0.886
     104       0.864       0.000       0.864
     105       0.845       0.000       0.845
     106       0.869       0.000       0.869
     107       0.843       0.000       0.843
     108       0.870       0.000       0.870
     109       0.909       0.000       0.909
     110       0.852       0.000       0.852
     111       0.848       0.000       0.848
     112       0.861       0.000       0.861
     113       0.853       0.000       0.853
     114       0.900       0.000       0.900
     115       0.838       0.000       0.838
     116       0.866       0.000       0.866
     117       0.848       0.000       0.848
     118       0.917       0.000       0.917
     119       0.839       0.000       0.839
     120       0.838       0.000       0.838
     121       0.848       0.000       0.848
     122       0.860       0.000       0.860
     123       0.839       0.000       0.839
     124       0.865       0.000       0.865
     125       0.844       0.000       0.844
     126       0.843       0.000       0.843
     127       0.874       0.000       0.874
     128       0.870       0.000       0.870
     129       0.845       0.000       0.845
     130       0.845       0.000       0.845
     131       0.863       0.000       0.863
     132       0.824       0.000       0.824
     133       0.858       0.000       0.858
     134       0.838       0.000       0.838
     135       0.866       0.000       0.866
     136       0.838       0.000       0.838
     137       0.844       0.000       0.844
     138       0.865       0.000       0.865
     139       0.869       0.000       0.869
     140       0.869       0.000       0.869
     141       0.842       0.000       0.842
     142       0.831       0.000       0.831
     143       0.883       0.000       0.883
     144       0.850       0.000       0.850
     145       0.836       0.000       0.836
     146       0.846       0.000       0.846
     147       0.859       0.000       0.859
     148       0.849       0.000       0.849
     149       0.827       0.000       0.827
     150       0.854       0.000       0.854
 
 
    Printing MC power distribution
 
    Printing MC ADJOINT FLUX (IFP-based) distribution
