 ERROR : Unidentified transient solution method -PCQS
 ERROR : Unidentified transient solution method -PCQS
 ERROR : Unidentified transient solution method -PCQS
 ERROR : Unidentified transient solution method -PCQS
 ERROR : Unidentified transient solution method -PCQS
 ERROR : Unidentified transient solution method -PCQS
 ERROR : Unidentified transient solution method -PCQS
 ERROR : Unidentified transient solution method -PCQS
 ERROR : Unidentified transient solution method -PCQS
 ctrl.inp :: CARD A is being read...
 ERROR : Unidentified transient solution method -PCQS
 ERROR : Unidentified transient solution method -PCQS
    CTRL  READ COMPLETE..
    Multi-group Energy Mode...
    XS    READ COMPLETE..
    geom.inp :: GEOMETRY CARD is being read..., LOOP #:           0
 Surf #:           6
 Cell #:           2
 Univ #:           0
 Latt #:           0
 Reading is done...
 Surf #:           6
 Cell #:           2
 Univ #:           0
 Latt #:           0
 Step2 is done...
 Surf #:           6
 Cell #:           2
 Univ #:           0
 Latt #:           0
 Step3 is done...
 Surf #:           6
 Cell #:           2
 Univ #:           0
 Latt #:           0
 Step4 is done...
 Surf #:           6
 Cell #:           2
 Univ #:           0
 Latt #:           0
 Step5 is done...
 Surf #:           6
 Cell #:           2
 Univ #:           0
 Latt #:           0
 TST2
 Surf #:           6
 Cell #:           2
 Univ #:           0
 Latt #:           0
    GEOM  READ COMPLETE..
     Time to read geom.inp [s]:  1.545906066894531E-003
    ADJOINT DISTRIBUTION TALLY
    Initializing Source...
    Source Initializing Complete...
 
 
  > Num of Threads per Node          40
  > Num of MPI Nodes                 11
  > Num of Histories per Cycle   100000
  > Skip Cycles:   50  /  Active Cycles:  100
 
  > Tally is on
  > m-PRUP is OFF
  > FMFD is OFF
 
    Transport Simulation Starts...
       1     1.18 sec   3.32184  |  keff  0.93782
       2     0.65 sec   3.31045  |  keff  0.95316
       3     0.69 sec   3.29229  |  keff  0.96068
       4     0.70 sec   3.27827  |  keff  0.96448
       5     0.68 sec   3.26740  |  keff  0.96695
       6     0.68 sec   3.25685  |  keff  0.96900
       7     0.68 sec   3.24860  |  keff  0.96983
       8     0.68 sec   3.24072  |  keff  0.97058
       9     0.66 sec   3.23178  |  keff  0.97227
      10     0.67 sec   3.22542  |  keff  0.97228
      11     0.66 sec   3.21887  |  keff  0.97354
      12     0.66 sec   3.21540  |  keff  0.97448
      13     0.66 sec   3.20851  |  keff  0.97484
      14     0.66 sec   3.20622  |  keff  0.97481
      15     0.66 sec   3.20480  |  keff  0.97470
      16     0.66 sec   3.20158  |  keff  0.97462
      17     0.66 sec   3.19666  |  keff  0.97550
      18     0.66 sec   3.19700  |  keff  0.97614
      19     0.66 sec   3.19550  |  keff  0.97603
      20     0.66 sec   3.19312  |  keff  0.97639
      21     0.67 sec   3.19226  |  keff  0.97635
      22     0.66 sec   3.19403  |  keff  0.97630
      23     0.65 sec   3.19171  |  keff  0.97642
      24     0.66 sec   3.19387  |  keff  0.97568
      25     0.67 sec   3.19030  |  keff  0.97642
      26     0.65 sec   3.19072  |  keff  0.97655
      27     0.66 sec   3.18939  |  keff  0.97622
      28     0.66 sec   3.18976  |  keff  0.97606
      29     0.65 sec   3.18897  |  keff  0.97657
      30     0.66 sec   3.18724  |  keff  0.97565
      31     0.66 sec   3.18775  |  keff  0.97627
      32     0.66 sec   3.18447  |  keff  0.97732
      33     0.67 sec   3.18722  |  keff  0.97662
      34     0.66 sec   3.18837  |  keff  0.97625
      35     0.65 sec   3.18439  |  keff  0.97691
      36     0.69 sec   3.18387  |  keff  0.97720
      37     0.66 sec   3.18762  |  keff  0.97667
      38     0.66 sec   3.18497  |  keff  0.97674
      39     0.66 sec   3.18402  |  keff  0.97686
      40     0.65 sec   3.18704  |  keff  0.97628
      41     0.69 sec   3.18594  |  keff  0.97687
      42     0.67 sec   3.18709  |  keff  0.97653
      43     0.66 sec   3.18556  |  keff  0.97697
      44     0.65 sec   3.18597  |  keff  0.97677
      45     0.66 sec   3.18614  |  keff  0.97711
      46     0.66 sec   3.18498  |  keff  0.97659
      47     0.68 sec   3.18402  |  keff  0.97642
      48     0.70 sec   3.18222  |  keff  0.97708
      49     0.70 sec   3.18400  |  keff  0.97702
      50     0.66 sec   3.18704  |  keff  0.97644
      51     0.90 sec   3.18774  |  keff  0.97679   avg  0.97679   SD    0.000
      52     0.83 sec   3.18592  |  keff  0.97744   avg  0.97712   SD   32.489
      53     0.90 sec   3.18442  |  keff  0.97662   avg  0.97695   SD   25.159
      54     0.85 sec   3.18787  |  keff  0.97667   avg  0.97688   SD   19.164
      55     0.85 sec   3.18744  |  keff  0.97620   avg  0.97674   SD   20.193
      56     0.86 sec   3.18626  |  keff  0.97674   avg  0.97674   SD   16.487
      57     0.83 sec   3.18546  |  keff  0.97700   avg  0.97678   SD   14.391
      58     0.88 sec   3.18606  |  keff  0.97703   avg  0.97681   SD   12.839
      59     0.82 sec   3.18503  |  keff  0.97671   avg  0.97680   SD   11.376
      60     0.82 sec   3.18433  |  keff  0.97688   avg  0.97681   SD   10.209
      61     0.88 sec   3.18301  |  keff  0.97640   avg  0.97677   SD    9.964
      62     0.84 sec   3.18176  |  keff  0.97696   avg  0.97679   SD    9.226
      63     0.86 sec   3.18312  |  keff  0.97671   avg  0.97678   SD    8.509
      64     0.84 sec   3.18409  |  keff  0.97637   avg  0.97675   SD    8.397
      65     0.87 sec   3.18582  |  keff  0.97639   avg  0.97673   SD    8.172
      66     0.86 sec   3.18411  |  keff  0.97754   avg  0.97678   SD    9.177
      67     0.85 sec   3.18396  |  keff  0.97685   avg  0.97678   SD    8.631
      68     0.84 sec   3.18568  |  keff  0.97658   avg  0.97677   SD    8.212
      69     0.84 sec   3.18645  |  keff  0.97691   avg  0.97678   SD    7.799
      70     0.85 sec   3.18534  |  keff  0.97666   avg  0.97677   SD    7.424
      71     0.84 sec   3.18866  |  keff  0.97650   avg  0.97676   SD    7.175
      72     0.83 sec   3.18941  |  keff  0.97577   avg  0.97671   SD    8.194
      73     0.84 sec   3.18748  |  keff  0.97636   avg  0.97670   SD    7.977
      74     0.88 sec   3.18741  |  keff  0.97654   avg  0.97669   SD    7.665
      75     0.83 sec   3.18881  |  keff  0.97641   avg  0.97668   SD    7.440
      76     0.85 sec   3.18679  |  keff  0.97649   avg  0.97667   SD    7.184
      77     0.85 sec   3.18507  |  keff  0.97708   avg  0.97669   SD    7.078
      78     0.84 sec   3.18715  |  keff  0.97637   avg  0.97668   SD    6.915
      79     0.84 sec   3.18551  |  keff  0.97662   avg  0.97668   SD    6.675
      80     0.83 sec   3.18904  |  keff  0.97548   avg  0.97664   SD    7.588
      81     0.84 sec   3.18795  |  keff  0.97652   avg  0.97663   SD    7.349
      82     0.85 sec   3.18737  |  keff  0.97679   avg  0.97664   SD    7.133
      83     0.84 sec   3.18812  |  keff  0.97631   avg  0.97663   SD    6.986
      84     0.85 sec   3.18683  |  keff  0.97626   avg  0.97662   SD    6.863
      85     0.85 sec   3.18508  |  keff  0.97642   avg  0.97661   SD    6.687
      86     0.85 sec   3.18678  |  keff  0.97669   avg  0.97661   SD    6.503
      87     0.87 sec   3.19134  |  keff  0.97557   avg  0.97658   SD    6.921
      88     0.84 sec   3.18784  |  keff  0.97647   avg  0.97658   SD    6.744
      89     0.89 sec   3.18860  |  keff  0.97578   avg  0.97656   SD    6.882
      90     0.84 sec   3.18579  |  keff  0.97663   avg  0.97656   SD    6.710
      91     0.84 sec   3.18705  |  keff  0.97653   avg  0.97656   SD    6.545
      92     0.84 sec   3.18427  |  keff  0.97683   avg  0.97657   SD    6.420
      93     0.88 sec   3.18455  |  keff  0.97688   avg  0.97658   SD    6.310
      94     0.84 sec   3.18502  |  keff  0.97646   avg  0.97657   SD    6.170
      95     0.85 sec   3.18443  |  keff  0.97670   avg  0.97658   SD    6.038
      96     0.85 sec   3.18552  |  keff  0.97690   avg  0.97658   SD    5.947
      97     0.85 sec   3.18228  |  keff  0.97659   avg  0.97658   SD    5.819
      98     0.86 sec   3.18234  |  keff  0.97651   avg  0.97658   SD    5.699
      99     0.84 sec   3.18213  |  keff  0.97692   avg  0.97659   SD    5.624
     100     0.85 sec   3.18189  |  keff  0.97736   avg  0.97660   SD    5.721
     101     0.84 sec   3.18713  |  keff  0.97684   avg  0.97661   SD    5.627
     102     0.87 sec   3.18671  |  keff  0.97678   avg  0.97661   SD    5.528
     103     0.85 sec   3.18520  |  keff  0.97675   avg  0.97661   SD    5.428
     104     0.84 sec   3.18925  |  keff  0.97644   avg  0.97661   SD    5.336
     105     0.84 sec   3.18770  |  keff  0.97604   avg  0.97660   SD    5.341
     106     0.85 sec   3.18828  |  keff  0.97664   avg  0.97660   SD    5.246
     107     0.84 sec   3.18531  |  keff  0.97741   avg  0.97662   SD    5.346
     108     0.85 sec   3.18389  |  keff  0.97737   avg  0.97663   SD    5.412
     109     0.85 sec   3.18368  |  keff  0.97689   avg  0.97663   SD    5.339
     110     0.85 sec   3.18406  |  keff  0.97689   avg  0.97664   SD    5.266
     111     0.83 sec   3.18413  |  keff  0.97675   avg  0.97664   SD    5.182
     112     0.84 sec   3.18581  |  keff  0.97719   avg  0.97665   SD    5.174
     113     0.85 sec   3.18530  |  keff  0.97727   avg  0.97666   SD    5.186
     114     0.86 sec   3.18864  |  keff  0.97612   avg  0.97665   SD    5.174
     115     0.84 sec   3.18866  |  keff  0.97671   avg  0.97665   SD    5.095
     116     0.86 sec   3.18872  |  keff  0.97626   avg  0.97664   SD    5.051
     117     0.85 sec   3.19001  |  keff  0.97627   avg  0.97664   SD    5.006
     118     0.85 sec   3.18850  |  keff  0.97630   avg  0.97663   SD    4.958
     119     0.85 sec   3.18775  |  keff  0.97668   avg  0.97663   SD    4.886
     120     0.87 sec   3.18592  |  keff  0.97657   avg  0.97663   SD    4.816
     121     0.85 sec   3.18695  |  keff  0.97640   avg  0.97663   SD    4.759
     122     0.84 sec   3.18782  |  keff  0.97703   avg  0.97664   SD    4.725
     123     0.83 sec   3.18938  |  keff  0.97679   avg  0.97664   SD    4.665
     124     0.85 sec   3.18796  |  keff  0.97655   avg  0.97664   SD    4.603
     125     0.88 sec   3.19151  |  keff  0.97638   avg  0.97663   SD    4.554
     126     0.83 sec   3.18987  |  keff  0.97649   avg  0.97663   SD    4.498
     127     0.87 sec   3.18777  |  keff  0.97640   avg  0.97663   SD    4.449
     128     0.88 sec   3.18775  |  keff  0.97645   avg  0.97663   SD    4.398
     129     0.84 sec   3.18960  |  keff  0.97625   avg  0.97662   SD    4.368
     130     0.85 sec   3.18984  |  keff  0.97594   avg  0.97661   SD    4.396
     131     0.88 sec   3.19002  |  keff  0.97646   avg  0.97661   SD    4.345
     132     0.87 sec   3.19092  |  keff  0.97677   avg  0.97661   SD    4.296
     133     0.85 sec   3.19483  |  keff  0.97583   avg  0.97660   SD    4.347
     134     0.87 sec   3.19054  |  keff  0.97609   avg  0.97660   SD    4.339
     135     0.85 sec   3.19111  |  keff  0.97699   avg  0.97660   SD    4.312
     136     0.83 sec   3.18579  |  keff  0.97664   avg  0.97660   SD    4.262
     137     0.84 sec   3.18601  |  keff  0.97678   avg  0.97660   SD    4.218
     138     0.86 sec   3.18471  |  keff  0.97662   avg  0.97660   SD    4.170
     139     0.84 sec   3.18835  |  keff  0.97689   avg  0.97661   SD    4.135
     140     0.88 sec   3.19012  |  keff  0.97666   avg  0.97661   SD    4.089
     141     0.87 sec   3.19027  |  keff  0.97615   avg  0.97660   SD    4.076
     142     0.84 sec   3.18650  |  keff  0.97710   avg  0.97661   SD    4.067
     143     0.84 sec   3.18512  |  keff  0.97681   avg  0.97661   SD    4.029
     144     0.84 sec   3.18730  |  keff  0.97655   avg  0.97661   SD    3.986
     145     0.84 sec   3.18848  |  keff  0.97663   avg  0.97661   SD    3.944
     146     0.84 sec   3.19004  |  keff  0.97655   avg  0.97661   SD    3.903
     147     0.82 sec   3.19065  |  keff  0.97567   avg  0.97660   SD    3.983
     148     0.83 sec   3.18947  |  keff  0.97520   avg  0.97659   SD    4.193
     149     0.84 sec   3.18698  |  keff  0.97649   avg  0.97659   SD    4.152
     150     0.84 sec   3.18410  |  keff  0.97699   avg  0.97659   SD    4.130
 
    Simulation of Burnup Step Terminated...
    - Elapsed time    :    118.796 sec    1.98 min
    - Step Final keff :   0.976589 +/-   4.130
 
    GENT     331.11329 +/-     0.31653 scale:1E-9
 BETASUM       748.392 +/-     9.49986 scale:1E-5
BETASUMO       736.089 +/-     9.19309 scale:1E-5
  BETA1       748.392 +/-     9.49986 scale:1E-5
BETAOG1       736.089 +/-     9.19309 scale:1E-5
  BETA2         0.000 +/-     0.00000 scale:1E-5
BETAOG2         0.000 +/-     0.00000 scale:1E-5
  BETA3         0.000 +/-     0.00000 scale:1E-5
BETAOG3         0.000 +/-     0.00000 scale:1E-5
  BETA4         0.000 +/-     0.00000 scale:1E-5
BETAOG4         0.000 +/-     0.00000 scale:1E-5
  BETA5         0.000 +/-     0.00000 scale:1E-5
BETAOG5         0.000 +/-     0.00000 scale:1E-5
  BETA6         0.000 +/-     0.00000 scale:1E-5
BETAOG6         0.000 +/-     0.00000 scale:1E-5
  BETA7         0.000 +/-     0.00000 scale:1E-5
BETAOG7         0.000 +/-     0.00000 scale:1E-5
  BETA8         0.000 +/-     0.00000 scale:1E-5
BETAOG8         0.000 +/-     0.00000 scale:1E-5
  ALPHA      -0.02261 +/-     0.00029 scale:1E6
 
    Computing time
       1       1.181       0.000       1.181
       2       0.645       0.000       0.645
       3       0.690       0.000       0.690
       4       0.705       0.000       0.705
       5       0.677       0.000       0.677
       6       0.675       0.000       0.675
       7       0.683       0.000       0.683
       8       0.676       0.000       0.676
       9       0.664       0.000       0.664
      10       0.666       0.000       0.666
      11       0.663       0.000       0.663
      12       0.658       0.000       0.658
      13       0.661       0.000       0.661
      14       0.663       0.000       0.663
      15       0.657       0.000       0.657
      16       0.658       0.000       0.658
      17       0.662       0.000       0.662
      18       0.660       0.000       0.660
      19       0.664       0.000       0.664
      20       0.661       0.000       0.661
      21       0.668       0.000       0.668
      22       0.662       0.000       0.662
      23       0.655       0.000       0.655
      24       0.655       0.000       0.655
      25       0.673       0.000       0.673
      26       0.652       0.000       0.652
      27       0.659       0.000       0.659
      28       0.663       0.000       0.663
      29       0.651       0.000       0.651
      30       0.661       0.000       0.661
      31       0.656       0.000       0.656
      32       0.662       0.000       0.662
      33       0.666       0.000       0.666
      34       0.665       0.000       0.665
      35       0.650       0.000       0.650
      36       0.693       0.000       0.693
      37       0.656       0.000       0.656
      38       0.659       0.000       0.659
      39       0.657       0.000       0.657
      40       0.651       0.000       0.651
      41       0.688       0.000       0.688
      42       0.670       0.000       0.670
      43       0.661       0.000       0.661
      44       0.651       0.000       0.651
      45       0.658       0.000       0.658
      46       0.659       0.000       0.659
      47       0.678       0.000       0.678
      48       0.700       0.000       0.700
      49       0.697       0.000       0.697
      50       0.656       0.000       0.656
      51       0.897       0.000       0.897
      52       0.835       0.000       0.835
      53       0.897       0.000       0.897
      54       0.846       0.000       0.846
      55       0.850       0.000       0.850
      56       0.858       0.000       0.858
      57       0.830       0.000       0.830
      58       0.882       0.000       0.882
      59       0.819       0.000       0.819
      60       0.820       0.000       0.820
      61       0.877       0.000       0.877
      62       0.841       0.000       0.841
      63       0.856       0.000       0.856
      64       0.836       0.000       0.836
      65       0.872       0.000       0.872
      66       0.857       0.000       0.857
      67       0.851       0.000       0.851
      68       0.836       0.000       0.836
      69       0.840       0.000       0.840
      70       0.848       0.000       0.848
      71       0.841       0.000       0.841
      72       0.830       0.000       0.830
      73       0.840       0.000       0.840
      74       0.879       0.000       0.879
      75       0.834       0.000       0.834
      76       0.845       0.000       0.845
      77       0.847       0.000       0.847
      78       0.842       0.000       0.842
      79       0.844       0.000       0.844
      80       0.831       0.000       0.831
      81       0.841       0.000       0.841
      82       0.853       0.000       0.853
      83       0.837       0.000       0.837
      84       0.845       0.000       0.845
      85       0.852       0.000       0.852
      86       0.847       0.000       0.847
      87       0.865       0.000       0.865
      88       0.840       0.000       0.840
      89       0.887       0.000       0.887
      90       0.841       0.000       0.841
      91       0.844       0.000       0.844
      92       0.842       0.000       0.842
      93       0.880       0.000       0.880
      94       0.843       0.000       0.843
      95       0.848       0.000       0.848
      96       0.851       0.000       0.851
      97       0.850       0.000       0.850
      98       0.861       0.000       0.861
      99       0.843       0.000       0.843
     100       0.847       0.000       0.847
     101       0.837       0.000       0.837
     102       0.866       0.000       0.866
     103       0.850       0.000       0.850
     104       0.843       0.000       0.843
     105       0.841       0.000       0.841
     106       0.848       0.000       0.848
     107       0.837       0.000       0.837
     108       0.845       0.000       0.845
     109       0.850       0.000       0.850
     110       0.846       0.000       0.846
     111       0.829       0.000       0.829
     112       0.844       0.000       0.844
     113       0.849       0.000       0.849
     114       0.858       0.000       0.858
     115       0.837       0.000       0.837
     116       0.864       0.000       0.864
     117       0.848       0.000       0.848
     118       0.846       0.000       0.846
     119       0.848       0.000       0.848
     120       0.869       0.000       0.869
     121       0.850       0.000       0.850
     122       0.840       0.000       0.840
     123       0.834       0.000       0.834
     124       0.855       0.000       0.855
     125       0.883       0.000       0.883
     126       0.834       0.000       0.834
     127       0.869       0.000       0.869
     128       0.883       0.000       0.883
     129       0.845       0.000       0.845
     130       0.852       0.000       0.852
     131       0.883       0.000       0.883
     132       0.865       0.000       0.865
     133       0.846       0.000       0.846
     134       0.865       0.000       0.865
     135       0.845       0.000       0.845
     136       0.833       0.000       0.833
     137       0.843       0.000       0.843
     138       0.859       0.000       0.859
     139       0.839       0.000       0.839
     140       0.878       0.000       0.878
     141       0.874       0.000       0.874
     142       0.844       0.000       0.844
     143       0.843       0.000       0.843
     144       0.838       0.000       0.838
     145       0.844       0.000       0.844
     146       0.840       0.000       0.840
     147       0.820       0.000       0.820
     148       0.835       0.000       0.835
     149       0.844       0.000       0.844
     150       0.845       0.000       0.845
 
 
    Printing MC power distribution
 
    Printing MC ADJOINT FLUX (IFP-based) distribution
