 ctrl.inp :: CARD A is being read...
    CTRL  READ COMPLETE..
    Continuous Energy Mode...
    CE_mat.inp :: CARD D is being read...
    Number of Defined MAT:           3
     S(a,b) lib:            1 /home/codes/serpent_data/endf71/hh2o.71t_0293
     S(a,b) lib:            2 /home/codes/serpent_data/endf71/hh2o.71t_0350
 lwtr1                Fraction:   0.000000000000000E+000
           1 /home/codes/serpent_data/endf71/1001.710nc
           2 /home/codes/serpent_data/endf71/7014.710nc
          WARNING :: NYD block exists
           3 /home/codes/serpent_data/endf71/8016.710nc
          WARNING :: NYD block exists
           4 /home/codes/serpent_data/endf71/92234.710nc
           5 /home/codes/serpent_data/endf71/92235.710nc
           6 /home/codes/serpent_data/endf71/92236.710nc
           7 /home/codes/serpent_data/endf71/92238.710nc
           8 /home/codes/serpent_data/endf71/6000.710nc
          WARNING :: NYD block exists
           9 /home/codes/serpent_data/endf71/14028.710nc
          WARNING :: NYD block exists
          10 /home/codes/serpent_data/endf71/14029.710nc
          WARNING :: NYD block exists
          11 /home/codes/serpent_data/endf71/14030.710nc
          WARNING :: NYD block exists
          12 /home/codes/serpent_data/endf71/25055.710nc
          WARNING :: NYD block exists
          13 /home/codes/serpent_data/endf71/15031.710nc
          WARNING :: NYD block exists
          14 /home/codes/serpent_data/endf71/16032.710nc
          15 /home/codes/serpent_data/endf71/16033.710nc
          16 /home/codes/serpent_data/endf71/16034.710nc
          17 /home/codes/serpent_data/endf71/16036.710nc
          18 /home/codes/serpent_data/endf71/28058.710nc
          WARNING :: NYD block exists
          19 /home/codes/serpent_data/endf71/28060.710nc
          WARNING :: NYD block exists
          20 /home/codes/serpent_data/endf71/28061.710nc
          WARNING :: NYD block exists
          21 /home/codes/serpent_data/endf71/28062.710nc
          WARNING :: NYD block exists
          22 /home/codes/serpent_data/endf71/28064.710nc
          WARNING :: NYD block exists
          23 /home/codes/serpent_data/endf71/24050.710nc
          WARNING :: NYD block exists
          24 /home/codes/serpent_data/endf71/24052.710nc
          WARNING :: NYD block exists
          25 /home/codes/serpent_data/endf71/24053.710nc
          WARNING :: NYD block exists
          26 /home/codes/serpent_data/endf71/24054.710nc
          WARNING :: NYD block exists
          27 /home/codes/serpent_data/endf71/26054.710nc
          WARNING :: NYD block exists
          28 /home/codes/serpent_data/endf71/26056.710nc
          WARNING :: NYD block exists
          29 /home/codes/serpent_data/endf71/26057.710nc
          WARNING :: NYD block exists
          30 /home/codes/serpent_data/endf71/26058.710nc
    CE MAT READ COMPLETE...
     Time to read CE_mat.inp [s]:   3.92471098899841     
    geom.inp :: GEOMETRY CARD is being read..., LOOP #:           0
 Surf #:           7
 Cell #:           9
 Univ #:           0
 Latt #:           0
 Reading is done...
 Surf #:           7
 Cell #:           9
 Univ #:           0
 Latt #:           0
 Step2 is done...
 Surf #:           7
 Cell #:           9
 Univ #:           0
 Latt #:           0
 Step3 is done...
 Surf #:           7
 Cell #:           9
 Univ #:           0
 Latt #:           0
 Step4 is done...
 Surf #:           7
 Cell #:           9
 Univ #:           0
 Latt #:           0
 Step5 is done...
 Surf #:           7
 Cell #:           9
 Univ #:           0
 Latt #:           0
 TST2
 Surf #:           7
 Cell #:           9
 Univ #:           0
 Latt #:           0
    GEOM  READ COMPLETE..
     Time to read geom.inp [s]:  1.955032348632812E-003
    ADJOINT SPECTRUM     TALLY
    Setting ugrid...
    Setting ugrid...
   UEG XS set for 16036.80c  17/  30
   UEG XS set for 1001.80c   1/  30
   UEG XS set for 15031.80c  13/  30
   UEG XS set for 28062.80c  21/  30
   UEG XS set for 28058.80c  18/  30
   UEG XS set for 14028.80c   9/  30
   UEG XS set for 92234.80c   4/  30
   UEG XS set for 28060.80c  19/  30
   UEG XS set for 26054.80c  27/  30
   UEG XS set for 7014.80c   2/  30
   UEG XS set for 28061.80c  20/  30
   UEG XS set for 26058.80c  30/  30
   UEG XS set for 8016.80c   3/  30
   UEG XS set for 16034.80c  16/  30
   UEG XS set for 16033.80c  15/  30
   UEG XS set for 26057.80c  29/  30
   UEG XS set for 92235.80c   5/  30
   UEG XS set for 26056.80c  28/  30
   UEG XS set for 16032.80c  14/  30
   UEG XS set for 25055.80c  12/  30
   UEG XS set for 24054.80c  26/  30
   UEG XS set for 24050.80c  23/  30
   UEG XS set for 92238.80c   7/  30
   UEG XS set for 24052.80c  24/  30
   UEG XS set for 14029.80c  10/  30
   UEG XS set for 92236.80c   6/  30
   UEG XS set for 6000.80c   8/  30
   UEG XS set for 14030.80c  11/  30
   UEG XS set for 28064.80c  22/  30
   UEG XS set for 24053.80c  25/  30
    Initializing Source...
    Source Initializing Complete...
 
 
  > Num of Threads per Node          40
  > Num of MPI Nodes                 11
  > Num of Histories per Cycle   400000
  > Skip Cycles:  100  /  Active Cycles:  500
 
  > m-PRUP is OFF
  > FMFD is OFF
 
    Transport Simulation Starts...
       1     2.28 sec   0.00000  |  keff  0.97174
       2     1.64 sec   0.00000  |  keff  0.97370
       3     1.69 sec   0.00000  |  keff  0.98282
       4     1.70 sec   0.00000  |  keff  0.98667
       5     1.65 sec   0.00000  |  keff  0.99416
       6     1.72 sec   0.00000  |  keff  0.99212
       7     1.68 sec   0.00000  |  keff  0.99536
       8     1.70 sec   0.00000  |  keff  0.99634
       9     1.70 sec   0.00000  |  keff  0.99370
      10     1.67 sec   0.00000  |  keff  0.99033
      11     1.71 sec   0.00000  |  keff  0.99720
      12     1.69 sec   0.00000  |  keff  0.99187
      13     1.67 sec   0.00000  |  keff  0.99474
      14     1.71 sec   0.00000  |  keff  0.99559
      15     1.69 sec   0.00000  |  keff  0.99727
      16     1.72 sec   0.00000  |  keff  0.99502
      17     1.66 sec   0.00000  |  keff  0.99557
      18     1.67 sec   0.00000  |  keff  0.99364
      19     1.68 sec   0.00000  |  keff  0.99572
      20     1.68 sec   0.00000  |  keff  0.99404
      21     1.68 sec   0.00000  |  keff  0.99394
      22     1.66 sec   0.00000  |  keff  0.99378
      23     1.68 sec   0.00000  |  keff  0.99576
      24     1.69 sec   0.00000  |  keff  0.99434
      25     1.68 sec   0.00000  |  keff  0.99243
      26     1.70 sec   0.00000  |  keff  0.99614
      27     1.67 sec   0.00000  |  keff  0.99176
      28     1.71 sec   0.00000  |  keff  0.99477
      29     1.68 sec   0.00000  |  keff  0.99288
      30     1.67 sec   0.00000  |  keff  0.99321
      31     1.70 sec   0.00000  |  keff  0.99501
      32     1.71 sec   0.00000  |  keff  0.99485
      33     1.69 sec   0.00000  |  keff  0.99380
      34     1.63 sec   0.00000  |  keff  0.99476
      35     1.66 sec   0.00000  |  keff  0.99421
      36     1.71 sec   0.00000  |  keff  0.99260
      37     1.71 sec   0.00000  |  keff  0.99432
      38     1.66 sec   0.00000  |  keff  0.99732
      39     1.72 sec   0.00000  |  keff  0.99426
      40     1.73 sec   0.00000  |  keff  0.99735
      41     1.70 sec   0.00000  |  keff  0.99868
      42     1.65 sec   0.00000  |  keff  0.99279
      43     1.72 sec   0.00000  |  keff  0.99578
      44     1.64 sec   0.00000  |  keff  0.99173
      45     1.67 sec   0.00000  |  keff  0.99370
      46     1.69 sec   0.00000  |  keff  0.99475
      47     1.73 sec   0.00000  |  keff  0.99733
      48     1.69 sec   0.00000  |  keff  0.99393
      49     1.67 sec   0.00000  |  keff  0.99547
      50     1.66 sec   0.00000  |  keff  0.99546
      51     1.64 sec   0.00000  |  keff  0.99396
      52     1.67 sec   0.00000  |  keff  0.99322
      53     1.72 sec   0.00000  |  keff  0.99549
      54     1.69 sec   0.00000  |  keff  0.99429
      55     1.66 sec   0.00000  |  keff  0.99573
      56     1.69 sec   0.00000  |  keff  0.99619
      57     1.71 sec   0.00000  |  keff  0.99310
      58     1.71 sec   0.00000  |  keff  0.99452
      59     1.66 sec   0.00000  |  keff  0.99406
      60     1.71 sec   0.00000  |  keff  0.99619
      61     1.67 sec   0.00000  |  keff  0.99028
      62     1.69 sec   0.00000  |  keff  0.99295
      63     1.66 sec   0.00000  |  keff  0.99180
      64     1.72 sec   0.00000  |  keff  0.99586
      65     1.70 sec   0.00000  |  keff  0.99329
      66     1.69 sec   0.00000  |  keff  0.99632
      67     1.69 sec   0.00000  |  keff  0.99441
      68     1.70 sec   0.00000  |  keff  0.99564
      69     1.67 sec   0.00000  |  keff  0.99516
      70     1.66 sec   0.00000  |  keff  0.99602
      71     1.66 sec   0.00000  |  keff  0.99621
      72     1.65 sec   0.00000  |  keff  0.99324
      73     1.69 sec   0.00000  |  keff  0.99579
      74     1.68 sec   0.00000  |  keff  0.99313
      75     1.71 sec   0.00000  |  keff  0.99543
      76     1.67 sec   0.00000  |  keff  0.99747
      77     1.68 sec   0.00000  |  keff  0.99526
      78     1.70 sec   0.00000  |  keff  0.99578
      79     1.70 sec   0.00000  |  keff  0.99602
      80     1.72 sec   0.00000  |  keff  0.99644
      81     1.71 sec   0.00000  |  keff  0.99403
      82     1.70 sec   0.00000  |  keff  0.99408
      83     1.68 sec   0.00000  |  keff  0.99372
      84     1.68 sec   0.00000  |  keff  0.99627
      85     1.74 sec   0.00000  |  keff  0.99484
      86     1.71 sec   0.00000  |  keff  0.99119
      87     1.65 sec   0.00000  |  keff  0.99839
      88     1.66 sec   0.00000  |  keff  0.99380
      89     1.66 sec   0.00000  |  keff  0.99521
      90     1.70 sec   0.00000  |  keff  0.99337
      91     1.67 sec   0.00000  |  keff  0.99499
      92     1.68 sec   0.00000  |  keff  0.99504
      93     1.66 sec   0.00000  |  keff  0.99240
      94     1.67 sec   0.00000  |  keff  0.99363
      95     1.69 sec   0.00000  |  keff  0.99609
      96     1.71 sec   0.00000  |  keff  0.99509
      97     1.67 sec   0.00000  |  keff  0.99365
      98     1.68 sec   0.00000  |  keff  0.99154
      99     1.71 sec   0.00000  |  keff  0.99136
     100     1.64 sec   0.00000  |  keff  0.99390
     101     4.01 sec   0.00000  |  keff  0.99795   avg  0.99795   SD    0.000
     102     3.92 sec   0.00000  |  keff  0.99632   avg  0.99713   SD   81.694
     103     4.01 sec   0.00000  |  keff  0.99329   avg  0.99585   SD  136.676
     104     4.06 sec   0.00000  |  keff  0.99591   avg  0.99587   SD   96.657
     105     4.00 sec   0.00000  |  keff  0.99653   avg  0.99600   SD   76.030
     106     4.12 sec   0.00000  |  keff  0.99377   avg  0.99563   SD   72.359
     107     4.00 sec   0.00000  |  keff  0.99672   avg  0.99578   SD   63.110
     108     4.10 sec   0.00000  |  keff  0.99704   avg  0.99594   SD   56.880
     109     4.13 sec   0.00000  |  keff  0.99445   avg  0.99577   SD   52.835
     110     4.03 sec   0.00000  |  keff  0.99380   avg  0.99558   SD   51.226
     111     4.50 sec   0.00000  |  keff  0.99391   avg  0.99542   SD   48.763
     112     4.67 sec   0.00000  |  keff  0.99283   avg  0.99521   SD   49.504
     113     4.53 sec   0.00000  |  keff  0.99364   avg  0.99509   SD   47.116
     114     4.63 sec   0.00000  |  keff  0.99478   avg  0.99507   SD   43.674
     115     4.51 sec   0.00000  |  keff  0.99400   avg  0.99499   SD   41.274
     116     4.62 sec   0.00000  |  keff  0.99581   avg  0.99505   SD   38.947
     117     4.52 sec   0.00000  |  keff  0.99672   avg  0.99514   SD   37.880
     118     4.62 sec   0.00000  |  keff  0.99272   avg  0.99501   SD   38.169
     119     4.53 sec   0.00000  |  keff  0.99470   avg  0.99499   SD   36.140
     120     4.68 sec   0.00000  |  keff  0.99604   avg  0.99505   SD   34.683
     121     4.54 sec   0.00000  |  keff  0.99342   avg  0.99497   SD   33.888
     122     4.58 sec   0.00000  |  keff  0.99681   avg  0.99505   SD   33.377
     123     4.56 sec   0.00000  |  keff  0.99574   avg  0.99508   SD   32.034
     124     4.62 sec   0.00000  |  keff  0.99390   avg  0.99503   SD   31.065
     125     4.64 sec   0.00000  |  keff  0.99575   avg  0.99506   SD   29.935
     126     4.67 sec   0.00000  |  keff  0.99968   avg  0.99524   SD   33.804
     127     4.55 sec   0.00000  |  keff  0.99704   avg  0.99531   SD   33.203
     128     4.66 sec   0.00000  |  keff  0.99748   avg  0.99538   SD   32.925
     129     4.51 sec   0.00000  |  keff  0.99519   avg  0.99538   SD   31.776
     130     4.58 sec   0.00000  |  keff  0.99586   avg  0.99539   SD   30.740
     131     4.55 sec   0.00000  |  keff  0.99442   avg  0.99536   SD   29.897
     132     4.75 sec   0.00000  |  keff  0.99408   avg  0.99532   SD   29.221
     133     4.62 sec   0.00000  |  keff  0.99478   avg  0.99530   SD   28.369
     134     4.59 sec   0.00000  |  keff  0.99417   avg  0.99527   SD   27.724
     135     4.60 sec   0.00000  |  keff  0.99371   avg  0.99523   SD   27.289
     136     4.51 sec   0.00000  |  keff  0.99385   avg  0.99519   SD   26.795
     137     4.64 sec   0.00000  |  keff  0.99224   avg  0.99511   SD   27.253
     138     4.61 sec   0.00000  |  keff  0.99432   avg  0.99509   SD   26.607
     139     4.60 sec   0.00000  |  keff  0.99906   avg  0.99519   SD   27.847
     140     4.60 sec   0.00000  |  keff  0.99490   avg  0.99518   SD   27.151
     141     4.53 sec   0.00000  |  keff  0.99429   avg  0.99516   SD   26.570
     142     4.59 sec   0.00000  |  keff  0.99382   avg  0.99513   SD   26.126
     143     4.68 sec   0.00000  |  keff  0.99473   avg  0.99512   SD   25.527
     144     4.56 sec   0.00000  |  keff  0.99560   avg  0.99513   SD   24.965
     145     4.68 sec   0.00000  |  keff  0.99524   avg  0.99513   SD   24.405
     146     4.58 sec   0.00000  |  keff  0.99367   avg  0.99510   SD   24.078
     147     4.51 sec   0.00000  |  keff  0.99417   avg  0.99508   SD   23.643
     148     4.51 sec   0.00000  |  keff  0.99485   avg  0.99508   SD   23.150
     149     4.51 sec   0.00000  |  keff  0.99547   avg  0.99509   SD   22.687
     150     4.42 sec   0.00000  |  keff  0.99474   avg  0.99508   SD   22.239
     151     4.53 sec   0.00000  |  keff  0.99700   avg  0.99512   SD   22.121
     152     4.61 sec   0.00000  |  keff  0.99734   avg  0.99516   SD   22.109
     153     4.64 sec   0.00000  |  keff  0.99399   avg  0.99514   SD   21.800
     154     4.52 sec   0.00000  |  keff  0.99683   avg  0.99517   SD   21.620
     155     4.59 sec   0.00000  |  keff  0.99348   avg  0.99514   SD   21.445
     156     4.50 sec   0.00000  |  keff  0.99631   avg  0.99516   SD   21.162
     157     4.58 sec   0.00000  |  keff  0.99586   avg  0.99517   SD   20.824
     158     4.51 sec   0.00000  |  keff  0.99519   avg  0.99517   SD   20.461
     159     4.56 sec   0.00000  |  keff  0.99540   avg  0.99517   SD   20.115
     160     4.43 sec   0.00000  |  keff  0.99726   avg  0.99521   SD   20.080
     161     4.49 sec   0.00000  |  keff  0.99630   avg  0.99523   SD   19.829
     162     4.49 sec   0.00000  |  keff  0.99447   avg  0.99521   SD   19.545
     163     4.48 sec   0.00000  |  keff  0.99633   avg  0.99523   SD   19.314
     164     4.56 sec   0.00000  |  keff  0.99491   avg  0.99523   SD   19.016
     165     4.53 sec   0.00000  |  keff  0.99393   avg  0.99521   SD   18.827
     166     4.40 sec   0.00000  |  keff  0.99832   avg  0.99525   SD   19.129
     167     4.56 sec   0.00000  |  keff  0.99584   avg  0.99526   SD   18.862
     168     4.51 sec   0.00000  |  keff  0.99451   avg  0.99525   SD   18.615
     169     4.65 sec   0.00000  |  keff  0.99589   avg  0.99526   SD   18.366
     170     4.51 sec   0.00000  |  keff  0.99472   avg  0.99525   SD   18.118
     171     4.64 sec   0.00000  |  keff  0.99675   avg  0.99528   SD   17.986
     172     4.55 sec   0.00000  |  keff  0.99675   avg  0.99530   SD   17.852
     173     4.63 sec   0.00000  |  keff  0.99556   avg  0.99530   SD   17.610
     174     4.42 sec   0.00000  |  keff  0.99173   avg  0.99525   SD   18.027
     175     4.60 sec   0.00000  |  keff  0.99580   avg  0.99526   SD   17.800
     176     4.52 sec   0.00000  |  keff  0.99523   avg  0.99526   SD   17.564
     177     4.59 sec   0.00000  |  keff  0.99407   avg  0.99524   SD   17.403
     178     4.58 sec   0.00000  |  keff  0.99307   avg  0.99521   SD   17.402
     179     4.45 sec   0.00000  |  keff  0.99515   avg  0.99521   SD   17.181
     180     4.58 sec   0.00000  |  keff  0.99317   avg  0.99519   SD   17.155
     181     4.52 sec   0.00000  |  keff  0.99486   avg  0.99518   SD   16.947
     182     4.48 sec   0.00000  |  keff  0.99303   avg  0.99516   SD   16.944
     183     4.52 sec   0.00000  |  keff  0.99577   avg  0.99517   SD   16.755
     184     4.57 sec   0.00000  |  keff  0.99578   avg  0.99517   SD   16.570
     185     4.40 sec   0.00000  |  keff  0.99449   avg  0.99516   SD   16.394
     186     4.45 sec   0.00000  |  keff  0.99744   avg  0.99519   SD   16.416
     187     4.41 sec   0.00000  |  keff  0.99356   avg  0.99517   SD   16.334
     188     4.55 sec   0.00000  |  keff  0.99601   avg  0.99518   SD   16.175
     189     4.46 sec   0.00000  |  keff  0.99289   avg  0.99516   SD   16.198
     190     4.47 sec   0.00000  |  keff  0.99467   avg  0.99515   SD   16.026
     191     4.38 sec   0.00000  |  keff  0.99639   avg  0.99516   SD   15.908
     192     4.70 sec   0.00000  |  keff  0.99464   avg  0.99516   SD   15.744
     193     4.52 sec   0.00000  |  keff  0.99315   avg  0.99514   SD   15.723
     194     4.44 sec   0.00000  |  keff  0.99398   avg  0.99512   SD   15.604
     195     4.44 sec   0.00000  |  keff  0.99493   avg  0.99512   SD   15.440
     196     4.52 sec   0.00000  |  keff  0.99466   avg  0.99512   SD   15.286
     197     4.58 sec   0.00000  |  keff  0.99426   avg  0.99511   SD   15.153
     198     4.43 sec   0.00000  |  keff  0.99698   avg  0.99513   SD   15.120
     199     4.33 sec   0.00000  |  keff  0.99177   avg  0.99509   SD   15.347
     200     4.42 sec   0.00000  |  keff  0.99450   avg  0.99509   SD   15.204
     201     4.42 sec   0.00000  |  keff  0.99439   avg  0.99508   SD   15.069
     202     4.41 sec   0.00000  |  keff  0.99532   avg  0.99508   SD   14.922
     203     4.38 sec   0.00000  |  keff  0.99581   avg  0.99509   SD   14.793
     204     4.52 sec   0.00000  |  keff  0.99687   avg  0.99511   SD   14.750
     205     4.41 sec   0.00000  |  keff  0.99687   avg  0.99512   SD   14.705
     206     4.51 sec   0.00000  |  keff  0.99639   avg  0.99514   SD   14.615
     207     4.59 sec   0.00000  |  keff  0.99351   avg  0.99512   SD   14.557
     208     4.58 sec   0.00000  |  keff  0.99398   avg  0.99511   SD   14.460
     209     4.36 sec   0.00000  |  keff  0.99395   avg  0.99510   SD   14.367
     210     4.53 sec   0.00000  |  keff  0.99643   avg  0.99511   SD   14.287
     211     4.51 sec   0.00000  |  keff  0.99732   avg  0.99513   SD   14.296
     212     4.52 sec   0.00000  |  keff  0.99241   avg  0.99511   SD   14.375
     213     4.46 sec   0.00000  |  keff  0.99742   avg  0.99513   SD   14.393
     214     4.57 sec   0.00000  |  keff  0.99468   avg  0.99512   SD   14.272
     215     4.47 sec   0.00000  |  keff  0.99063   avg  0.99509   SD   14.678
     216     4.58 sec   0.00000  |  keff  0.99666   avg  0.99510   SD   14.614
     217     4.49 sec   0.00000  |  keff  0.99439   avg  0.99509   SD   14.501
     218     4.63 sec   0.00000  |  keff  0.99612   avg  0.99510   SD   14.404
     219     4.44 sec   0.00000  |  keff  0.99306   avg  0.99508   SD   14.386
     220     4.51 sec   0.00000  |  keff  0.99451   avg  0.99508   SD   14.273
     221     4.41 sec   0.00000  |  keff  0.99145   avg  0.99505   SD   14.470
     222     4.55 sec   0.00000  |  keff  0.99444   avg  0.99504   SD   14.359
     223     4.27 sec   0.00000  |  keff  0.99452   avg  0.99504   SD   14.248
     224     4.57 sec   0.00000  |  keff  0.99477   avg  0.99504   SD   14.135
     225     4.38 sec   0.00000  |  keff  0.99708   avg  0.99505   SD   14.116
     226     4.47 sec   0.00000  |  keff  0.99546   avg  0.99506   SD   14.007
     227     4.49 sec   0.00000  |  keff  0.99304   avg  0.99504   SD   13.987
     228     4.50 sec   0.00000  |  keff  0.99702   avg  0.99506   SD   13.963
     229     4.60 sec   0.00000  |  keff  0.99426   avg  0.99505   SD   13.868
     230     4.49 sec   0.00000  |  keff  0.99245   avg  0.99503   SD   13.905
     231     4.43 sec   0.00000  |  keff  0.99197   avg  0.99501   SD   13.996
     232     4.64 sec   0.00000  |  keff  0.99587   avg  0.99501   SD   13.905
     233     4.44 sec   0.00000  |  keff  0.99873   avg  0.99504   SD   14.080
     234     4.48 sec   0.00000  |  keff  0.99468   avg  0.99504   SD   13.977
     235     4.35 sec   0.00000  |  keff  0.99679   avg  0.99505   SD   13.933
     236     4.48 sec   0.00000  |  keff  0.99269   avg  0.99503   SD   13.939
     237     4.50 sec   0.00000  |  keff  0.99229   avg  0.99501   SD   13.981
     238     4.48 sec   0.00000  |  keff  0.99426   avg  0.99501   SD   13.890
     239     4.48 sec   0.00000  |  keff  0.99600   avg  0.99502   SD   13.808
     240     4.62 sec   0.00000  |  keff  0.99242   avg  0.99500   SD   13.834
     241     4.44 sec   0.00000  |  keff  0.99545   avg  0.99500   SD   13.739
     242     4.48 sec   0.00000  |  keff  0.99584   avg  0.99501   SD   13.655
     243     4.48 sec   0.00000  |  keff  0.99496   avg  0.99501   SD   13.559
     244     4.51 sec   0.00000  |  keff  0.99301   avg  0.99499   SD   13.536
     245     4.48 sec   0.00000  |  keff  0.99399   avg  0.99499   SD   13.460
     246     4.48 sec   0.00000  |  keff  0.99225   avg  0.99497   SD   13.498
     247     4.62 sec   0.00000  |  keff  0.99399   avg  0.99496   SD   13.423
     248     4.49 sec   0.00000  |  keff  0.99562   avg  0.99496   SD   13.339
     249     4.53 sec   0.00000  |  keff  0.99414   avg  0.99496   SD   13.261
     250     4.58 sec   0.00000  |  keff  0.99619   avg  0.99497   SD   13.198
     251     4.54 sec   0.00000  |  keff  0.99470   avg  0.99497   SD   13.111
     252     4.45 sec   0.00000  |  keff  0.99579   avg  0.99497   SD   13.036
     253     4.50 sec   0.00000  |  keff  0.99463   avg  0.99497   SD   12.952
     254     4.53 sec   0.00000  |  keff  0.99538   avg  0.99497   SD   12.871
     255     4.57 sec   0.00000  |  keff  0.99462   avg  0.99497   SD   12.789
     256     4.39 sec   0.00000  |  keff  0.99550   avg  0.99497   SD   12.712
     257     4.64 sec   0.00000  |  keff  0.99354   avg  0.99496   SD   12.663
     258     4.61 sec   0.00000  |  keff  0.99727   avg  0.99498   SD   12.667
     259     4.47 sec   0.00000  |  keff  0.99311   avg  0.99497   SD   12.642
     260     4.47 sec   0.00000  |  keff  0.99561   avg  0.99497   SD   12.569
     261     4.54 sec   0.00000  |  keff  0.99306   avg  0.99496   SD   12.547
     262     4.43 sec   0.00000  |  keff  0.99558   avg  0.99496   SD   12.475
     263     4.45 sec   0.00000  |  keff  0.99355   avg  0.99495   SD   12.429
     264     4.55 sec   0.00000  |  keff  0.99515   avg  0.99496   SD   12.353
     265     4.43 sec   0.00000  |  keff  0.99391   avg  0.99495   SD   12.295
     266     4.57 sec   0.00000  |  keff  0.99680   avg  0.99496   SD   12.271
     267     4.44 sec   0.00000  |  keff  0.99518   avg  0.99496   SD   12.198
     268     4.48 sec   0.00000  |  keff  0.99149   avg  0.99494   SD   12.300
     269     4.66 sec   0.00000  |  keff  0.99428   avg  0.99494   SD   12.233
     270     4.67 sec   0.00000  |  keff  0.99510   avg  0.99494   SD   12.161
     271     4.50 sec   0.00000  |  keff  0.99520   avg  0.99494   SD   12.091
     272     4.51 sec   0.00000  |  keff  0.99287   avg  0.99493   SD   12.080
     273     4.53 sec   0.00000  |  keff  0.99512   avg  0.99493   SD   12.011
     274     4.85 sec   0.00000  |  keff  0.99493   avg  0.99493   SD   11.941
     275     4.48 sec   0.00000  |  keff  0.99646   avg  0.99494   SD   11.905
     276     4.86 sec   0.00000  |  keff  0.99673   avg  0.99495   SD   11.881
     277     4.39 sec   0.00000  |  keff  0.99553   avg  0.99495   SD   11.818
     278     4.53 sec   0.00000  |  keff  0.99747   avg  0.99496   SD   11.837
     279     4.49 sec   0.00000  |  keff  0.99524   avg  0.99497   SD   11.771
     280     4.48 sec   0.00000  |  keff  0.99503   avg  0.99497   SD   11.706
     281     4.43 sec   0.00000  |  keff  0.99652   avg  0.99498   SD   11.673
     282     4.51 sec   0.00000  |  keff  0.99054   avg  0.99495   SD   11.862
     283     4.47 sec   0.00000  |  keff  0.99135   avg  0.99493   SD   11.960
     284     4.52 sec   0.00000  |  keff  0.99284   avg  0.99492   SD   11.949
     285     4.62 sec   0.00000  |  keff  0.99793   avg  0.99494   SD   11.995
     286     4.56 sec   0.00000  |  keff  0.99527   avg  0.99494   SD   11.932
     287     4.56 sec   0.00000  |  keff  0.99496   avg  0.99494   SD   11.868
     288     4.54 sec   0.00000  |  keff  0.99333   avg  0.99493   SD   11.835
     289     4.66 sec   0.00000  |  keff  0.99518   avg  0.99493   SD   11.773
     290     4.48 sec   0.00000  |  keff  0.99331   avg  0.99492   SD   11.742
     291     4.45 sec   0.00000  |  keff  0.99347   avg  0.99491   SD   11.705
     292     4.49 sec   0.00000  |  keff  0.99382   avg  0.99491   SD   11.658
     293     4.56 sec   0.00000  |  keff  0.99548   avg  0.99491   SD   11.601
     294     4.52 sec   0.00000  |  keff  0.99549   avg  0.99491   SD   11.545
     295     4.37 sec   0.00000  |  keff  0.99229   avg  0.99490   SD   11.564
     296     4.46 sec   0.00000  |  keff  0.99483   avg  0.99490   SD   11.505
     297     4.45 sec   0.00000  |  keff  0.99555   avg  0.99490   SD   11.451
     298     4.57 sec   0.00000  |  keff  0.99640   avg  0.99491   SD   11.418
     299     4.51 sec   0.00000  |  keff  0.99539   avg  0.99491   SD   11.363
     300     4.50 sec   0.00000  |  keff  0.99738   avg  0.99493   SD   11.374
     301     4.54 sec   0.00000  |  keff  0.99684   avg  0.99494   SD   11.357
     302     4.59 sec   0.00000  |  keff  0.99544   avg  0.99494   SD   11.303
     303     4.49 sec   0.00000  |  keff  0.99407   avg  0.99493   SD   11.256
     304     4.57 sec   0.00000  |  keff  0.99722   avg  0.99495   SD   11.256
     305     4.64 sec   0.00000  |  keff  0.99481   avg  0.99494   SD   11.201
     306     4.45 sec   0.00000  |  keff  0.99432   avg  0.99494   SD   11.151
     307     4.62 sec   0.00000  |  keff  0.99580   avg  0.99495   SD   11.105
     308     4.49 sec   0.00000  |  keff  0.99541   avg  0.99495   SD   11.054
     309     4.52 sec   0.00000  |  keff  0.99504   avg  0.99495   SD   11.001
     310     4.59 sec   0.00000  |  keff  0.99438   avg  0.99495   SD   10.951
     311     4.42 sec   0.00000  |  keff  0.99468   avg  0.99494   SD   10.900
     312     4.55 sec   0.00000  |  keff  0.99616   avg  0.99495   SD   10.864
     313     4.59 sec   0.00000  |  keff  0.99227   avg  0.99494   SD   10.885
     314     4.50 sec   0.00000  |  keff  0.99655   avg  0.99495   SD   10.861
     315     4.54 sec   0.00000  |  keff  0.99517   avg  0.99495   SD   10.811
     316     4.62 sec   0.00000  |  keff  0.99706   avg  0.99496   SD   10.805
     317     4.49 sec   0.00000  |  keff  0.99482   avg  0.99496   SD   10.755
     318     4.60 sec   0.00000  |  keff  0.99441   avg  0.99495   SD   10.708
     319     4.53 sec   0.00000  |  keff  0.99652   avg  0.99496   SD   10.683
     320     4.50 sec   0.00000  |  keff  0.99403   avg  0.99496   SD   10.643
     321     4.52 sec   0.00000  |  keff  0.99475   avg  0.99496   SD   10.595
     322     4.52 sec   0.00000  |  keff  0.99561   avg  0.99496   SD   10.552
     323     4.43 sec   0.00000  |  keff  0.99589   avg  0.99496   SD   10.513
     324     4.67 sec   0.00000  |  keff  0.99500   avg  0.99496   SD   10.466
     325     4.50 sec   0.00000  |  keff  0.99794   avg  0.99498   SD   10.503
     326     4.59 sec   0.00000  |  keff  0.99480   avg  0.99497   SD   10.457
     327     4.45 sec   0.00000  |  keff  0.99428   avg  0.99497   SD   10.415
     328     4.67 sec   0.00000  |  keff  0.99390   avg  0.99497   SD   10.380
     329     4.66 sec   0.00000  |  keff  0.99371   avg  0.99496   SD   10.349
     330     4.50 sec   0.00000  |  keff  0.99291   avg  0.99495   SD   10.342
     331     4.48 sec   0.00000  |  keff  0.99241   avg  0.99494   SD   10.356
     332     4.58 sec   0.00000  |  keff  0.99591   avg  0.99495   SD   10.320
     333     4.63 sec   0.00000  |  keff  0.99452   avg  0.99494   SD   10.277
     334     4.57 sec   0.00000  |  keff  0.99478   avg  0.99494   SD   10.233
     335     4.53 sec   0.00000  |  keff  0.99532   avg  0.99495   SD   10.191
     336     4.44 sec   0.00000  |  keff  0.99340   avg  0.99494   SD   10.169
     337     4.60 sec   0.00000  |  keff  0.99593   avg  0.99494   SD   10.134
     338     4.48 sec   0.00000  |  keff  0.99437   avg  0.99494   SD   10.095
     339     4.55 sec   0.00000  |  keff  0.99316   avg  0.99493   SD   10.080
     340     4.60 sec   0.00000  |  keff  0.99572   avg  0.99494   SD   10.043
     341     4.59 sec   0.00000  |  keff  0.99517   avg  0.99494   SD   10.002
     342     4.62 sec   0.00000  |  keff  0.99399   avg  0.99493   SD    9.968
     343     4.52 sec   0.00000  |  keff  0.99468   avg  0.99493   SD    9.928
     344     4.53 sec   0.00000  |  keff  0.99271   avg  0.99492   SD    9.929
     345     4.57 sec   0.00000  |  keff  0.99484   avg  0.99492   SD    9.888
     346     4.57 sec   0.00000  |  keff  0.99605   avg  0.99493   SD    9.858
     347     4.68 sec   0.00000  |  keff  0.99555   avg  0.99493   SD    9.822
     348     4.74 sec   0.00000  |  keff  0.99436   avg  0.99493   SD    9.785
     349     4.48 sec   0.00000  |  keff  0.99285   avg  0.99492   SD    9.781
     350     4.60 sec   0.00000  |  keff  0.99676   avg  0.99493   SD    9.770
     351     4.61 sec   0.00000  |  keff  0.99420   avg  0.99492   SD    9.735
     352     4.63 sec   0.00000  |  keff  0.99821   avg  0.99494   SD    9.783
     353     4.51 sec   0.00000  |  keff  0.99659   avg  0.99494   SD    9.767
     354     4.46 sec   0.00000  |  keff  0.99388   avg  0.99494   SD    9.737
     355     4.66 sec   0.00000  |  keff  0.99455   avg  0.99494   SD    9.700
     356     4.50 sec   0.00000  |  keff  0.99429   avg  0.99494   SD    9.665
     357     4.57 sec   0.00000  |  keff  0.99229   avg  0.99492   SD    9.683
     358     4.58 sec   0.00000  |  keff  0.99257   avg  0.99492   SD    9.688
     359     4.49 sec   0.00000  |  keff  0.99436   avg  0.99491   SD    9.653
     360     4.81 sec   0.00000  |  keff  0.99712   avg  0.99492   SD    9.653
     361     4.56 sec   0.00000  |  keff  0.99504   avg  0.99492   SD    9.617
     362     4.55 sec   0.00000  |  keff  0.99488   avg  0.99492   SD    9.580
     363     4.61 sec   0.00000  |  keff  0.99392   avg  0.99492   SD    9.551
     364     4.52 sec   0.00000  |  keff  0.99552   avg  0.99492   SD    9.517
     365     4.51 sec   0.00000  |  keff  0.99423   avg  0.99492   SD    9.485
     366     4.63 sec   0.00000  |  keff  0.99426   avg  0.99492   SD    9.452
     367     4.58 sec   0.00000  |  keff  0.99290   avg  0.99491   SD    9.447
     368     4.58 sec   0.00000  |  keff  0.99581   avg  0.99491   SD    9.418
     369     4.64 sec   0.00000  |  keff  0.99470   avg  0.99491   SD    9.383
     370     4.48 sec   0.00000  |  keff  0.99693   avg  0.99492   SD    9.378
     371     4.53 sec   0.00000  |  keff  0.99387   avg  0.99491   SD    9.352
     372     4.68 sec   0.00000  |  keff  0.99507   avg  0.99491   SD    9.317
     373     4.59 sec   0.00000  |  keff  0.99660   avg  0.99492   SD    9.304
     374     4.55 sec   0.00000  |  keff  0.99533   avg  0.99492   SD    9.271
     375     4.57 sec   0.00000  |  keff  0.99443   avg  0.99492   SD    9.239
     376     4.58 sec   0.00000  |  keff  0.99659   avg  0.99493   SD    9.225
     377     4.59 sec   0.00000  |  keff  0.99627   avg  0.99493   SD    9.204
     378     4.54 sec   0.00000  |  keff  0.99538   avg  0.99493   SD    9.173
     379     4.58 sec   0.00000  |  keff  0.99514   avg  0.99493   SD    9.140
     380     4.60 sec   0.00000  |  keff  0.99274   avg  0.99493   SD    9.141
     381     4.54 sec   0.00000  |  keff  0.99749   avg  0.99494   SD    9.154
     382     4.61 sec   0.00000  |  keff  0.99412   avg  0.99493   SD    9.126
     383     4.45 sec   0.00000  |  keff  0.99696   avg  0.99494   SD    9.122
     384     4.58 sec   0.00000  |  keff  0.99730   avg  0.99495   SD    9.127
     385     4.44 sec   0.00000  |  keff  0.99539   avg  0.99495   SD    9.097
     386     4.68 sec   0.00000  |  keff  0.99427   avg  0.99495   SD    9.068
     387     4.57 sec   0.00000  |  keff  0.99604   avg  0.99495   SD    9.044
     388     4.54 sec   0.00000  |  keff  0.99264   avg  0.99494   SD    9.048
     389     4.50 sec   0.00000  |  keff  0.99621   avg  0.99495   SD    9.028
     390     4.54 sec   0.00000  |  keff  0.99568   avg  0.99495   SD    9.000
     391     4.62 sec   0.00000  |  keff  0.99618   avg  0.99495   SD    8.979
     392     4.53 sec   0.00000  |  keff  0.99308   avg  0.99495   SD    8.971
     393     4.47 sec   0.00000  |  keff  0.99526   avg  0.99495   SD    8.941
     394     4.55 sec   0.00000  |  keff  0.99239   avg  0.99494   SD    8.953
     395     4.73 sec   0.00000  |  keff  0.99373   avg  0.99494   SD    8.932
     396     4.66 sec   0.00000  |  keff  0.99688   avg  0.99494   SD    8.926
     397     4.70 sec   0.00000  |  keff  0.99327   avg  0.99494   SD    8.914
     398     4.50 sec   0.00000  |  keff  0.99257   avg  0.99493   SD    8.919
     399     4.65 sec   0.00000  |  keff  0.99630   avg  0.99493   SD    8.901
     400     4.53 sec   0.00000  |  keff  0.99552   avg  0.99494   SD    8.874
     401     4.63 sec   0.00000  |  keff  0.99664   avg  0.99494   SD    8.862
     402     4.66 sec   0.00000  |  keff  0.99758   avg  0.99495   SD    8.876
     403     4.64 sec   0.00000  |  keff  0.99469   avg  0.99495   SD    8.847
     404     4.64 sec   0.00000  |  keff  0.99481   avg  0.99495   SD    8.818
     405     4.67 sec   0.00000  |  keff  0.99425   avg  0.99495   SD    8.792
     406     4.66 sec   0.00000  |  keff  0.99372   avg  0.99494   SD    8.772
     407     4.52 sec   0.00000  |  keff  0.99793   avg  0.99495   SD    8.798
     408     4.67 sec   0.00000  |  keff  0.99319   avg  0.99495   SD    8.788
     409     4.45 sec   0.00000  |  keff  0.99485   avg  0.99495   SD    8.759
     410     4.69 sec   0.00000  |  keff  0.99472   avg  0.99495   SD    8.731
     411     4.47 sec   0.00000  |  keff  0.99637   avg  0.99495   SD    8.715
     412     4.57 sec   0.00000  |  keff  0.99370   avg  0.99495   SD    8.697
     413     4.51 sec   0.00000  |  keff  0.99632   avg  0.99495   SD    8.680
     414     4.64 sec   0.00000  |  keff  0.99574   avg  0.99495   SD    8.656
     415     4.60 sec   0.00000  |  keff  0.99366   avg  0.99495   SD    8.638
     416     4.75 sec   0.00000  |  keff  0.99399   avg  0.99495   SD    8.616
     417     4.53 sec   0.00000  |  keff  0.99416   avg  0.99494   SD    8.592
     418     4.73 sec   0.00000  |  keff  0.99521   avg  0.99494   SD    8.566
     419     4.57 sec   0.00000  |  keff  0.99428   avg  0.99494   SD    8.541
     420     4.49 sec   0.00000  |  keff  0.99376   avg  0.99494   SD    8.523
     421     4.54 sec   0.00000  |  keff  0.99364   avg  0.99493   SD    8.506
     422     4.55 sec   0.00000  |  keff  0.99485   avg  0.99493   SD    8.479
     423     4.57 sec   0.00000  |  keff  0.99589   avg  0.99494   SD    8.458
     424     4.60 sec   0.00000  |  keff  0.99279   avg  0.99493   SD    8.458
     425     4.70 sec   0.00000  |  keff  0.99302   avg  0.99492   SD    8.453
     426     4.60 sec   0.00000  |  keff  0.99595   avg  0.99493   SD    8.432
     427     4.74 sec   0.00000  |  keff  0.99641   avg  0.99493   SD    8.419
     428     4.63 sec   0.00000  |  keff  0.99638   avg  0.99494   SD    8.405
     429     4.58 sec   0.00000  |  keff  0.99203   avg  0.99493   SD    8.426
     430     4.64 sec   0.00000  |  keff  0.99669   avg  0.99493   SD    8.417
     431     4.65 sec   0.00000  |  keff  0.99340   avg  0.99493   SD    8.404
     432     4.49 sec   0.00000  |  keff  0.99244   avg  0.99492   SD    8.412
     433     4.56 sec   0.00000  |  keff  0.99348   avg  0.99492   SD    8.398
     434     4.64 sec   0.00000  |  keff  0.99626   avg  0.99492   SD    8.383
     435     4.72 sec   0.00000  |  keff  0.99737   avg  0.99493   SD    8.390
     436     4.61 sec   0.00000  |  keff  0.99398   avg  0.99492   SD    8.369
     437     4.76 sec   0.00000  |  keff  0.99544   avg  0.99493   SD    8.346
     438     4.56 sec   0.00000  |  keff  0.99510   avg  0.99493   SD    8.321
     439     4.65 sec   0.00000  |  keff  0.99311   avg  0.99492   SD    8.314
     440     4.55 sec   0.00000  |  keff  0.99432   avg  0.99492   SD    8.291
     441     4.64 sec   0.00000  |  keff  0.99225   avg  0.99491   SD    8.304
     442     4.62 sec   0.00000  |  keff  0.99357   avg  0.99491   SD    8.289
     443     4.46 sec   0.00000  |  keff  0.99529   avg  0.99491   SD    8.265
     444     4.76 sec   0.00000  |  keff  0.99743   avg  0.99492   SD    8.274
     445     4.68 sec   0.00000  |  keff  0.99475   avg  0.99492   SD    8.250
     446     4.58 sec   0.00000  |  keff  0.99550   avg  0.99492   SD    8.228
     447     4.49 sec   0.00000  |  keff  0.99242   avg  0.99491   SD    8.236
     448     4.66 sec   0.00000  |  keff  0.99101   avg  0.99490   SD    8.288
     449     4.64 sec   0.00000  |  keff  0.99367   avg  0.99490   SD    8.272
     450     4.73 sec   0.00000  |  keff  0.99473   avg  0.99490   SD    8.248
     451     4.50 sec   0.00000  |  keff  0.99677   avg  0.99490   SD    8.242
     452     4.63 sec   0.00000  |  keff  0.99374   avg  0.99490   SD    8.225
     453     4.47 sec   0.00000  |  keff  0.99452   avg  0.99490   SD    8.203
     454     4.47 sec   0.00000  |  keff  0.99471   avg  0.99490   SD    8.180
     455     4.65 sec   0.00000  |  keff  0.99462   avg  0.99489   SD    8.157
     456     4.64 sec   0.00000  |  keff  0.99464   avg  0.99489   SD    8.134
     457     4.64 sec   0.00000  |  keff  0.99458   avg  0.99489   SD    8.112
     458     4.54 sec   0.00000  |  keff  0.99608   avg  0.99490   SD    8.096
     459     4.76 sec   0.00000  |  keff  0.99529   avg  0.99490   SD    8.074
     460     4.51 sec   0.00000  |  keff  0.99553   avg  0.99490   SD    8.054
     461     4.58 sec   0.00000  |  keff  0.99464   avg  0.99490   SD    8.032
     462     4.64 sec   0.00000  |  keff  0.99554   avg  0.99490   SD    8.011
     463     4.55 sec   0.00000  |  keff  0.99540   avg  0.99490   SD    7.990
     464     4.73 sec   0.00000  |  keff  0.99570   avg  0.99490   SD    7.971
     465     4.56 sec   0.00000  |  keff  0.99576   avg  0.99491   SD    7.953
     466     4.68 sec   0.00000  |  keff  0.99327   avg  0.99490   SD    7.944
     467     4.63 sec   0.00000  |  keff  0.99606   avg  0.99491   SD    7.928
     468     4.51 sec   0.00000  |  keff  0.99550   avg  0.99491   SD    7.909
     469     4.74 sec   0.00000  |  keff  0.99120   avg  0.99490   SD    7.951
     470     4.66 sec   0.00000  |  keff  0.99766   avg  0.99490   SD    7.965
     471     4.65 sec   0.00000  |  keff  0.99476   avg  0.99490   SD    7.943
     472     4.56 sec   0.00000  |  keff  0.99863   avg  0.99491   SD    7.985
     473     4.63 sec   0.00000  |  keff  0.99836   avg  0.99492   SD    8.017
     474     4.47 sec   0.00000  |  keff  0.99641   avg  0.99493   SD    8.005
     475     4.85 sec   0.00000  |  keff  0.99416   avg  0.99492   SD    7.987
     476     4.55 sec   0.00000  |  keff  0.99729   avg  0.99493   SD    7.990
     477     4.73 sec   0.00000  |  keff  0.99534   avg  0.99493   SD    7.970
     478     4.64 sec   0.00000  |  keff  0.99684   avg  0.99494   SD    7.964
     479     4.65 sec   0.00000  |  keff  0.99280   avg  0.99493   SD    7.963
     480     4.65 sec   0.00000  |  keff  0.99403   avg  0.99493   SD    7.946
     481     4.55 sec   0.00000  |  keff  0.99712   avg  0.99494   SD    7.946
     482     4.51 sec   0.00000  |  keff  0.99547   avg  0.99494   SD    7.926
     483     4.57 sec   0.00000  |  keff  0.99489   avg  0.99494   SD    7.906
     484     4.58 sec   0.00000  |  keff  0.99636   avg  0.99494   SD    7.894
     485     4.49 sec   0.00000  |  keff  0.99674   avg  0.99494   SD    7.887
     486     4.77 sec   0.00000  |  keff  0.99613   avg  0.99495   SD    7.873
     487     4.42 sec   0.00000  |  keff  0.99824   avg  0.99496   SD    7.898
     488     4.66 sec   0.00000  |  keff  0.99474   avg  0.99496   SD    7.878
     489     4.80 sec   0.00000  |  keff  0.99526   avg  0.99496   SD    7.858
     490     4.57 sec   0.00000  |  keff  0.99564   avg  0.99496   SD    7.840
     491     4.51 sec   0.00000  |  keff  0.99520   avg  0.99496   SD    7.820
     492     4.71 sec   0.00000  |  keff  0.99268   avg  0.99495   SD    7.822
     493     4.55 sec   0.00000  |  keff  0.99530   avg  0.99495   SD    7.802
     494     4.56 sec   0.00000  |  keff  0.99353   avg  0.99495   SD    7.791
     495     4.54 sec   0.00000  |  keff  0.99366   avg  0.99495   SD    7.778
     496     4.49 sec   0.00000  |  keff  0.99505   avg  0.99495   SD    7.758
     497     4.63 sec   0.00000  |  keff  0.99570   avg  0.99495   SD    7.741
     498     4.50 sec   0.00000  |  keff  0.99469   avg  0.99495   SD    7.722
     499     4.57 sec   0.00000  |  keff  0.99468   avg  0.99495   SD    7.703
     500     4.44 sec   0.00000  |  keff  0.99707   avg  0.99495   SD    7.702
     501     4.58 sec   0.00000  |  keff  0.99663   avg  0.99496   SD    7.694
     502     4.68 sec   0.00000  |  keff  0.99237   avg  0.99495   SD    7.702
     503     4.56 sec   0.00000  |  keff  0.99478   avg  0.99495   SD    7.683
     504     4.62 sec   0.00000  |  keff  0.99800   avg  0.99496   SD    7.701
     505     4.66 sec   0.00000  |  keff  0.99458   avg  0.99496   SD    7.682
     506     4.61 sec   0.00000  |  keff  0.99663   avg  0.99496   SD    7.674
     507     4.71 sec   0.00000  |  keff  0.99400   avg  0.99496   SD    7.659
     508     4.75 sec   0.00000  |  keff  0.99367   avg  0.99496   SD    7.647
     509     4.58 sec   0.00000  |  keff  0.99358   avg  0.99495   SD    7.636
     510     4.68 sec   0.00000  |  keff  0.99526   avg  0.99495   SD    7.617
     511     4.55 sec   0.00000  |  keff  0.99508   avg  0.99495   SD    7.599
     512     4.53 sec   0.00000  |  keff  0.99538   avg  0.99495   SD    7.581
     513     4.55 sec   0.00000  |  keff  0.99649   avg  0.99496   SD    7.572
     514     4.54 sec   0.00000  |  keff  0.99498   avg  0.99496   SD    7.554
     515     4.49 sec   0.00000  |  keff  0.99446   avg  0.99496   SD    7.536
     516     4.54 sec   0.00000  |  keff  0.99463   avg  0.99496   SD    7.519
     517     4.50 sec   0.00000  |  keff  0.99430   avg  0.99495   SD    7.502
     518     4.69 sec   0.00000  |  keff  0.99347   avg  0.99495   SD    7.493
     519     4.58 sec   0.00000  |  keff  0.99286   avg  0.99495   SD    7.492
     520     4.60 sec   0.00000  |  keff  0.99351   avg  0.99494   SD    7.482
     521     4.62 sec   0.00000  |  keff  0.99736   avg  0.99495   SD    7.486
     522     4.60 sec   0.00000  |  keff  0.99414   avg  0.99495   SD    7.471
     523     4.59 sec   0.00000  |  keff  0.99565   avg  0.99495   SD    7.455
     524     4.52 sec   0.00000  |  keff  0.99187   avg  0.99494   SD    7.472
     525     4.45 sec   0.00000  |  keff  0.99411   avg  0.99494   SD    7.457
     526     4.41 sec   0.00000  |  keff  0.99441   avg  0.99494   SD    7.441
     527     4.55 sec   0.00000  |  keff  0.99541   avg  0.99494   SD    7.424
     528     4.57 sec   0.00000  |  keff  0.99428   avg  0.99494   SD    7.408
     529     4.58 sec   0.00000  |  keff  0.99185   avg  0.99493   SD    7.426
     530     4.52 sec   0.00000  |  keff  0.99443   avg  0.99493   SD    7.410
     531     4.61 sec   0.00000  |  keff  0.99457   avg  0.99493   SD    7.393
     532     4.56 sec   0.00000  |  keff  0.99464   avg  0.99493   SD    7.376
     533     4.53 sec   0.00000  |  keff  0.99660   avg  0.99493   SD    7.369
     534     4.57 sec   0.00000  |  keff  0.99592   avg  0.99493   SD    7.356
     535     4.69 sec   0.00000  |  keff  0.99336   avg  0.99493   SD    7.348
     536     4.53 sec   0.00000  |  keff  0.99430   avg  0.99493   SD    7.332
     537     4.79 sec   0.00000  |  keff  0.99257   avg  0.99492   SD    7.335
     538     4.66 sec   0.00000  |  keff  0.99587   avg  0.99493   SD    7.322
     539     4.49 sec   0.00000  |  keff  0.99543   avg  0.99493   SD    7.306
     540     4.62 sec   0.00000  |  keff  0.99397   avg  0.99492   SD    7.293
     541     4.68 sec   0.00000  |  keff  0.99410   avg  0.99492   SD    7.279
     542     4.53 sec   0.00000  |  keff  0.99502   avg  0.99492   SD    7.262
     543     4.60 sec   0.00000  |  keff  0.99379   avg  0.99492   SD    7.250
     544     4.56 sec   0.00000  |  keff  0.99501   avg  0.99492   SD    7.234
     545     4.67 sec   0.00000  |  keff  0.99355   avg  0.99492   SD    7.224
     546     4.51 sec   0.00000  |  keff  0.99523   avg  0.99492   SD    7.208
     547     4.80 sec   0.00000  |  keff  0.99400   avg  0.99492   SD    7.195
     548     4.63 sec   0.00000  |  keff  0.99367   avg  0.99491   SD    7.184
     549     4.63 sec   0.00000  |  keff  0.99824   avg  0.99492   SD    7.207
     550     4.57 sec   0.00000  |  keff  0.99385   avg  0.99492   SD    7.195
     551     4.53 sec   0.00000  |  keff  0.99767   avg  0.99492   SD    7.204
     552     4.66 sec   0.00000  |  keff  0.99588   avg  0.99493   SD    7.192
     553     4.58 sec   0.00000  |  keff  0.99386   avg  0.99492   SD    7.180
     554     4.52 sec   0.00000  |  keff  0.99442   avg  0.99492   SD    7.165
     555     4.60 sec   0.00000  |  keff  0.99538   avg  0.99492   SD    7.149
     556     4.58 sec   0.00000  |  keff  0.99389   avg  0.99492   SD    7.137
     557     4.55 sec   0.00000  |  keff  0.99416   avg  0.99492   SD    7.124
     558     4.55 sec   0.00000  |  keff  0.99565   avg  0.99492   SD    7.110
     559     4.65 sec   0.00000  |  keff  0.99286   avg  0.99492   SD    7.109
     560     4.56 sec   0.00000  |  keff  0.99392   avg  0.99491   SD    7.096
     561     4.67 sec   0.00000  |  keff  0.99531   avg  0.99492   SD    7.082
     562     4.57 sec   0.00000  |  keff  0.99565   avg  0.99492   SD    7.068
     563     4.50 sec   0.00000  |  keff  0.99692   avg  0.99492   SD    7.066
     564     4.57 sec   0.00000  |  keff  0.99456   avg  0.99492   SD    7.051
     565     4.69 sec   0.00000  |  keff  0.99505   avg  0.99492   SD    7.036
     566     4.61 sec   0.00000  |  keff  0.99500   avg  0.99492   SD    7.021
     567     4.56 sec   0.00000  |  keff  0.99199   avg  0.99492   SD    7.034
     568     4.64 sec   0.00000  |  keff  0.99453   avg  0.99491   SD    7.019
     569     4.62 sec   0.00000  |  keff  0.99539   avg  0.99492   SD    7.005
     570     4.62 sec   0.00000  |  keff  0.99419   avg  0.99491   SD    6.992
     571     4.54 sec   0.00000  |  keff  0.99450   avg  0.99491   SD    6.977
     572     4.65 sec   0.00000  |  keff  0.99342   avg  0.99491   SD    6.970
     573     4.56 sec   0.00000  |  keff  0.99653   avg  0.99491   SD    6.964
     574     4.78 sec   0.00000  |  keff  0.99476   avg  0.99491   SD    6.949
     575     4.72 sec   0.00000  |  keff  0.99746   avg  0.99492   SD    6.955
     576     4.77 sec   0.00000  |  keff  0.99892   avg  0.99493   SD    6.991
     577     4.63 sec   0.00000  |  keff  0.99457   avg  0.99493   SD    6.977
     578     4.59 sec   0.00000  |  keff  0.99341   avg  0.99492   SD    6.969
     579     4.68 sec   0.00000  |  keff  0.99478   avg  0.99492   SD    6.955
     580     4.61 sec   0.00000  |  keff  0.99440   avg  0.99492   SD    6.941
     581     4.70 sec   0.00000  |  keff  0.99365   avg  0.99492   SD    6.932
     582     4.62 sec   0.00000  |  keff  0.99411   avg  0.99492   SD    6.919
     583     4.40 sec   0.00000  |  keff  0.99538   avg  0.99492   SD    6.906
     584     4.70 sec   0.00000  |  keff  0.99582   avg  0.99492   SD    6.894
     585     4.60 sec   0.00000  |  keff  0.99510   avg  0.99492   SD    6.880
     586     4.56 sec   0.00000  |  keff  0.99682   avg  0.99492   SD    6.877
     587     4.74 sec   0.00000  |  keff  0.99512   avg  0.99492   SD    6.863
     588     4.61 sec   0.00000  |  keff  0.99717   avg  0.99493   SD    6.864
     589     4.54 sec   0.00000  |  keff  0.99214   avg  0.99492   SD    6.874
     590     4.69 sec   0.00000  |  keff  0.99662   avg  0.99493   SD    6.869
     591     4.45 sec   0.00000  |  keff  0.99468   avg  0.99493   SD    6.855
     592     4.67 sec   0.00000  |  keff  0.99549   avg  0.99493   SD    6.842
     593     4.53 sec   0.00000  |  keff  0.99416   avg  0.99493   SD    6.830
     594     4.70 sec   0.00000  |  keff  0.99477   avg  0.99493   SD    6.816
     595     4.66 sec   0.00000  |  keff  0.99696   avg  0.99493   SD    6.815
     596     4.73 sec   0.00000  |  keff  0.99433   avg  0.99493   SD    6.802
     597     4.70 sec   0.00000  |  keff  0.99444   avg  0.99493   SD    6.789
     598     4.53 sec   0.00000  |  keff  0.99673   avg  0.99493   SD    6.785
     599     4.64 sec   0.00000  |  keff  0.99749   avg  0.99494   SD    6.791
     600     4.49 sec   0.00000  |  keff  0.99740   avg  0.99494   SD    6.795
 
    Simulation of Burnup Step Terminated...
    - Elapsed time    :   2446.729 sec   40.78 min
    - Step Final keff :   0.994941 +/-   6.795
 
    GENT   55573.97656 +/-    12.91818 scale:1E-9
 BETASUM       741.242 +/-     1.91687 scale:1E-5
BETASUMO       644.448 +/-     2.60022 scale:1E-5
  BETA1        26.987 +/-     0.38230 scale:1E-5
BETAOG1        22.454 +/-     0.39453 scale:1E-5
  BETA2       132.893 +/-     0.72626 scale:1E-5
BETAOG2       116.209 +/-     0.90992 scale:1E-5
  BETA3       127.553 +/-     0.77839 scale:1E-5
BETAOG3       112.165 +/-     0.88258 scale:1E-5
  BETA4       285.017 +/-     1.15057 scale:1E-5
BETAOG4       249.304 +/-     1.33344 scale:1E-5
  BETA5       119.123 +/-     0.77439 scale:1E-5
BETAOG5       101.500 +/-     0.78422 scale:1E-5
  BETA6        49.669 +/-     0.50962 scale:1E-5
BETAOG6        42.816 +/-     0.53789 scale:1E-5
  BETA7         0.000 +/-     0.00000 scale:1E-5
BETAOG7         0.000 +/-     0.00000 scale:1E-5
  BETA8         0.000 +/-     0.00000 scale:1E-5
BETAOG8         0.000 +/-     0.00000 scale:1E-5
  ALPHA      -0.00013 +/-     0.00000 scale:1E6
 
SPECTRUM, ENERGY =   1.3032750E+01  1.13301E+05 +/-  7.45657E+01 [  2.0000000E+01  6.0654998E+00]
SPECTRUM, ENERGY =   4.8722498E+00  4.47551E+05 +/-  1.42802E+02 [  6.0654998E+00  3.6789999E+00]
SPECTRUM, ENERGY =   2.9549999E+00  8.91682E+05 +/-  1.85638E+02 [  3.6789999E+00  2.2309999E+00]
SPECTRUM, ENERGY =   1.7920000E+00  9.12143E+05 +/-  1.59202E+02 [  2.2309999E+00  1.3530000E+00]
SPECTRUM, ENERGY =   1.0870000E+00  7.49014E+05 +/-  1.34967E+02 [  1.3530000E+00  8.2099998E-01]
SPECTRUM, ENERGY =   6.6049999E-01  6.78754E+05 +/-  1.30032E+02 [  8.2099998E-01  5.0000000E-01]
SPECTRUM, ENERGY =   4.0125000E-01  4.55147E+05 +/-  1.01443E+02 [  5.0000000E-01  3.0250001E-01]
SPECTRUM, ENERGY =   2.4275000E-01  3.81579E+05 +/-  8.32838E+01 [  3.0250001E-01  1.8300000E-01]
SPECTRUM, ENERGY =   1.4700000E-01  2.95491E+05 +/-  7.64903E+01 [  1.8300000E-01  1.1100000E-01]
SPECTRUM, ENERGY =   8.9214999E-02  2.43100E+05 +/-  6.45805E+01 [  1.1100000E-01  6.7429997E-02]
SPECTRUM, ENERGY =   5.4139998E-02  2.10323E+05 +/-  6.24794E+01 [  6.7429997E-02  4.0849999E-02]
SPECTRUM, ENERGY =   3.2814999E-02  1.89803E+05 +/-  5.89182E+01 [  4.0849999E-02  2.4780000E-02]
SPECTRUM, ENERGY =   1.9905000E-02  1.74762E+05 +/-  5.02071E+01 [  2.4780000E-02  1.5030000E-02]
SPECTRUM, ENERGY =   1.2074000E-02  1.67739E+05 +/-  5.07208E+01 [  1.5030000E-02  9.1180000E-03]
SPECTRUM, ENERGY =   7.3090000E-03  1.65015E+05 +/-  5.46868E+01 [  9.1180000E-03  5.5000000E-03]
SPECTRUM, ENERGY =   4.5095499E-03  1.42689E+05 +/-  5.12231E+01 [  5.5000000E-03  3.5190999E-03]
SPECTRUM, ENERGY =   2.8792750E-03  1.41591E+05 +/-  4.80393E+01 [  3.5190999E-03  2.2394501E-03]
SPECTRUM, ENERGY =   1.8322751E-03  1.40200E+05 +/-  4.79888E+01 [  2.2394501E-03  1.4251000E-03]
SPECTRUM, ENERGY =   1.1659990E-03  1.38417E+05 +/-  4.52855E+01 [  1.4251000E-03  9.0689800E-04]
SPECTRUM, ENERGY =   6.3708000E-04  2.74144E+05 +/-  6.88850E+01 [  9.0689800E-04  3.6726199E-04]
SPECTRUM, ENERGY =   2.5799499E-04  2.71534E+05 +/-  6.90622E+01 [  3.6726199E-04  1.4872800E-04]
SPECTRUM, ENERGY =   1.1211470E-04  2.00028E+05 +/-  5.81403E+01 [  1.4872800E-04  7.5501397E-05]
SPECTRUM, ENERGY =   6.1776698E-05  1.31646E+05 +/-  4.38988E+01 [  7.5501397E-05  4.8051999E-05]
SPECTRUM, ENERGY =   3.7876000E-05  1.57460E+05 +/-  4.75624E+01 [  4.8051999E-05  2.7700000E-05]
SPECTRUM, ENERGY =   2.1834000E-05  1.53529E+05 +/-  4.87419E+01 [  2.7700000E-05  1.5968000E-05]
SPECTRUM, ENERGY =   1.2922500E-05  1.35317E+05 +/-  4.54952E+01 [  1.5968000E-05  9.8769997E-06]
SPECTRUM, ENERGY =   6.9384998E-06  2.41299E+05 +/-  6.13216E+01 [  9.8769997E-06  4.0000000E-06]
SPECTRUM, ENERGY =   3.6499999E-06  5.22192E+04 +/-  2.72807E+01 [  4.0000000E-06  3.2999999E-06]
SPECTRUM, ENERGY =   2.9500000E-06  6.60842E+04 +/-  2.96681E+01 [  3.2999999E-06  2.6000000E-06]
SPECTRUM, ENERGY =   2.3500000E-06  5.95938E+04 +/-  2.82941E+01 [  2.6000000E-06  2.1000001E-06]
SPECTRUM, ENERGY =   1.9775001E-06  3.47476E+04 +/-  2.07308E+01 [  2.1000001E-06  1.8550001E-06]
SPECTRUM, ENERGY =   1.6775001E-06  5.99055E+04 +/-  2.91504E+01 [  1.8550001E-06  1.5000001E-06]
SPECTRUM, ENERGY =   1.4000000E-06  4.09976E+04 +/-  2.32905E+01 [  1.5000001E-06  1.3000000E-06]
SPECTRUM, ENERGY =   1.2250000E-06  3.51342E+04 +/-  2.05269E+01 [  1.3000000E-06  1.1500000E-06]
SPECTRUM, ENERGY =   1.1365000E-06  6.70103E+03 +/-  8.58732E+00 [  1.1500000E-06  1.1229999E-06]
SPECTRUM, ENERGY =   1.1100000E-06  6.89050E+03 +/-  8.35712E+00 [  1.1229999E-06  1.0970000E-06]
SPECTRUM, ENERGY =   1.0840000E-06  6.82830E+03 +/-  8.22348E+00 [  1.0970000E-06  1.0710000E-06]
SPECTRUM, ENERGY =   1.0580000E-06  7.20454E+03 +/-  8.86301E+00 [  1.0710000E-06  1.0450000E-06]
SPECTRUM, ENERGY =   1.0325000E-06  6.94913E+03 +/-  9.39635E+00 [  1.0450000E-06  1.0200000E-06]
SPECTRUM, ENERGY =   1.0080000E-06  6.79522E+03 +/-  8.96854E+00 [  1.0200000E-06  9.9600004E-07]
SPECTRUM, ENERGY =   9.8400000E-07  7.27049E+03 +/-  8.91924E+00 [  9.9600004E-07  9.7199995E-07]
SPECTRUM, ENERGY =   9.6099998E-07  6.62594E+03 +/-  8.63794E+00 [  9.7199995E-07  9.5000001E-07]
SPECTRUM, ENERGY =   9.3000000E-07  1.26559E+04 +/-  1.26628E+01 [  9.5000001E-07  9.0999998E-07]
SPECTRUM, ENERGY =   8.7999999E-07  2.00592E+04 +/-  1.57032E+01 [  9.0999998E-07  8.4999999E-07]
SPECTRUM, ENERGY =   8.1499999E-07  2.54804E+04 +/-  1.74804E+01 [  8.4999999E-07  7.7999999E-07]
SPECTRUM, ENERGY =   7.0249999E-07  6.68414E+04 +/-  3.02271E+01 [  7.7999999E-07  6.2499998E-07]
SPECTRUM, ENERGY =   5.6249999E-07  6.93553E+04 +/-  3.09214E+01 [  6.2499998E-07  5.0000000E-07]
SPECTRUM, ENERGY =   4.5000000E-07  7.10636E+04 +/-  2.98443E+01 [  5.0000000E-07  4.0000000E-07]
SPECTRUM, ENERGY =   3.7500000E-07  4.29674E+04 +/-  2.22051E+01 [  4.0000000E-07  3.4999999E-07]
SPECTRUM, ENERGY =   3.3500000E-07  2.90457E+04 +/-  1.72311E+01 [  3.4999999E-07  3.2000000E-07]
SPECTRUM, ENERGY =   3.1000000E-07  2.12966E+04 +/-  1.53687E+01 [  3.2000000E-07  3.0000001E-07]
SPECTRUM, ENERGY =   2.9000000E-07  2.31305E+04 +/-  1.63044E+01 [  3.0000001E-07  2.7999999E-07]
SPECTRUM, ENERGY =   2.6500000E-07  3.91785E+04 +/-  1.94864E+01 [  2.7999999E-07  2.5000000E-07]
SPECTRUM, ENERGY =   2.3500000E-07  4.84313E+04 +/-  2.19439E+01 [  2.5000000E-07  2.2000000E-07]
SPECTRUM, ENERGY =   2.0000000E-07  9.27621E+04 +/-  2.94133E+01 [  2.2000000E-07  1.8000000E-07]
SPECTRUM, ENERGY =   1.6000000E-07  1.70645E+05 +/-  4.14500E+01 [  1.8000000E-07  1.4000000E-07]
SPECTRUM, ENERGY =   1.2000000E-07  3.95489E+05 +/-  5.94049E+01 [  1.4000000E-07  1.0000000E-07]
SPECTRUM, ENERGY =   9.0000000E-08  3.91827E+05 +/-  5.68416E+01 [  1.0000000E-07  8.0000000E-08]
SPECTRUM, ENERGY =   7.3500001E-08  3.54158E+05 +/-  5.13759E+01 [  8.0000000E-08  6.7000002E-08]
SPECTRUM, ENERGY =   6.2500002E-08  3.12732E+05 +/-  4.56438E+01 [  6.7000002E-08  5.8000001E-08]
SPECTRUM, ENERGY =   5.4000001E-08  3.25784E+05 +/-  4.61685E+01 [  5.8000001E-08  5.0000001E-08]
SPECTRUM, ENERGY =   4.6000000E-08  3.72400E+05 +/-  4.94779E+01 [  5.0000001E-08  4.2000000E-08]
SPECTRUM, ENERGY =   3.8500000E-08  3.56662E+05 +/-  4.60199E+01 [  4.2000000E-08  3.4999999E-08]
SPECTRUM, ENERGY =   3.2499999E-08  2.67363E+05 +/-  3.68980E+01 [  3.4999999E-08  2.9999999E-08]
SPECTRUM, ENERGY =   2.7500000E-08  2.71101E+05 +/-  3.53362E+01 [  2.9999999E-08  2.5000000E-08]
SPECTRUM, ENERGY =   2.2500000E-08  2.62012E+05 +/-  3.50188E+01 [  2.5000000E-08  2.0000000E-08]
SPECTRUM, ENERGY =   1.7500000E-08  2.43885E+05 +/-  3.27372E+01 [  2.0000000E-08  1.4999999E-08]
SPECTRUM, ENERGY =   1.2500000E-08  2.03703E+05 +/-  3.07822E+01 [  1.4999999E-08  9.9999999E-09]
SPECTRUM, ENERGY =   7.5000000E-09  1.49743E+05 +/-  2.33821E+01 [  9.9999999E-09  5.0000000E-09]
SPECTRUM, ENERGY =   2.5050000E-09  5.75458E+04 +/-  1.34070E+01 [  5.0000000E-09  1.0000000E-11]
 
ADJOINT SPECTRUM, ENERGY =   1.3032750E+01  1.17307E+00 +/-  2.75433E-03 [  2.0000000E+01  6.0654998E+00]
ADJOINT SPECTRUM, ENERGY =   4.8722498E+00  1.48586E+00 +/-  1.47186E-03 [  6.0654998E+00  3.6789999E+00]
ADJOINT SPECTRUM, ENERGY =   2.9549999E+00  1.76719E+00 +/-  1.09306E-03 [  3.6789999E+00  2.2309999E+00]
ADJOINT SPECTRUM, ENERGY =   1.7920000E+00  2.00331E+00 +/-  1.00226E-03 [  2.2309999E+00  1.3530000E+00]
ADJOINT SPECTRUM, ENERGY =   1.0870000E+00  2.23233E+00 +/-  1.03601E-03 [  1.3530000E+00  8.2099998E-01]
ADJOINT SPECTRUM, ENERGY =   6.6049999E-01  2.30476E+00 +/-  1.09898E-03 [  8.2099998E-01  5.0000000E-01]
ADJOINT SPECTRUM, ENERGY =   4.0125000E-01  2.43306E+00 +/-  1.21854E-03 [  5.0000000E-01  3.0250001E-01]
ADJOINT SPECTRUM, ENERGY =   2.4275000E-01  2.47805E+00 +/-  1.23266E-03 [  3.0250001E-01  1.8300000E-01]
ADJOINT SPECTRUM, ENERGY =   1.4700000E-01  2.51106E+00 +/-  1.28598E-03 [  1.8300000E-01  1.1100000E-01]
ADJOINT SPECTRUM, ENERGY =   8.9214999E-02  2.54633E+00 +/-  1.31399E-03 [  1.1100000E-01  6.7429997E-02]
ADJOINT SPECTRUM, ENERGY =   5.4139998E-02  2.57650E+00 +/-  1.39307E-03 [  6.7429997E-02  4.0849999E-02]
ADJOINT SPECTRUM, ENERGY =   3.2814999E-02  2.58107E+00 +/-  1.49404E-03 [  4.0849999E-02  2.4780000E-02]
ADJOINT SPECTRUM, ENERGY =   1.9905000E-02  2.62196E+00 +/-  1.44355E-03 [  2.4780000E-02  1.5030000E-02]
ADJOINT SPECTRUM, ENERGY =   1.2074000E-02  2.61789E+00 +/-  1.41401E-03 [  1.5030000E-02  9.1180000E-03]
ADJOINT SPECTRUM, ENERGY =   7.3090000E-03  2.62029E+00 +/-  1.54134E-03 [  9.1180000E-03  5.5000000E-03]
ADJOINT SPECTRUM, ENERGY =   4.5095499E-03  2.62871E+00 +/-  1.64763E-03 [  5.5000000E-03  3.5190999E-03]
ADJOINT SPECTRUM, ENERGY =   2.8792750E-03  2.65041E+00 +/-  1.52571E-03 [  3.5190999E-03  2.2394501E-03]
ADJOINT SPECTRUM, ENERGY =   1.8322751E-03  2.66122E+00 +/-  1.60209E-03 [  2.2394501E-03  1.4251000E-03]
ADJOINT SPECTRUM, ENERGY =   1.1659990E-03  2.67727E+00 +/-  1.52465E-03 [  1.4251000E-03  9.0689800E-04]
ADJOINT SPECTRUM, ENERGY =   6.3708000E-04  2.68943E+00 +/-  1.19159E-03 [  9.0689800E-04  3.6726199E-04]
ADJOINT SPECTRUM, ENERGY =   2.5799499E-04  2.69720E+00 +/-  1.23734E-03 [  3.6726199E-04  1.4872800E-04]
ADJOINT SPECTRUM, ENERGY =   1.1211470E-04  2.72339E+00 +/-  1.34827E-03 [  1.4872800E-04  7.5501397E-05]
ADJOINT SPECTRUM, ENERGY =   6.1776698E-05  2.74667E+00 +/-  1.63989E-03 [  7.5501397E-05  4.8051999E-05]
ADJOINT SPECTRUM, ENERGY =   3.7876000E-05  2.75546E+00 +/-  1.51435E-03 [  4.8051999E-05  2.7700000E-05]
ADJOINT SPECTRUM, ENERGY =   2.1834000E-05  2.77917E+00 +/-  1.56088E-03 [  2.7700000E-05  1.5968000E-05]
ADJOINT SPECTRUM, ENERGY =   1.2922500E-05  2.83769E+00 +/-  1.68806E-03 [  1.5968000E-05  9.8769997E-06]
ADJOINT SPECTRUM, ENERGY =   6.9384998E-06  2.85081E+00 +/-  1.36825E-03 [  9.8769997E-06  4.0000000E-06]
ADJOINT SPECTRUM, ENERGY =   3.6499999E-06  2.94751E+00 +/-  2.71620E-03 [  4.0000000E-06  3.2999999E-06]
ADJOINT SPECTRUM, ENERGY =   2.9500000E-06  2.95332E+00 +/-  2.33767E-03 [  3.2999999E-06  2.6000000E-06]
ADJOINT SPECTRUM, ENERGY =   2.3500000E-06  2.95144E+00 +/-  2.53765E-03 [  2.6000000E-06  2.1000001E-06]
ADJOINT SPECTRUM, ENERGY =   1.9775001E-06  2.95933E+00 +/-  3.32040E-03 [  2.1000001E-06  1.8550001E-06]
ADJOINT SPECTRUM, ENERGY =   1.6775001E-06  2.96430E+00 +/-  2.56347E-03 [  1.8550001E-06  1.5000001E-06]
ADJOINT SPECTRUM, ENERGY =   1.4000000E-06  2.97455E+00 +/-  2.92429E-03 [  1.5000001E-06  1.3000000E-06]
ADJOINT SPECTRUM, ENERGY =   1.2250000E-06  2.97481E+00 +/-  3.17134E-03 [  1.3000000E-06  1.1500000E-06]
ADJOINT SPECTRUM, ENERGY =   1.1365000E-06  2.99176E+00 +/-  7.19607E-03 [  1.1500000E-06  1.1229999E-06]
ADJOINT SPECTRUM, ENERGY =   1.1100000E-06  2.98869E+00 +/-  6.97285E-03 [  1.1229999E-06  1.0970000E-06]
ADJOINT SPECTRUM, ENERGY =   1.0840000E-06  2.97819E+00 +/-  6.71167E-03 [  1.0970000E-06  1.0710000E-06]
ADJOINT SPECTRUM, ENERGY =   1.0580000E-06  2.98452E+00 +/-  6.60437E-03 [  1.0710000E-06  1.0450000E-06]
ADJOINT SPECTRUM, ENERGY =   1.0325000E-06  2.98039E+00 +/-  7.16703E-03 [  1.0450000E-06  1.0200000E-06]
ADJOINT SPECTRUM, ENERGY =   1.0080000E-06  2.97804E+00 +/-  7.07191E-03 [  1.0200000E-06  9.9600004E-07]
ADJOINT SPECTRUM, ENERGY =   9.8400000E-07  2.98152E+00 +/-  6.38868E-03 [  9.9600004E-07  9.7199995E-07]
ADJOINT SPECTRUM, ENERGY =   9.6099998E-07  2.98659E+00 +/-  7.23542E-03 [  9.7199995E-07  9.5000001E-07]
ADJOINT SPECTRUM, ENERGY =   9.3000000E-07  2.98429E+00 +/-  5.46728E-03 [  9.5000001E-07  9.0999998E-07]
ADJOINT SPECTRUM, ENERGY =   8.7999999E-07  2.98768E+00 +/-  4.09409E-03 [  9.0999998E-07  8.4999999E-07]
ADJOINT SPECTRUM, ENERGY =   8.1499999E-07  2.99660E+00 +/-  3.49176E-03 [  8.4999999E-07  7.7999999E-07]
ADJOINT SPECTRUM, ENERGY =   7.0249999E-07  2.99435E+00 +/-  2.42207E-03 [  7.7999999E-07  6.2499998E-07]
ADJOINT SPECTRUM, ENERGY =   5.6249999E-07  3.00564E+00 +/-  2.26988E-03 [  6.2499998E-07  5.0000000E-07]
ADJOINT SPECTRUM, ENERGY =   4.5000000E-07  3.02202E+00 +/-  2.27397E-03 [  5.0000000E-07  4.0000000E-07]
ADJOINT SPECTRUM, ENERGY =   3.7500000E-07  3.03447E+00 +/-  2.76085E-03 [  4.0000000E-07  3.4999999E-07]
ADJOINT SPECTRUM, ENERGY =   3.3500000E-07  3.04488E+00 +/-  3.39048E-03 [  3.4999999E-07  3.2000000E-07]
ADJOINT SPECTRUM, ENERGY =   3.1000000E-07  3.05373E+00 +/-  3.98399E-03 [  3.2000000E-07  3.0000001E-07]
ADJOINT SPECTRUM, ENERGY =   2.9000000E-07  3.05858E+00 +/-  3.62713E-03 [  3.0000001E-07  2.7999999E-07]
ADJOINT SPECTRUM, ENERGY =   2.6500000E-07  3.06646E+00 +/-  2.80086E-03 [  2.7999999E-07  2.5000000E-07]
ADJOINT SPECTRUM, ENERGY =   2.3500000E-07  3.07950E+00 +/-  2.58709E-03 [  2.5000000E-07  2.2000000E-07]
ADJOINT SPECTRUM, ENERGY =   2.0000000E-07  3.09844E+00 +/-  1.92592E-03 [  2.2000000E-07  1.8000000E-07]
ADJOINT SPECTRUM, ENERGY =   1.6000000E-07  3.14101E+00 +/-  1.56433E-03 [  1.8000000E-07  1.4000000E-07]
ADJOINT SPECTRUM, ENERGY =   1.2000000E-07  3.18173E+00 +/-  1.20800E-03 [  1.4000000E-07  1.0000000E-07]
ADJOINT SPECTRUM, ENERGY =   9.0000000E-08  3.20772E+00 +/-  1.17746E-03 [  1.0000000E-07  8.0000000E-08]
ADJOINT SPECTRUM, ENERGY =   7.3500001E-08  3.22038E+00 +/-  1.23224E-03 [  8.0000000E-08  6.7000002E-08]
ADJOINT SPECTRUM, ENERGY =   6.2500002E-08  3.22943E+00 +/-  1.23344E-03 [  6.7000002E-08  5.8000001E-08]
ADJOINT SPECTRUM, ENERGY =   5.4000001E-08  3.23925E+00 +/-  1.27949E-03 [  5.8000001E-08  5.0000001E-08]
ADJOINT SPECTRUM, ENERGY =   4.6000000E-08  3.24722E+00 +/-  1.23913E-03 [  5.0000001E-08  4.2000000E-08]
ADJOINT SPECTRUM, ENERGY =   3.8500000E-08  3.25720E+00 +/-  1.16907E-03 [  4.2000000E-08  3.4999999E-08]
ADJOINT SPECTRUM, ENERGY =   3.2499999E-08  3.26694E+00 +/-  1.24714E-03 [  3.4999999E-08  2.9999999E-08]
ADJOINT SPECTRUM, ENERGY =   2.7500000E-08  3.27308E+00 +/-  1.26504E-03 [  2.9999999E-08  2.5000000E-08]
ADJOINT SPECTRUM, ENERGY =   2.2500000E-08  3.28391E+00 +/-  1.25061E-03 [  2.5000000E-08  2.0000000E-08]
ADJOINT SPECTRUM, ENERGY =   1.7500000E-08  3.29282E+00 +/-  1.28404E-03 [  2.0000000E-08  1.4999999E-08]
ADJOINT SPECTRUM, ENERGY =   1.2500000E-08  3.30254E+00 +/-  1.35316E-03 [  1.4999999E-08  9.9999999E-09]
ADJOINT SPECTRUM, ENERGY =   7.5000000E-09  3.31273E+00 +/-  1.39357E-03 [  9.9999999E-09  5.0000000E-09]
ADJOINT SPECTRUM, ENERGY =   2.5050000E-09  3.32614E+00 +/-  1.93807E-03 [  5.0000000E-09  1.0000000E-11]
