 ERROR : Unidentified transient solution method -PCQS
 ERROR : Unidentified transient solution method -PCQS
 ERROR : Unidentified transient solution method -PCQS
 ERROR : Unidentified transient solution method -PCQS
 ERROR : Unidentified transient solution method -PCQS
 ctrl.inp :: CARD A is being read...
 ERROR : Unidentified transient solution method -PCQS
    CTRL  READ COMPLETE..
    Multi-group Energy Mode...
    XS    READ COMPLETE..
    geom.inp :: GEOMETRY CARD is being read..., LOOP #:           0
 Surf #:           7
 Cell #:           3
 Univ #:           0
 Latt #:           0
 Reading is done...
 Surf #:           7
 Cell #:           3
 Univ #:           0
 Latt #:           0
 Step2 is done...
 Surf #:           7
 Cell #:           3
 Univ #:           0
 Latt #:           0
 Step3 is done...
 Surf #:           7
 Cell #:           3
 Univ #:           0
 Latt #:           0
 Step4 is done...
 Surf #:           7
 Cell #:           3
 Univ #:           0
 Latt #:           0
 Step5 is done...
 Surf #:           7
 Cell #:           3
 Univ #:           0
 Latt #:           0
 TST2
 Surf #:           7
 Cell #:           3
 Univ #:           0
 Latt #:           0
    GEOM  READ COMPLETE..
     Time to read geom.inp [s]:  1.271009445190430E-003
    ADJOINT DISTRIBUTION TALLY
    Initializing Source...
    Source Initializing Complete...
 
 
  > Num of Threads per Node          40
  > Num of MPI Nodes                  6
  > Num of Histories per Cycle   100000
  > Skip Cycles:  100  /  Active Cycles:  200
 
  > Tally is on
  > m-PRUP is OFF
  > FMFD is OFF
 
    Transport Simulation Starts...
       1     1.43 sec   4.32185  |  keff  0.93103
       2     1.00 sec   4.31493  |  keff  0.93887
       3     1.06 sec   4.30481  |  keff  0.94556
       4     1.06 sec   4.29313  |  keff  0.94886
       5     1.06 sec   4.28473  |  keff  0.95008
       6     1.05 sec   4.27933  |  keff  0.95194
       7     1.04 sec   4.27206  |  keff  0.95552
       8     1.05 sec   4.26651  |  keff  0.95427
       9     1.04 sec   4.26538  |  keff  0.95454
      10     1.06 sec   4.26417  |  keff  0.95665
      11     1.04 sec   4.26285  |  keff  0.95499
      12     1.05 sec   4.26178  |  keff  0.95604
      13     1.06 sec   4.25975  |  keff  0.95644
      14     1.04 sec   4.25958  |  keff  0.95639
      15     1.04 sec   4.25837  |  keff  0.95696
      16     1.04 sec   4.25972  |  keff  0.95505
      17     1.04 sec   4.25984  |  keff  0.95441
      18     1.06 sec   4.25901  |  keff  0.95686
      19     1.05 sec   4.26231  |  keff  0.95600
      20     1.03 sec   4.26133  |  keff  0.95618
      21     1.06 sec   4.26187  |  keff  0.95566
      22     1.05 sec   4.26143  |  keff  0.95395
      23     1.05 sec   4.25808  |  keff  0.95710
      24     1.06 sec   4.25957  |  keff  0.95445
      25     1.05 sec   4.25901  |  keff  0.95626
      26     1.06 sec   4.25622  |  keff  0.95612
      27     1.04 sec   4.25716  |  keff  0.95590
      28     1.04 sec   4.25824  |  keff  0.95643
      29     1.04 sec   4.26036  |  keff  0.95655
      30     1.04 sec   4.26178  |  keff  0.95454
      31     1.02 sec   4.26159  |  keff  0.95463
      32     1.09 sec   4.26047  |  keff  0.95618
      33     1.06 sec   4.25961  |  keff  0.95603
      34     1.05 sec   4.25953  |  keff  0.95640
      35     1.06 sec   4.25992  |  keff  0.95619
      36     1.04 sec   4.26031  |  keff  0.95557
      37     1.05 sec   4.26088  |  keff  0.95561
      38     1.06 sec   4.26117  |  keff  0.95691
      39     1.04 sec   4.26256  |  keff  0.95590
      40     1.05 sec   4.26047  |  keff  0.95609
      41     1.04 sec   4.26122  |  keff  0.95551
      42     1.04 sec   4.26154  |  keff  0.95610
      43     1.06 sec   4.25884  |  keff  0.95697
      44     1.04 sec   4.25978  |  keff  0.95600
      45     1.03 sec   4.26242  |  keff  0.95572
      46     1.05 sec   4.26259  |  keff  0.95459
      47     1.03 sec   4.26219  |  keff  0.95450
      48     1.04 sec   4.26108  |  keff  0.95761
      49     1.05 sec   4.26131  |  keff  0.95596
      50     1.04 sec   4.26015  |  keff  0.95674
      51     1.05 sec   4.26078  |  keff  0.95573
      52     1.07 sec   4.25800  |  keff  0.95700
      53     1.05 sec   4.25785  |  keff  0.95627
      54     1.04 sec   4.25943  |  keff  0.95605
      55     1.03 sec   4.26075  |  keff  0.95634
      56     1.03 sec   4.25910  |  keff  0.95674
      57     1.05 sec   4.25836  |  keff  0.95564
      58     1.02 sec   4.25736  |  keff  0.95634
      59     1.04 sec   4.25671  |  keff  0.95692
      60     1.04 sec   4.25668  |  keff  0.95746
      61     1.04 sec   4.25735  |  keff  0.95459
      62     1.02 sec   4.25825  |  keff  0.95593
      63     1.03 sec   4.25870  |  keff  0.95587
      64     1.04 sec   4.26076  |  keff  0.95526
      65     1.05 sec   4.26228  |  keff  0.95382
      66     1.03 sec   4.26246  |  keff  0.95539
      67     1.03 sec   4.26052  |  keff  0.95729
      68     1.03 sec   4.26012  |  keff  0.95457
      69     1.02 sec   4.25851  |  keff  0.95627
      70     1.04 sec   4.26011  |  keff  0.95643
      71     1.04 sec   4.26012  |  keff  0.95672
      72     1.04 sec   4.26019  |  keff  0.95614
      73     1.05 sec   4.25977  |  keff  0.95633
      74     1.03 sec   4.25840  |  keff  0.95623
      75     1.03 sec   4.25994  |  keff  0.95593
      76     1.05 sec   4.25996  |  keff  0.95568
      77     1.05 sec   4.25864  |  keff  0.95596
      78     1.04 sec   4.26103  |  keff  0.95613
      79     1.03 sec   4.26056  |  keff  0.95538
      80     1.03 sec   4.25899  |  keff  0.95533
      81     1.05 sec   4.26122  |  keff  0.95716
      82     1.04 sec   4.26018  |  keff  0.95633
      83     1.04 sec   4.26040  |  keff  0.95626
      84     1.06 sec   4.26090  |  keff  0.95668
      85     1.04 sec   4.26129  |  keff  0.95479
      86     1.04 sec   4.26043  |  keff  0.95649
      87     1.04 sec   4.25776  |  keff  0.95560
      88     1.04 sec   4.25801  |  keff  0.95689
      89     1.05 sec   4.25689  |  keff  0.95685
      90     1.03 sec   4.25713  |  keff  0.95653
      91     1.05 sec   4.25679  |  keff  0.95568
      92     1.03 sec   4.25671  |  keff  0.95621
      93     1.03 sec   4.25850  |  keff  0.95485
      94     1.04 sec   4.25831  |  keff  0.95612
      95     1.03 sec   4.25733  |  keff  0.95746
      96     1.06 sec   4.25911  |  keff  0.95631
      97     1.04 sec   4.25982  |  keff  0.95628
      98     1.04 sec   4.25838  |  keff  0.95625
      99     1.03 sec   4.25735  |  keff  0.95587
     100     1.04 sec   4.25609  |  keff  0.95761
     101     1.24 sec   4.25631  |  keff  0.95668   avg  0.95668   SD    0.000
     102     1.25 sec   4.25917  |  keff  0.95733   avg  0.95701   SD   32.676
     103     1.23 sec   4.25992  |  keff  0.95584   avg  0.95662   SD   43.184
     104     1.24 sec   4.25929  |  keff  0.95696   avg  0.95670   SD   31.696
     105     1.23 sec   4.25909  |  keff  0.95506   avg  0.95637   SD   41.037
     106     1.22 sec   4.25899  |  keff  0.95647   avg  0.95639   SD   33.545
     107     1.22 sec   4.25730  |  keff  0.95622   avg  0.95637   SD   28.461
     108     1.22 sec   4.25897  |  keff  0.95518   avg  0.95622   SD   28.728
     109     1.24 sec   4.26152  |  keff  0.95590   avg  0.95618   SD   25.575
     110     1.22 sec   4.25942  |  keff  0.95730   avg  0.95630   SD   25.478
     111     1.49 sec   4.26168  |  keff  0.95440   avg  0.95612   SD   28.747
     112     1.48 sec   4.26058  |  keff  0.95436   avg  0.95598   SD   30.075
     113     1.48 sec   4.26137  |  keff  0.95577   avg  0.95596   SD   27.710
     114     1.49 sec   4.25894  |  keff  0.95750   avg  0.95607   SD   27.899
     115     1.49 sec   4.25619  |  keff  0.96016   avg  0.95634   SD   37.648
     116     1.46 sec   4.25710  |  keff  0.95669   avg  0.95636   SD   35.285
     117     1.48 sec   4.25515  |  keff  0.95724   avg  0.95642   SD   33.538
     118     1.47 sec   4.25544  |  keff  0.95769   avg  0.95649   SD   32.408
     119     1.49 sec   4.25759  |  keff  0.95629   avg  0.95648   SD   30.672
     120     1.46 sec   4.25338  |  keff  0.95845   avg  0.95658   SD   30.718
     121     1.44 sec   4.25509  |  keff  0.95748   avg  0.95662   SD   29.534
     122     1.44 sec   4.25225  |  keff  0.95778   avg  0.95667   SD   28.654
     123     1.44 sec   4.25271  |  keff  0.95842   avg  0.95675   SD   28.412
     124     1.47 sec   4.25526  |  keff  0.95742   avg  0.95678   SD   27.347
     125     1.46 sec   4.25717  |  keff  0.95543   avg  0.95672   SD   26.779
     126     1.46 sec   4.25654  |  keff  0.95662   avg  0.95672   SD   25.731
     127     1.43 sec   4.25680  |  keff  0.95760   avg  0.95675   SD   24.974
     128     1.46 sec   4.25340  |  keff  0.95714   avg  0.95676   SD   24.105
     129     1.43 sec   4.25586  |  keff  0.95700   avg  0.95677   SD   23.273
     130     1.46 sec   4.25823  |  keff  0.95563   avg  0.95673   SD   22.802
     131     1.45 sec   4.25640  |  keff  0.95601   avg  0.95671   SD   22.178
     132     1.47 sec   4.26002  |  keff  0.95769   avg  0.95674   SD   21.693
     133     1.45 sec   4.25905  |  keff  0.95713   avg  0.95675   SD   21.058
     134     1.47 sec   4.26059  |  keff  0.95499   avg  0.95670   SD   21.077
     135     1.48 sec   4.26041  |  keff  0.95602   avg  0.95668   SD   20.560
     136     1.45 sec   4.26014  |  keff  0.95498   avg  0.95663   SD   20.533
     137     1.46 sec   4.25906  |  keff  0.95729   avg  0.95665   SD   20.049
     138     1.46 sec   4.25954  |  keff  0.95601   avg  0.95664   SD   19.588
     139     1.46 sec   4.26111  |  keff  0.95457   avg  0.95658   SD   19.803
     140     1.46 sec   4.25909  |  keff  0.95499   avg  0.95654   SD   19.710
           0
   18.0000000011950      -4.977833784470366E-010  0.832077188941772     
 T 3                   
     141     1.44 sec   4.25703  |  keff  0.95850   avg  0.95659   SD   19.808
     142     1.46 sec   4.25933  |  keff  0.95660   avg  0.95659   SD   19.331
     143     1.47 sec   4.26086  |  keff  0.95612   avg  0.95658   SD   18.907
     144     1.45 sec   4.26065  |  keff  0.95632   avg  0.95657   SD   18.482
     145     1.43 sec   4.26021  |  keff  0.95536   avg  0.95655   SD   18.265
     146     1.47 sec   4.25727  |  keff  0.95684   avg  0.95655   SD   17.875
     147     1.46 sec   4.25738  |  keff  0.95659   avg  0.95655   SD   17.491
     148     1.46 sec   4.25825  |  keff  0.95495   avg  0.95652   SD   17.446
     149     1.47 sec   4.25818  |  keff  0.95727   avg  0.95654   SD   17.154
     150     1.47 sec   4.25845  |  keff  0.95473   avg  0.95650   SD   17.191
     151     1.46 sec   4.25819  |  keff  0.95675   avg  0.95650   SD   16.858
     152     1.47 sec   4.25732  |  keff  0.95619   avg  0.95650   SD   16.541
     153     1.50 sec   4.25815  |  keff  0.95661   avg  0.95650   SD   16.228
     154     1.47 sec   4.25949  |  keff  0.95579   avg  0.95649   SD   15.978
     155     1.45 sec   4.25869  |  keff  0.95677   avg  0.95649   SD   15.694
     156     1.48 sec   4.25863  |  keff  0.95486   avg  0.95646   SD   15.683
     157     1.45 sec   4.25772  |  keff  0.95510   avg  0.95644   SD   15.591
     158     1.43 sec   4.26023  |  keff  0.95390   avg  0.95640   SD   15.932
     159     1.45 sec   4.26253  |  keff  0.95583   avg  0.95639   SD   15.690
     160     1.46 sec   4.26218  |  keff  0.95450   avg  0.95635   SD   15.743
     161     1.45 sec   4.26168  |  keff  0.95503   avg  0.95633   SD   15.635
     162     1.45 sec   4.25952  |  keff  0.95428   avg  0.95630   SD   15.734
     163     1.46 sec   4.26158  |  keff  0.95527   avg  0.95628   SD   15.569
     164     1.45 sec   4.26081  |  keff  0.95536   avg  0.95627   SD   15.391
     165     1.45 sec   4.25682  |  keff  0.95617   avg  0.95627   SD   15.154
     166     1.46 sec   4.25698  |  keff  0.95581   avg  0.95626   SD   14.938
     167     1.46 sec   4.25841  |  keff  0.95485   avg  0.95624   SD   14.863
     168     1.47 sec   4.25921  |  keff  0.95645   avg  0.95624   SD   14.646
     169     1.45 sec   4.25966  |  keff  0.95534   avg  0.95623   SD   14.491
     170     1.44 sec   4.25747  |  keff  0.95630   avg  0.95623   SD   14.283
     171     1.44 sec   4.25711  |  keff  0.95741   avg  0.95625   SD   14.179
     172     1.44 sec   4.25643  |  keff  0.95782   avg  0.95627   SD   14.150
     173     1.46 sec   4.25928  |  keff  0.95776   avg  0.95629   SD   14.104
     174     1.47 sec   4.25945  |  keff  0.95690   avg  0.95630   SD   13.937
     175     1.45 sec   4.26191  |  keff  0.95452   avg  0.95627   SD   13.952
     176     1.46 sec   4.26236  |  keff  0.95576   avg  0.95627   SD   13.784
     177     1.48 sec   4.26173  |  keff  0.95620   avg  0.95627   SD   13.604
     178     1.43 sec   4.26381  |  keff  0.95563   avg  0.95626   SD   13.453
     179     1.46 sec   4.26018  |  keff  0.95601   avg  0.95626   SD   13.286
     180     1.45 sec   4.26017  |  keff  0.95566   avg  0.95625   SD   13.140
     181     1.45 sec   4.26023  |  keff  0.95508   avg  0.95623   SD   13.056
     182     1.46 sec   4.26152  |  keff  0.95601   avg  0.95623   SD   12.899
     183     1.47 sec   4.26325  |  keff  0.95638   avg  0.95623   SD   12.744
     184     1.45 sec   4.26352  |  keff  0.95700   avg  0.95624   SD   12.625
     185     1.41 sec   4.26050  |  keff  0.95678   avg  0.95625   SD   12.491
     186     1.48 sec   4.25892  |  keff  0.95593   avg  0.95624   SD   12.351
     187     1.46 sec   4.25865  |  keff  0.95763   avg  0.95626   SD   12.312
     188     1.44 sec   4.26188  |  keff  0.95563   avg  0.95625   SD   12.193
     189     1.46 sec   4.26081  |  keff  0.95521   avg  0.95624   SD   12.112
     190     1.44 sec   4.25774  |  keff  0.95722   avg  0.95625   SD   12.026
     191     1.45 sec   4.25841  |  keff  0.95673   avg  0.95626   SD   11.905
     192     1.49 sec   4.25962  |  keff  0.95613   avg  0.95626   SD   11.776
     193     1.48 sec   4.26203  |  keff  0.95581   avg  0.95625   SD   11.658
     194     1.42 sec   4.26011  |  keff  0.95732   avg  0.95626   SD   11.589
     195     1.42 sec   4.26388  |  keff  0.95436   avg  0.95624   SD   11.639
     196     1.43 sec   4.26165  |  keff  0.95399   avg  0.95622   SD   11.754
     197     1.46 sec   4.26253  |  keff  0.95550   avg  0.95621   SD   11.656
     198     1.43 sec   4.26205  |  keff  0.95380   avg  0.95619   SD   11.795
     199     1.48 sec   4.25979  |  keff  0.95678   avg  0.95619   SD   11.690
     200     1.49 sec   4.25922  |  keff  0.95559   avg  0.95619   SD   11.589
     201     1.44 sec   4.25915  |  keff  0.95720   avg  0.95620   SD   11.517
     202     1.42 sec   4.25980  |  keff  0.95548   avg  0.95619   SD   11.425
     203     1.42 sec   4.25887  |  keff  0.95623   avg  0.95619   SD   11.314
     204     1.50 sec   4.25784  |  keff  0.95730   avg  0.95620   SD   11.255
     205     1.45 sec   4.26064  |  keff  0.95552   avg  0.95619   SD   11.166
     206     1.43 sec   4.25824  |  keff  0.95783   avg  0.95621   SD   11.168
     207     1.43 sec   4.25897  |  keff  0.95576   avg  0.95621   SD   11.071
     208     1.43 sec   4.25848  |  keff  0.95420   avg  0.95619   SD   11.124
     209     1.43 sec   4.25747  |  keff  0.95623   avg  0.95619   SD   11.022
     210     1.49 sec   4.25857  |  keff  0.95650   avg  0.95619   SD   10.925
     211     1.50 sec   4.26159  |  keff  0.95467   avg  0.95618   SD   10.912
     212     1.44 sec   4.26028  |  keff  0.95536   avg  0.95617   SD   10.838
     213     1.45 sec   4.25851  |  keff  0.95505   avg  0.95616   SD   10.787
     214     1.41 sec   4.26039  |  keff  0.95504   avg  0.95615   SD   10.738
     215     1.45 sec   4.26038  |  keff  0.95586   avg  0.95615   SD   10.647
     216     1.43 sec   4.25959  |  keff  0.95633   avg  0.95615   SD   10.556
     217     1.44 sec   4.26125  |  keff  0.95497   avg  0.95614   SD   10.513
     218     1.47 sec   4.26083  |  keff  0.95522   avg  0.95613   SD   10.453
     219     1.46 sec   4.25970  |  keff  0.95518   avg  0.95612   SD   10.395
     220     1.46 sec   4.26003  |  keff  0.95715   avg  0.95613   SD   10.344
     221     1.46 sec   4.25984  |  keff  0.95581   avg  0.95613   SD   10.261
     222     1.44 sec   4.25935  |  keff  0.95694   avg  0.95614   SD   10.199
     223     1.44 sec   4.25850  |  keff  0.95681   avg  0.95614   SD   10.130
     224     1.44 sec   4.25868  |  keff  0.95758   avg  0.95615   SD   10.115
     225     1.45 sec   4.26127  |  keff  0.95578   avg  0.95615   SD   10.038
     226     1.45 sec   4.26197  |  keff  0.95574   avg  0.95615   SD    9.963
     227     1.43 sec   4.26305  |  keff  0.95559   avg  0.95614   SD    9.894
     228     1.45 sec   4.26302  |  keff  0.95565   avg  0.95614   SD    9.824
     229     1.45 sec   4.25938  |  keff  0.95630   avg  0.95614   SD    9.749
     230     1.46 sec   4.25643  |  keff  0.95589   avg  0.95614   SD    9.675
     231     1.46 sec   4.25774  |  keff  0.95793   avg  0.95615   SD    9.698
     232     1.47 sec   4.25933  |  keff  0.95565   avg  0.95615   SD    9.631
     233     1.46 sec   4.25694  |  keff  0.95689   avg  0.95615   SD    9.575
     234     1.45 sec   4.25770  |  keff  0.95769   avg  0.95616   SD    9.572
     235     1.46 sec   4.25736  |  keff  0.95697   avg  0.95617   SD    9.520
     236     1.44 sec   4.25782  |  keff  0.95682   avg  0.95618   SD    9.462
     237     1.49 sec   4.25737  |  keff  0.95549   avg  0.95617   SD    9.406
     238     1.44 sec   4.25852  |  keff  0.95626   avg  0.95617   SD    9.337
     239     1.45 sec   4.25795  |  keff  0.95502   avg  0.95616   SD    9.307
     240     1.44 sec   4.25544  |  keff  0.95558   avg  0.95616   SD    9.249
     241     1.45 sec   4.25367  |  keff  0.95590   avg  0.95616   SD    9.185
     242     1.47 sec   4.25537  |  keff  0.95692   avg  0.95616   SD    9.136
     243     1.44 sec   4.25493  |  keff  0.95748   avg  0.95617   SD    9.119
     244     1.44 sec   4.25269  |  keff  0.95805   avg  0.95618   SD    9.149
     245     1.45 sec   4.25556  |  keff  0.95586   avg  0.95618   SD    9.088
     246     1.44 sec   4.25802  |  keff  0.95528   avg  0.95618   SD    9.047
     247     1.45 sec   4.25844  |  keff  0.95464   avg  0.95617   SD    9.046
     248     1.48 sec   4.26022  |  keff  0.95640   avg  0.95617   SD    8.986
     249     1.45 sec   4.25595  |  keff  0.95794   avg  0.95618   SD    9.004
     250     1.42 sec   4.25686  |  keff  0.95779   avg  0.95619   SD    9.008
     251     1.42 sec   4.25834  |  keff  0.95606   avg  0.95619   SD    8.949
     252     1.46 sec   4.25935  |  keff  0.95569   avg  0.95619   SD    8.896
     253     1.49 sec   4.26143  |  keff  0.95607   avg  0.95618   SD    8.838
     254     1.45 sec   4.26108  |  keff  0.95482   avg  0.95618   SD    8.825
     255     1.45 sec   4.25880  |  keff  0.95616   avg  0.95618   SD    8.768
     256     1.44 sec   4.25949  |  keff  0.95614   avg  0.95618   SD    8.712
     257     1.47 sec   4.26290  |  keff  0.95617   avg  0.95618   SD    8.656
     258     1.45 sec   4.26195  |  keff  0.95757   avg  0.95618   SD    8.647
     259     1.44 sec   4.26183  |  keff  0.95479   avg  0.95618   SD    8.636
     260     1.42 sec   4.26079  |  keff  0.95729   avg  0.95618   SD    8.610
     261     1.43 sec   4.26124  |  keff  0.95524   avg  0.95618   SD    8.577
     262     1.46 sec   4.26105  |  keff  0.95754   avg  0.95619   SD    8.565
     263     1.42 sec   4.25961  |  keff  0.95713   avg  0.95619   SD    8.532
     264     1.41 sec   4.25901  |  keff  0.95584   avg  0.95619   SD    8.483
     265     1.42 sec   4.25608  |  keff  0.95714   avg  0.95619   SD    8.451
     266     1.45 sec   4.25762  |  keff  0.95741   avg  0.95620   SD    8.432
     267     1.45 sec   4.26024  |  keff  0.95531   avg  0.95620   SD    8.398
     268     1.45 sec   4.25689  |  keff  0.95529   avg  0.95619   SD    8.365
     269     1.44 sec   4.25911  |  keff  0.95555   avg  0.95619   SD    8.324
     270     1.47 sec   4.25787  |  keff  0.95541   avg  0.95618   SD    8.288
     271     1.43 sec   4.25958  |  keff  0.95644   avg  0.95618   SD    8.241
     272     1.44 sec   4.26062  |  keff  0.95569   avg  0.95618   SD    8.197
     273     1.43 sec   4.26288  |  keff  0.95545   avg  0.95618   SD    8.161
     274     1.44 sec   4.26090  |  keff  0.95589   avg  0.95618   SD    8.116
     275     1.44 sec   4.26148  |  keff  0.95550   avg  0.95617   SD    8.078
     276     1.42 sec   4.25948  |  keff  0.95529   avg  0.95617   SD    8.048
     277     1.42 sec   4.26141  |  keff  0.95648   avg  0.95617   SD    8.004
     278     1.46 sec   4.26089  |  keff  0.95604   avg  0.95617   SD    7.959
     279     1.44 sec   4.25827  |  keff  0.95762   avg  0.95618   SD    7.957
     280     1.45 sec   4.25723  |  keff  0.95703   avg  0.95618   SD    7.926
     281     1.43 sec   4.25844  |  keff  0.95509   avg  0.95617   SD    7.906
     282     1.45 sec   4.25903  |  keff  0.95675   avg  0.95618   SD    7.869
     283     1.46 sec   4.25941  |  keff  0.95683   avg  0.95618   SD    7.834
     284     1.42 sec   4.25827  |  keff  0.95730   avg  0.95619   SD    7.814
     285     1.46 sec   4.25612  |  keff  0.95637   avg  0.95619   SD    7.773
     286     1.44 sec   4.25809  |  keff  0.95538   avg  0.95618   SD    7.743
     287     1.47 sec   4.25653  |  keff  0.95732   avg  0.95619   SD    7.725
     288     1.45 sec   4.25803  |  keff  0.95708   avg  0.95619   SD    7.699
     289     1.44 sec   4.25699  |  keff  0.95712   avg  0.95620   SD    7.673
     290     1.43 sec   4.25797  |  keff  0.95609   avg  0.95620   SD    7.633
     291     1.45 sec   4.25985  |  keff  0.95562   avg  0.95620   SD    7.599
     292     1.45 sec   4.26156  |  keff  0.95673   avg  0.95620   SD    7.565
     293     1.46 sec   4.26264  |  keff  0.95561   avg  0.95620   SD    7.531
     294     1.44 sec   4.25780  |  keff  0.95642   avg  0.95620   SD    7.493
     295     1.43 sec   4.25724  |  keff  0.95666   avg  0.95620   SD    7.459
     296     1.46 sec   4.25721  |  keff  0.95524   avg  0.95619   SD    7.437
     297     1.44 sec   4.25612  |  keff  0.95719   avg  0.95620   SD    7.416
     298     1.44 sec   4.25789  |  keff  0.95792   avg  0.95621   SD    7.430
     299     1.46 sec   4.25878  |  keff  0.95571   avg  0.95621   SD    7.396
     300     1.45 sec   4.25951  |  keff  0.95596   avg  0.95620   SD    7.360
 
    Simulation of Burnup Step Terminated...
    - Elapsed time    :    392.966 sec    6.55 min
    - Step Final keff :   0.956205 +/-   7.360
 
    GENT   26601.57644 +/-    21.76650 scale:1E-9
 BETASUM       740.349 +/-     6.38576 scale:1E-5
BETASUMO       749.875 +/-     5.53264 scale:1E-5
  BETA1       740.349 +/-     6.38576 scale:1E-5
BETAOG1       749.875 +/-     5.53264 scale:1E-5
  BETA2         0.000 +/-     0.00000 scale:1E-5
BETAOG2         0.000 +/-     0.00000 scale:1E-5
  BETA3         0.000 +/-     0.00000 scale:1E-5
BETAOG3         0.000 +/-     0.00000 scale:1E-5
  BETA4         0.000 +/-     0.00000 scale:1E-5
BETAOG4         0.000 +/-     0.00000 scale:1E-5
  BETA5         0.000 +/-     0.00000 scale:1E-5
BETAOG5         0.000 +/-     0.00000 scale:1E-5
  BETA6         0.000 +/-     0.00000 scale:1E-5
BETAOG6         0.000 +/-     0.00000 scale:1E-5
  BETA7         0.000 +/-     0.00000 scale:1E-5
BETAOG7         0.000 +/-     0.00000 scale:1E-5
  BETA8         0.000 +/-     0.00000 scale:1E-5
BETAOG8         0.000 +/-     0.00000 scale:1E-5
  ALPHA      -0.00028 +/-     0.00000 scale:1E6
 
    Computing time
       1       1.429       0.000       1.429
       2       0.998       0.000       0.998
       3       1.056       0.000       1.056
       4       1.058       0.000       1.058
       5       1.058       0.000       1.058
       6       1.049       0.000       1.049
       7       1.043       0.000       1.043
       8       1.048       0.000       1.048
       9       1.041       0.000       1.041
      10       1.055       0.000       1.055
      11       1.039       0.000       1.039
      12       1.050       0.000       1.050
      13       1.061       0.000       1.061
      14       1.043       0.000       1.043
      15       1.045       0.000       1.045
      16       1.043       0.000       1.043
      17       1.042       0.000       1.042
      18       1.062       0.000       1.062
      19       1.050       0.000       1.050
      20       1.025       0.000       1.025
      21       1.059       0.000       1.059
      22       1.048       0.000       1.048
      23       1.051       0.000       1.051
      24       1.055       0.000       1.055
      25       1.048       0.000       1.048
      26       1.059       0.000       1.059
      27       1.039       0.000       1.039
      28       1.039       0.000       1.039
      29       1.037       0.000       1.037
      30       1.042       0.000       1.042
      31       1.023       0.000       1.023
      32       1.093       0.000       1.093
      33       1.060       0.000       1.060
      34       1.053       0.000       1.053
      35       1.057       0.000       1.057
      36       1.038       0.000       1.038
      37       1.054       0.000       1.054
      38       1.058       0.000       1.058
      39       1.038       0.000       1.038
      40       1.052       0.000       1.052
      41       1.036       0.000       1.036
      42       1.044       0.000       1.044
      43       1.061       0.000       1.061
      44       1.040       0.000       1.040
      45       1.035       0.000       1.035
      46       1.050       0.000       1.050
      47       1.034       0.000       1.034
      48       1.039       0.000       1.039
      49       1.054       0.000       1.054
      50       1.037       0.000       1.037
      51       1.048       0.000       1.048
      52       1.070       0.000       1.070
      53       1.049       0.000       1.049
      54       1.044       0.000       1.044
      55       1.035       0.000       1.035
      56       1.030       0.000       1.030
      57       1.052       0.000       1.052
      58       1.024       0.000       1.024
      59       1.035       0.000       1.035
      60       1.038       0.000       1.038
      61       1.039       0.000       1.039
      62       1.018       0.000       1.018
      63       1.035       0.000       1.035
      64       1.039       0.000       1.039
      65       1.047       0.000       1.047
      66       1.032       0.000       1.032
      67       1.032       0.000       1.032
      68       1.030       0.000       1.030
      69       1.024       0.000       1.024
      70       1.044       0.000       1.044
      71       1.044       0.000       1.044
      72       1.038       0.000       1.038
      73       1.051       0.000       1.051
      74       1.027       0.000       1.027
      75       1.034       0.000       1.034
      76       1.046       0.000       1.046
      77       1.054       0.000       1.054
      78       1.036       0.000       1.036
      79       1.035       0.000       1.035
      80       1.029       0.000       1.029
      81       1.047       0.000       1.047
      82       1.037       0.000       1.037
      83       1.041       0.000       1.041
      84       1.055       0.000       1.055
      85       1.039       0.000       1.039
      86       1.040       0.000       1.040
      87       1.041       0.000       1.041
      88       1.043       0.000       1.043
      89       1.046       0.000       1.046
      90       1.031       0.000       1.031
      91       1.046       0.000       1.046
      92       1.033       0.000       1.033
      93       1.027       0.000       1.027
      94       1.042       0.000       1.042
      95       1.033       0.000       1.033
      96       1.055       0.000       1.055
      97       1.040       0.000       1.040
      98       1.039       0.000       1.039
      99       1.030       0.000       1.030
     100       1.037       0.000       1.037
     101       1.245       0.000       1.245
     102       1.247       0.000       1.247
     103       1.229       0.000       1.229
     104       1.237       0.000       1.237
     105       1.226       0.000       1.226
     106       1.223       0.000       1.223
     107       1.221       0.000       1.221
     108       1.225       0.000       1.225
     109       1.245       0.000       1.245
     110       1.218       0.000       1.218
     111       1.495       0.000       1.495
     112       1.485       0.000       1.485
     113       1.482       0.000       1.482
     114       1.486       0.000       1.486
     115       1.494       0.000       1.494
     116       1.459       0.000       1.459
     117       1.479       0.000       1.479
     118       1.471       0.000       1.471
     119       1.486       0.000       1.486
     120       1.457       0.000       1.457
     121       1.440       0.000       1.440
     122       1.436       0.000       1.436
     123       1.438       0.000       1.438
     124       1.471       0.000       1.471
     125       1.465       0.000       1.465
     126       1.460       0.000       1.460
     127       1.433       0.000       1.433
     128       1.460       0.000       1.460
     129       1.431       0.000       1.431
     130       1.460       0.000       1.460
     131       1.452       0.000       1.452
     132       1.471       0.000       1.471
     133       1.455       0.000       1.455
     134       1.465       0.000       1.465
     135       1.477       0.000       1.477
     136       1.447       0.000       1.447
     137       1.461       0.000       1.461
     138       1.463       0.000       1.463
     139       1.463       0.000       1.463
     140       1.461       0.000       1.461
     141       1.445       0.000       1.445
     142       1.464       0.000       1.464
     143       1.469       0.000       1.469
     144       1.450       0.000       1.450
     145       1.433       0.000       1.433
     146       1.470       0.000       1.470
     147       1.461       0.000       1.461
     148       1.459       0.000       1.459
     149       1.468       0.000       1.468
     150       1.467       0.000       1.467
     151       1.462       0.000       1.462
     152       1.471       0.000       1.471
     153       1.498       0.000       1.498
     154       1.473       0.000       1.473
     155       1.448       0.000       1.448
     156       1.476       0.000       1.476
     157       1.453       0.000       1.453
     158       1.426       0.000       1.426
     159       1.448       0.000       1.448
     160       1.460       0.000       1.460
     161       1.447       0.000       1.447
     162       1.449       0.000       1.449
     163       1.458       0.000       1.458
     164       1.450       0.000       1.450
     165       1.455       0.000       1.455
     166       1.459       0.000       1.459
     167       1.465       0.000       1.465
     168       1.466       0.000       1.466
     169       1.453       0.000       1.453
     170       1.444       0.000       1.444
     171       1.440       0.000       1.440
     172       1.438       0.000       1.438
     173       1.460       0.000       1.460
     174       1.470       0.000       1.470
     175       1.451       0.000       1.451
     176       1.457       0.000       1.457
     177       1.477       0.000       1.477
     178       1.428       0.000       1.428
     179       1.460       0.000       1.460
     180       1.448       0.000       1.448
     181       1.452       0.000       1.452
     182       1.463       0.000       1.463
     183       1.472       0.000       1.472
     184       1.448       0.000       1.448
     185       1.412       0.000       1.412
     186       1.482       0.000       1.482
     187       1.459       0.000       1.459
     188       1.442       0.000       1.442
     189       1.463       0.000       1.463
     190       1.436       0.000       1.436
     191       1.454       0.000       1.454
     192       1.487       0.000       1.487
     193       1.481       0.000       1.481
     194       1.422       0.000       1.422
     195       1.423       0.000       1.423
     196       1.430       0.000       1.430
     197       1.458       0.000       1.458
     198       1.429       0.000       1.429
     199       1.482       0.000       1.482
     200       1.490       0.000       1.490
     201       1.441       0.000       1.441
     202       1.425       0.000       1.425
     203       1.424       0.000       1.424
     204       1.501       0.000       1.501
     205       1.454       0.000       1.454
     206       1.426       0.000       1.426
     207       1.434       0.000       1.434
     208       1.435       0.000       1.435
     209       1.430       0.000       1.430
     210       1.487       0.000       1.487
     211       1.495       0.000       1.495
     212       1.443       0.000       1.443
     213       1.450       0.000       1.450
     214       1.414       0.000       1.414
     215       1.448       0.000       1.448
     216       1.427       0.000       1.427
     217       1.442       0.000       1.442
     218       1.466       0.000       1.466
     219       1.460       0.000       1.460
     220       1.464       0.000       1.464
     221       1.462       0.000       1.462
     222       1.435       0.000       1.435
     223       1.439       0.000       1.439
     224       1.439       0.000       1.439
     225       1.446       0.000       1.446
     226       1.448       0.000       1.448
     227       1.433       0.000       1.433
     228       1.452       0.000       1.452
     229       1.447       0.000       1.447
     230       1.455       0.000       1.455
     231       1.461       0.000       1.461
     232       1.471       0.000       1.471
     233       1.457       0.000       1.457
     234       1.453       0.000       1.453
     235       1.458       0.000       1.458
     236       1.439       0.000       1.439
     237       1.486       0.000       1.486
     238       1.442       0.000       1.442
     239       1.453       0.000       1.453
     240       1.437       0.000       1.437
     241       1.452       0.000       1.452
     242       1.466       0.000       1.466
     243       1.437       0.000       1.437
     244       1.444       0.000       1.444
     245       1.446       0.000       1.446
     246       1.440       0.000       1.440
     247       1.445       0.000       1.445
     248       1.479       0.000       1.479
     249       1.453       0.000       1.453
     250       1.416       0.000       1.416
     251       1.421       0.000       1.421
     252       1.458       0.000       1.458
     253       1.489       0.000       1.489
     254       1.452       0.000       1.452
     255       1.451       0.000       1.451
     256       1.443       0.000       1.443
     257       1.467       0.000       1.467
     258       1.449       0.000       1.449
     259       1.439       0.000       1.439
     260       1.420       0.000       1.420
     261       1.428       0.000       1.428
     262       1.461       0.000       1.461
     263       1.425       0.000       1.425
     264       1.407       0.000       1.407
     265       1.418       0.000       1.418
     266       1.451       0.000       1.451
     267       1.447       0.000       1.447
     268       1.450       0.000       1.450
     269       1.441       0.000       1.441
     270       1.470       0.000       1.470
     271       1.431       0.000       1.431
     272       1.442       0.000       1.442
     273       1.431       0.000       1.431
     274       1.437       0.000       1.437
     275       1.440       0.000       1.440
     276       1.423       0.000       1.423
     277       1.421       0.000       1.421
     278       1.457       0.000       1.457
     279       1.444       0.000       1.444
     280       1.450       0.000       1.450
     281       1.433       0.000       1.433
     282       1.447       0.000       1.447
     283       1.463       0.000       1.463
     284       1.415       0.000       1.415
     285       1.460       0.000       1.460
     286       1.438       0.000       1.438
     287       1.470       0.000       1.470
     288       1.447       0.000       1.447
     289       1.445       0.000       1.445
     290       1.430       0.000       1.430
     291       1.452       0.000       1.452
     292       1.454       0.000       1.454
     293       1.460       0.000       1.460
     294       1.437       0.000       1.437
     295       1.434       0.000       1.434
     296       1.463       0.000       1.463
     297       1.439       0.000       1.439
     298       1.441       0.000       1.441
     299       1.459       0.000       1.459
     300       1.448       0.000       1.448
 
 
    Printing MC power distribution
 
    Printing MC ADJOINT FLUX (IFP-based) distribution
